[ 10%] Built target PreprocessNode
[ 35%] [32mBuilding CXX object CMakeFiles/PoseGraphOptimizer.dir/src/PoseGraphOptimizer.cpp.o[0m
[ 45%] Built target LandmarkGraphNode
[ 45%] Built target LandmarkTransformermapNode
[ 45%] Built target LandmarkTransformerNode
[ 55%] Built target RansacLineExtractionNode
[ 85%] Built target ScanTransformer
[ 85%] Built target ScanAccumulator
[ 85%] Built target IncrementalLineFittingNode
[ 95%] Built target HoughLineFittingNode
[01m[K/home/kvothe/ros/src/cppp/src/PoseGraphOptimizer.cpp:[m[K In member function â€˜[01m[Kvoid PoseGraphOptimizer::optimizeGraph()[m[Kâ€™:
[01m[K/home/kvothe/ros/src/cppp/src/PoseGraphOptimizer.cpp:104:34:[m[K [01;31m[Kerror: [m[Kâ€˜[01m[Kcost_function[m[Kâ€™ was not declared in this scope; did you mean â€˜[01m[Kloss_function[m[Kâ€™?
  104 |         problem.AddResidualBlock([01;31m[Kcost_function[m[K, loss_function,
      |                                  [01;31m[K^~~~~~~~~~~~~[m[K
      |                                  [32m[Kloss_function[m[K
[01m[K/home/kvothe/ros/src/cppp/src/PoseGraphOptimizer.cpp:105:43:[m[K [01;31m[Kerror: [m[Kâ€˜[01m[Kconstraint[m[Kâ€™ was not declared in this scope
  105 |                          pose_parameters_[[01;31m[Kconstraint[m[K.pose1_id].data(),
      |                                           [01;31m[K^~~~~~~~~~[m[K
gmake[2]: *** [CMakeFiles/PoseGraphOptimizer.dir/build.make:76: CMakeFiles/PoseGraphOptimizer.dir/src/PoseGraphOptimizer.cpp.o] Error 1
gmake[1]: *** [CMakeFiles/Makefile2:389: CMakeFiles/PoseGraphOptimizer.dir/all] Error 2
gmake: *** [Makefile:146: all] Error 2
