[0.018s] Invoking command in '/home/kvothe/ros/build/cppp': CMAKE_PREFIX_PATH=/home/kvothe/ros/install/messages:/home/kvothe/ros/install/ros_bringup:/home/kvothe/ros/install/ros_gazebo:/home/kvothe/ros/install/robot_description:/home/kvothe/ros/install/cppp:/home/kvothe/ros/install/soma:/home/kvothe/ros/install/sensor_management:/home/kvothe/ros/install/robot_control:/opt/ros/humble /usr/bin/cmake --build /home/kvothe/ros/build/cppp -- -j12 -l12
[0.276s] [ 10%] Built target PreprocessNode
[0.276s] [ 35%] [32mBuilding CXX object CMakeFiles/PoseGraphOptimizer.dir/src/PoseGraphOptimizer.cpp.o[0m
[0.276s] [ 45%] Built target LandmarkGraphNode
[0.276s] [ 45%] Built target LandmarkTransformermapNode
[0.277s] [ 45%] Built target LandmarkTransformerNode
[0.277s] [ 55%] Built target RansacLineExtractionNode
[0.277s] [ 85%] Built target ScanTransformer
[0.277s] [ 85%] Built target ScanAccumulator
[0.277s] [ 85%] Built target IncrementalLineFittingNode
[0.278s] [ 95%] Built target HoughLineFittingNode
[2.917s] [01m[K/home/kvothe/ros/src/cppp/src/PoseGraphOptimizer.cpp:[m[K In member function â€˜[01m[Kvoid PoseGraphOptimizer::optimizeGraph()[m[Kâ€™:
[2.917s] [01m[K/home/kvothe/ros/src/cppp/src/PoseGraphOptimizer.cpp:104:34:[m[K [01;31m[Kerror: [m[Kâ€˜[01m[Kcost_function[m[Kâ€™ was not declared in this scope; did you mean â€˜[01m[Kloss_function[m[Kâ€™?
[2.917s]   104 |         problem.AddResidualBlock([01;31m[Kcost_function[m[K, loss_function,
[2.917s]       |                                  [01;31m[K^~~~~~~~~~~~~[m[K
[2.917s]       |                                  [32m[Kloss_function[m[K
[2.924s] [01m[K/home/kvothe/ros/src/cppp/src/PoseGraphOptimizer.cpp:105:43:[m[K [01;31m[Kerror: [m[Kâ€˜[01m[Kconstraint[m[Kâ€™ was not declared in this scope
[2.924s]   105 |                          pose_parameters_[[01;31m[Kconstraint[m[K.pose1_id].data(),
[2.924s]       |                                           [01;31m[K^~~~~~~~~~[m[K
[6.016s] gmake[2]: *** [CMakeFiles/PoseGraphOptimizer.dir/build.make:76: CMakeFiles/PoseGraphOptimizer.dir/src/PoseGraphOptimizer.cpp.o] Error 1
[6.016s] gmake[1]: *** [CMakeFiles/Makefile2:389: CMakeFiles/PoseGraphOptimizer.dir/all] Error 2
[6.017s] gmake: *** [Makefile:146: all] Error 2
[6.023s] Invoked command in '/home/kvothe/ros/build/cppp' returned '2': CMAKE_PREFIX_PATH=/home/kvothe/ros/install/messages:/home/kvothe/ros/install/ros_bringup:/home/kvothe/ros/install/ros_gazebo:/home/kvothe/ros/install/robot_description:/home/kvothe/ros/install/cppp:/home/kvothe/ros/install/soma:/home/kvothe/ros/install/sensor_management:/home/kvothe/ros/install/robot_control:/opt/ros/humble /usr/bin/cmake --build /home/kvothe/ros/build/cppp -- -j12 -l12
