[0.013s] Invoking command in '/home/kvothe/ros/build/cppp': CMAKE_PREFIX_PATH=/home/kvothe/ros/install/messages:/home/kvothe/ros/install/ros_bringup:/home/kvothe/ros/install/ros_gazebo:/home/kvothe/ros/install/robot_description:/home/kvothe/ros/install/cppp:/home/kvothe/ros/install/soma:/home/kvothe/ros/install/sensor_management:/home/kvothe/ros/install/robot_control:/opt/ros/humble /usr/bin/cmake --build /home/kvothe/ros/build/cppp -- -j12 -l12
[0.051s] -- Found ament_cmake: 1.3.11 (/opt/ros/humble/share/ament_cmake/cmake)
[0.168s] -- Found rclcpp: 16.0.12 (/opt/ros/humble/share/rclcpp/cmake)
[0.195s] -- Found rosidl_generator_c: 3.1.6 (/opt/ros/humble/share/rosidl_generator_c/cmake)
[0.197s] -- Found rosidl_adapter: 3.1.6 (/opt/ros/humble/share/rosidl_adapter/cmake)
[0.202s] -- Found rosidl_generator_cpp: 3.1.6 (/opt/ros/humble/share/rosidl_generator_cpp/cmake)
[0.211s] -- Using all available rosidl_typesupport_c: rosidl_typesupport_fastrtps_c;rosidl_typesupport_introspection_c
[0.222s] -- Using all available rosidl_typesupport_cpp: rosidl_typesupport_fastrtps_cpp;rosidl_typesupport_introspection_cpp
[0.250s] -- Found rmw_implementation_cmake: 6.1.2 (/opt/ros/humble/share/rmw_implementation_cmake/cmake)
[0.252s] -- Found rmw_fastrtps_cpp: 6.2.7 (/opt/ros/humble/share/rmw_fastrtps_cpp/cmake)
[0.370s] -- Using RMW implementation 'rmw_fastrtps_cpp' as default
[0.412s] -- Found sensor_msgs: 4.8.0 (/opt/ros/humble/share/sensor_msgs/cmake)
[0.437s] -- Found nav_msgs: 4.8.0 (/opt/ros/humble/share/nav_msgs/cmake)
[0.451s] -- Found visualization_msgs: 4.8.0 (/opt/ros/humble/share/visualization_msgs/cmake)
[0.467s] -- Found messages: 0.0.0 (/home/kvothe/ros/install/messages/share/messages/cmake)
[0.480s] -- Found rosidl_default_generators: 1.2.0 (/opt/ros/humble/share/rosidl_default_generators/cmake)
[0.502s] -- GTSAM include directory:  /opt/ros/humble/lib/cmake/GTSAM/../../../include
[0.502s] -- Found pcl_conversions: 2.4.5 (/opt/ros/humble/share/pcl_conversions/cmake)
[0.538s] -- Eigen found (include: /usr/include/eigen3, version: 3.4.0)
[0.572s] -- FLANN found (include: /usr/include, lib: /usr/lib/x86_64-linux-gnu/libflann_cpp.so)
[0.917s] -- OpenNI found (version: 1.5.4.0, include: /usr/include/ni, lib: /usr/lib/libOpenNI.so;libusb::libusb)
[0.925s] -- OpenNI2 found (version: 2.2.0.33, include: /usr/include/openni2, lib: /usr/lib/x86_64-linux-gnu/libOpenNI2.so;libusb::libusb)
[1.087s] -- Eigen found (include: /usr/include/eigen3, version: 3.4.0)
[1.095s] -- OpenNI found (version: 1.5.4.0, include: /usr/include/ni, lib: /usr/lib/libOpenNI.so;libusb::libusb)
[1.102s] -- OpenNI2 found (version: 2.2.0.33, include: /usr/include/openni2, lib: /usr/lib/x86_64-linux-gnu/libOpenNI2.so;libusb::libusb)
[1.252s] -- Found Qhull version 8.0.2
[1.410s] -- OpenNI found (version: 1.5.4.0, include: /usr/include/ni, lib: /usr/lib/libOpenNI.so;libusb::libusb)
[1.580s] -- Found tf2: 0.25.12 (/opt/ros/humble/share/tf2/cmake)
[1.583s] -- Found tf2_geometry_msgs: 0.25.12 (/opt/ros/humble/share/tf2_geometry_msgs/cmake)
[1.586s] -- Found eigen3_cmake_module: 0.1.1 (/opt/ros/humble/share/eigen3_cmake_module/cmake)
[1.587s] -- Ensuring Eigen3 include directory is part of orocos-kdl CMake target
[1.654s] -- Found tf2_sensor_msgs: 0.25.12 (/opt/ros/humble/share/tf2_sensor_msgs/cmake)
[1.789s] -- Configuring done
[1.930s] -- Generating done
[1.976s] -- Build files have been written to: /home/kvothe/ros/build/cppp
[2.017s] [35m[1mConsolidate compiler generated dependencies of target PreprocessNode[0m
[2.019s] [35m[1mConsolidate compiler generated dependencies of target LandmarkTransformermapNode[0m
[2.019s] [35m[1mConsolidate compiler generated dependencies of target RansacLineExtractionNode[0m
[2.020s] [35m[1mConsolidate compiler generated dependencies of target LandmarkTransformerNode[0m
[2.021s] [35m[1mConsolidate compiler generated dependencies of target LandmarkGraphNode[0m
[2.021s] [35m[1mConsolidate compiler generated dependencies of target IncrementalLineFittingNode[0m
[2.021s] [35m[1mConsolidate compiler generated dependencies of target PoseGraphOptimizer[0m
[2.021s] [35m[1mConsolidate compiler generated dependencies of target ScanTransformer[0m
[2.021s] [35m[1mConsolidate compiler generated dependencies of target ScanAccumulator[0m
[2.021s] [35m[1mConsolidate compiler generated dependencies of target HoughLineFittingNode[0m
[2.038s] [  5%] [32mBuilding CXX object CMakeFiles/PreprocessNode.dir/src/PreprocessNode.cpp.o[0m
[2.049s] [ 30%] [32mBuilding CXX object CMakeFiles/LandmarkTransformermapNode.dir/src/LandmarkTransformermapNode.cpp.o[0m
[2.049s] [ 30%] [32mBuilding CXX object CMakeFiles/LandmarkGraphNode.dir/src/LandmarkGraphNode.cpp.o[0m
[2.049s] [ 30%] [32mBuilding CXX object CMakeFiles/PoseGraphOptimizer.dir/src/PoseGraphOptimizer.cpp.o[0m
[2.049s] [ 30%] [32mBuilding CXX object CMakeFiles/LandmarkTransformerNode.dir/src/LandmarkTransformerNode.cpp.o[0m
[2.049s] [ 35%] Built target ScanTransformer
[2.054s] [ 40%] [32mBuilding CXX object CMakeFiles/RansacLineExtractionNode.dir/src/RansacLineExtractionNode.cpp.o[0m
[2.058s] [ 45%] [32mBuilding CXX object CMakeFiles/IncrementalLineFittingNode.dir/src/IncrementalLineFittingNode.cpp.o[0m
[2.061s] [ 55%] [32mBuilding CXX object CMakeFiles/HoughLineFittingNode.dir/src/HoughLineFittingNode.cpp.o[0m
[2.061s] [ 55%] [32mBuilding CXX object CMakeFiles/ScanAccumulator.dir/src/ScanAccumulator.cpp.o[0m
[4.322s] In file included from [01m[K/home/kvothe/ros/src/cppp/src/PoseGraphOptimizer.cpp:6[m[K:
[4.322s] [01m[K/opt/ros/humble/include/gtsam/slam/BearingRangeFactor.h:18:2:[m[K [01;35m[Kwarning: [m[K#warning is a GCC extension
[4.322s]    18 | #[01;35m[Kwarning[m[K "BearingRangeFactor is now an ExpressionFactor in SAM directory"
[4.322s]       |  [01;35m[K^~~~~~~[m[K
[4.322s] [01m[K/opt/ros/humble/include/gtsam/slam/BearingRangeFactor.h:18:2:[m[K [01;35m[Kwarning: [m[K#warning "BearingRangeFactor is now an ExpressionFactor in SAM directory" [[01;35m[K]8;;https://gcc.gnu.org/onlinedocs/gcc/Warning-Options.html#index-Wcpp-Wcpp]8;;[m[K]
[5.003s] [01m[K/home/kvothe/ros/src/cppp/src/PoseGraphOptimizer.cpp:13:10:[m[K [01;31m[Kfatal error: [m[Kmessages/msg/landmark_node.hpp: No such file or directory
[5.003s]    13 | #include [01;31m[K<messages/msg/landmark_node.hpp>[m[K
[5.004s]       |          [01;31m[K^~~~~~~~~~~~~~~~~~~~~~~~~~~~~~~~[m[K
[5.004s] compilation terminated.
[5.036s] gmake[2]: *** [CMakeFiles/PoseGraphOptimizer.dir/build.make:76: CMakeFiles/PoseGraphOptimizer.dir/src/PoseGraphOptimizer.cpp.o] Error 1
[5.037s] gmake[1]: *** [CMakeFiles/Makefile2:389: CMakeFiles/PoseGraphOptimizer.dir/all] Error 2
[5.037s] gmake[1]: *** Waiting for unfinished jobs....
