[0.021s] Invoking command in '/home/kvothe/ros/build/cppp': CMAKE_PREFIX_PATH=/home/kvothe/ros/install/messages:/home/kvothe/ros/install/ros_bringup:/home/kvothe/ros/install/ros_gazebo:/home/kvothe/ros/install/robot_description:/home/kvothe/ros/install/cppp:/home/kvothe/ros/install/soma:/home/kvothe/ros/install/sensor_management:/home/kvothe/ros/install/robot_control:/opt/ros/humble /usr/bin/cmake --build /home/kvothe/ros/build/cppp -- -j12 -l12
[0.282s] [ 10%] Built target PreprocessNode
[0.282s] [ 20%] [32mBuilding CXX object CMakeFiles/PoseGraphOptimizer.dir/src/PoseGraphOptimizer.cpp.o[0m
[0.282s] [ 20%] [32mBuilding CXX object CMakeFiles/LandmarkTransformerNode.dir/src/LandmarkTransformerNode.cpp.o[0m
[0.282s] [ 30%] [32mBuilding CXX object CMakeFiles/LandmarkGraphNode.dir/src/LandmarkGraphNode.cpp.o[0m
[0.282s] [ 30%] [32mBuilding CXX object CMakeFiles/LandmarkTransformermapNode.dir/src/LandmarkTransformermapNode.cpp.o[0m
[0.282s] [ 40%] Built target ScanTransformer
[0.282s] [ 45%] [32mBuilding CXX object CMakeFiles/RansacLineExtractionNode.dir/src/RansacLineExtractionNode.cpp.o[0m
[0.282s] [ 60%] [32mBuilding CXX object CMakeFiles/IncrementalLineFittingNode.dir/src/IncrementalLineFittingNode.cpp.o[0m
[0.282s] [ 60%] Built target ScanAccumulator
[0.283s] [ 65%] [32mBuilding CXX object CMakeFiles/HoughLineFittingNode.dir/src/HoughLineFittingNode.cpp.o[0m
[4.059s] [01m[K/home/kvothe/ros/src/cppp/src/PoseGraphOptimizer.cpp:[m[K In member function â€˜[01m[Kvoid PoseGraphOptimizer::optimizeGraph()[m[Kâ€™:
[4.059s] [01m[K/home/kvothe/ros/src/cppp/src/PoseGraphOptimizer.cpp:267:52:[m[K [01;31m[Kerror: [m[Kâ€˜[01m[Kconst struct messages::msg::LandmarkConstraint_<std::allocator<void> >[m[Kâ€™ has no member named â€˜[01m[Kstart[m[Kâ€™
[4.059s]   267 |                 double x_start_global = constraint.[01;31m[Kstart[m[K.x;
[4.059s]       |                                                    [01;31m[K^~~~~[m[K
[4.059s] [01m[K/home/kvothe/ros/src/cppp/src/PoseGraphOptimizer.cpp:268:52:[m[K [01;31m[Kerror: [m[Kâ€˜[01m[Kconst struct messages::msg::LandmarkConstraint_<std::allocator<void> >[m[Kâ€™ has no member named â€˜[01m[Kstart[m[Kâ€™
[4.059s]   268 |                 double y_start_global = constraint.[01;31m[Kstart[m[K.y;
[4.059s]       |                                                    [01;31m[K^~~~~[m[K
[4.059s] [01m[K/home/kvothe/ros/src/cppp/src/PoseGraphOptimizer.cpp:270:50:[m[K [01;31m[Kerror: [m[Kâ€˜[01m[Kconst struct messages::msg::LandmarkConstraint_<std::allocator<void> >[m[Kâ€™ has no member named â€˜[01m[Kend[m[Kâ€™
[4.059s]   270 |                 double x_end_global = constraint.[01;31m[Kend[m[K.x;
[4.059s]       |                                                  [01;31m[K^~~[m[K
[4.059s] [01m[K/home/kvothe/ros/src/cppp/src/PoseGraphOptimizer.cpp:271:50:[m[K [01;31m[Kerror: [m[Kâ€˜[01m[Kconst struct messages::msg::LandmarkConstraint_<std::allocator<void> >[m[Kâ€™ has no member named â€˜[01m[Kend[m[Kâ€™
[4.060s]   271 |                 double y_end_global = constraint.[01;31m[Kend[m[K.y;
[4.060s]       |                                                  [01;31m[K^~~[m[K
[11.313s] [ 70%] [32m[1mLinking CXX executable LandmarkGraphNode[0m
[12.339s] [ 70%] Built target LandmarkGraphNode
[13.513s] gmake[2]: *** [CMakeFiles/PoseGraphOptimizer.dir/build.make:76: CMakeFiles/PoseGraphOptimizer.dir/src/PoseGraphOptimizer.cpp.o] Error 1
[13.514s] gmake[1]: *** [CMakeFiles/Makefile2:389: CMakeFiles/PoseGraphOptimizer.dir/all] Error 2
[13.514s] gmake[1]: *** Waiting for unfinished jobs....
[13.706s] [ 75%] [32m[1mLinking CXX executable LandmarkTransformermapNode[0m
[14.510s] [ 75%] Built target LandmarkTransformermapNode
[14.879s] [ 80%] [32m[1mLinking CXX executable LandmarkTransformerNode[0m
[15.852s] [ 80%] Built target LandmarkTransformerNode
[16.361s] [ 85%] [32m[1mLinking CXX executable IncrementalLineFittingNode[0m
[17.546s] [ 90%] [32m[1mLinking CXX executable HoughLineFittingNode[0m
[18.091s] [ 90%] Built target IncrementalLineFittingNode
[18.991s] [ 95%] [32m[1mLinking CXX executable RansacLineExtractionNode[0m
[19.224s] [ 95%] Built target HoughLineFittingNode
[20.796s] [ 95%] Built target RansacLineExtractionNode
[20.802s] gmake: *** [Makefile:146: all] Error 2
[20.863s] Invoked command in '/home/kvothe/ros/build/cppp' returned '2': CMAKE_PREFIX_PATH=/home/kvothe/ros/install/messages:/home/kvothe/ros/install/ros_bringup:/home/kvothe/ros/install/ros_gazebo:/home/kvothe/ros/install/robot_description:/home/kvothe/ros/install/cppp:/home/kvothe/ros/install/soma:/home/kvothe/ros/install/sensor_management:/home/kvothe/ros/install/robot_control:/opt/ros/humble /usr/bin/cmake --build /home/kvothe/ros/build/cppp -- -j12 -l12
