[0.026s] Invoking command in '/home/kvothe/ros/build/cppp': CMAKE_PREFIX_PATH=/home/kvothe/ros/install/messages:/home/kvothe/ros/install/ros_bringup:/home/kvothe/ros/install/ros_gazebo:/home/kvothe/ros/install/robot_description:/home/kvothe/ros/install/cppp:/home/kvothe/ros/install/soma:/home/kvothe/ros/install/sensor_management:/home/kvothe/ros/install/robot_control:/opt/ros/humble /usr/bin/cmake --build /home/kvothe/ros/build/cppp -- -j12 -l12
[0.301s] [35m[1mConsolidate compiler generated dependencies of target PoseGraphOptimizer[0m
[0.301s] [ 10%] Built target PreprocessNode
[0.301s] [ 30%] Built target LandmarkGraphNode
[0.301s] [ 30%] Built target LandmarkTransformermapNode
[0.301s] [ 40%] Built target ScanTransformer
[0.301s] [ 60%] Built target LandmarkTransformerNode
[0.301s] [ 60%] Built target RansacLineExtractionNode
[0.301s] [ 70%] Built target ScanAccumulator
[0.302s] [ 90%] Built target IncrementalLineFittingNode
[0.302s] [ 90%] Built target HoughLineFittingNode
[0.302s] [ 95%] [32mBuilding CXX object CMakeFiles/PoseGraphOptimizer.dir/src/PoseGraphOptimizer.cpp.o[0m
[3.123s] [01m[K/home/kvothe/ros/src/cppp/src/PoseGraphOptimizer.cpp:[m[K In member function â€˜[01m[Kvoid PoseGraphOptimizer::optimizeGraph()[m[Kâ€™:
[3.123s] [01m[K/home/kvothe/ros/src/cppp/src/PoseGraphOptimizer.cpp:78:104:[m[K [01;31m[Kerror: [m[Kno matching function for call to â€˜[01m[KPosePoseCost::PosePoseCost(const _dx_type&, const _dy_type&, const _dtheta_type&, const _covariance_type&)[m[Kâ€™
[3.123s]    78 |                 new PosePoseCost(constraint.dx, constraint.dy, constraint.dtheta, constraint.covariance[01;31m[K)[m[K);
[3.123s]       |                                                                                                        [01;31m[K^[m[K
[3.124s] [01m[K/home/kvothe/ros/src/cppp/src/PoseGraphOptimizer.cpp:10:5:[m[K [01;36m[Knote: [m[Kcandidate: â€˜[01m[KPosePoseCost::PosePoseCost(double, double, double, const std::array<double, 9>&)[m[Kâ€™
[3.124s]    10 |     [01;36m[KPosePoseCost[m[K(double dx, double dy, double dtheta, const std::array<double, 9>& covariance)
[3.124s]       |     [01;36m[K^~~~~~~~~~~~[m[K
[3.124s] [01m[K/home/kvothe/ros/src/cppp/src/PoseGraphOptimizer.cpp:10:84:[m[K [01;36m[Knote: [m[K  no known conversion for argument 4 from â€˜[01m[Kconst _covariance_type[m[Kâ€™ {aka â€˜[01m[Kconst std::array<float, 9>[m[Kâ€™} to â€˜[01m[Kconst std::array<double, 9>&[m[Kâ€™
[3.124s]    10 |     PosePoseCost(double dx, double dy, double dtheta, [01;36m[Kconst std::array<double, 9>& covariance[m[K)
[3.124s]       |                                                       [01;36m[K~~~~~~~~~~~~~~~~~~~~~~~~~~~~~^~~~~~~~~~[m[K
[3.124s] [01m[K/home/kvothe/ros/src/cppp/src/PoseGraphOptimizer.cpp:9:8:[m[K [01;36m[Knote: [m[Kcandidate: â€˜[01m[Kconstexpr PosePoseCost::PosePoseCost(const PosePoseCost&)[m[Kâ€™
[3.124s]     9 | struct [01;36m[KPosePoseCost[m[K {
[3.124s]       |        [01;36m[K^~~~~~~~~~~~[m[K
[3.124s] [01m[K/home/kvothe/ros/src/cppp/src/PoseGraphOptimizer.cpp:9:8:[m[K [01;36m[Knote: [m[K  candidate expects 1 argument, 4 provided
[3.125s] [01m[K/home/kvothe/ros/src/cppp/src/PoseGraphOptimizer.cpp:9:8:[m[K [01;36m[Knote: [m[Kcandidate: â€˜[01m[Kconstexpr PosePoseCost::PosePoseCost(PosePoseCost&&)[m[Kâ€™
[3.125s] [01m[K/home/kvothe/ros/src/cppp/src/PoseGraphOptimizer.cpp:9:8:[m[K [01;36m[Knote: [m[K  candidate expects 1 argument, 4 provided
[3.131s] [01m[K/home/kvothe/ros/src/cppp/src/PoseGraphOptimizer.cpp:93:93:[m[K [01;31m[Kerror: [m[Kno matching function for call to â€˜[01m[KLandmarkLandmarkCost::LandmarkLandmarkCost(const _dx_type&, const _dy_type&, const _covariance_type&)[m[Kâ€™
[3.131s]    93 |                 new LandmarkLandmarkCost(constraint.dx, constraint.dy, constraint.covariance[01;31m[K)[m[K);
[3.131s]       |                                                                                             [01;31m[K^[m[K
[3.131s] [01m[K/home/kvothe/ros/src/cppp/src/PoseGraphOptimizer.cpp:27:5:[m[K [01;36m[Knote: [m[Kcandidate: â€˜[01m[KLandmarkLandmarkCost::LandmarkLandmarkCost(double, double, const std::array<double, 4>&)[m[Kâ€™
[3.131s]    27 |     [01;36m[KLandmarkLandmarkCost[m[K(double dx, double dy, const std::array<double, 4>& covariance)
[3.131s]       |     [01;36m[K^~~~~~~~~~~~~~~~~~~~[m[K
[3.131s] [01m[K/home/kvothe/ros/src/cppp/src/PoseGraphOptimizer.cpp:27:77:[m[K [01;36m[Knote: [m[K  no known conversion for argument 3 from â€˜[01m[Kconst _covariance_type[m[Kâ€™ {aka â€˜[01m[Kconst std::array<float, 4>[m[Kâ€™} to â€˜[01m[Kconst std::array<double, 4>&[m[Kâ€™
[3.131s]    27 |     LandmarkLandmarkCost(double dx, double dy, [01;36m[Kconst std::array<double, 4>& covariance[m[K)
[3.132s]       |                                                [01;36m[K~~~~~~~~~~~~~~~~~~~~~~~~~~~~~^~~~~~~~~~[m[K
[3.132s] [01m[K/home/kvothe/ros/src/cppp/src/PoseGraphOptimizer.cpp:26:8:[m[K [01;36m[Knote: [m[Kcandidate: â€˜[01m[Kconstexpr LandmarkLandmarkCost::LandmarkLandmarkCost(const LandmarkLandmarkCost&)[m[Kâ€™
[3.132s]    26 | struct [01;36m[KLandmarkLandmarkCost[m[K {
[3.132s]       |        [01;36m[K^~~~~~~~~~~~~~~~~~~~[m[K
[3.132s] [01m[K/home/kvothe/ros/src/cppp/src/PoseGraphOptimizer.cpp:26:8:[m[K [01;36m[Knote: [m[K  candidate expects 1 argument, 3 provided
[3.132s] [01m[K/home/kvothe/ros/src/cppp/src/PoseGraphOptimizer.cpp:26:8:[m[K [01;36m[Knote: [m[Kcandidate: â€˜[01m[Kconstexpr LandmarkLandmarkCost::LandmarkLandmarkCost(LandmarkLandmarkCost&&)[m[Kâ€™
[3.132s] [01m[K/home/kvothe/ros/src/cppp/src/PoseGraphOptimizer.cpp:26:8:[m[K [01;36m[Knote: [m[K  candidate expects 1 argument, 3 provided
[6.131s] gmake[2]: *** [CMakeFiles/PoseGraphOptimizer.dir/build.make:76: CMakeFiles/PoseGraphOptimizer.dir/src/PoseGraphOptimizer.cpp.o] Error 1
[6.131s] gmake[1]: *** [CMakeFiles/Makefile2:389: CMakeFiles/PoseGraphOptimizer.dir/all] Error 2
[6.132s] gmake: *** [Makefile:146: all] Error 2
[6.135s] Invoked command in '/home/kvothe/ros/build/cppp' returned '2': CMAKE_PREFIX_PATH=/home/kvothe/ros/install/messages:/home/kvothe/ros/install/ros_bringup:/home/kvothe/ros/install/ros_gazebo:/home/kvothe/ros/install/robot_description:/home/kvothe/ros/install/cppp:/home/kvothe/ros/install/soma:/home/kvothe/ros/install/sensor_management:/home/kvothe/ros/install/robot_control:/opt/ros/humble /usr/bin/cmake --build /home/kvothe/ros/build/cppp -- -j12 -l12
