[0.040s] Invoking command in '/home/kvothe/ros/build/optim': CMAKE_PREFIX_PATH=/home/kvothe/ros/install/messages:/home/kvothe/ros/install/ros_bringup:/home/kvothe/ros/install/ros_gazebo:/home/kvothe/ros/install/robot_description:/home/kvothe/ros/install/optim:/home/kvothe/ros/install/cppp:/home/kvothe/ros/install/soma:/home/kvothe/ros/install/sensor_management:/home/kvothe/ros/install/robot_control:/opt/ros/humble /usr/bin/cmake --build /home/kvothe/ros/build/optim -- -j12 -l12
[0.518s] [35m[1mConsolidate compiler generated dependencies of target PoseGraphOptimizationNode[0m
[0.518s] [ 50%] Built target test_ceres
[0.518s] [ 75%] [32mBuilding CXX object CMakeFiles/PoseGraphOptimizationNode.dir/src/PoseGraphOptimizationNode.cpp.o[0m
[2.749s] [01m[K/home/kvothe/ros/src/optim/src/PoseGraphOptimizationNode.cpp:[m[K In member function â€˜[01m[Kvoid PoseGraphOptimizationNode::poseGraphCallback(messages::msg::PoseGraph_<std::allocator<void> >::SharedPtr)[m[Kâ€™:
[2.749s] [01m[K/home/kvothe/ros/src/optim/src/PoseGraphOptimizationNode.cpp:74:47:[m[K [01;31m[Kerror: [m[Kâ€˜[01m[Kusing element_type = struct messages::msg::PoseGraph_<std::allocator<void> >[m[Kâ€™ {aka â€˜[01m[Kstruct messages::msg::PoseGraph_<std::allocator<void> >[m[Kâ€™} has no member named â€˜[01m[Klandmark_landmark_constraints[m[Kâ€™; did you mean â€˜[01m[Kset__landmark_constraints[m[Kâ€™?
[2.750s]    74 |         for (const auto &ll_constraint : msg->[01;31m[Klandmark_landmark_constraints[m[K) {
[2.750s]       |                                               [01;31m[K^~~~~~~~~~~~~~~~~~~~~~~~~~~~~[m[K
[2.750s]       |                                               [32m[Kset__landmark_constraints[m[K
[2.752s] [01m[K/home/kvothe/ros/src/optim/src/PoseGraphOptimizationNode.cpp:97:25:[m[K [01;31m[Kerror: [m[Kâ€˜[01m[Kusing PoseGraph = struct messages::msg::PoseGraph_<std::allocator<void> >[m[Kâ€™ {aka â€˜[01m[Kstruct messages::msg::PoseGraph_<std::allocator<void> >[m[Kâ€™} has no member named â€˜[01m[Klandmark_landmark_constraints[m[Kâ€™; did you mean â€˜[01m[Kset__landmark_constraints[m[Kâ€™?
[2.752s]    97 |         optimized_graph.[01;31m[Klandmark_landmark_constraints[m[K = msg->landmark_landmark_constraints;  // âœ… Keep this!
[2.752s]       |                         [01;31m[K^~~~~~~~~~~~~~~~~~~~~~~~~~~~~[m[K
[2.753s]       |                         [32m[Kset__landmark_constraints[m[K
[2.753s] [01m[K/home/kvothe/ros/src/optim/src/PoseGraphOptimizationNode.cpp:97:62:[m[K [01;31m[Kerror: [m[Kâ€˜[01m[Kusing element_type = struct messages::msg::PoseGraph_<std::allocator<void> >[m[Kâ€™ {aka â€˜[01m[Kstruct messages::msg::PoseGraph_<std::allocator<void> >[m[Kâ€™} has no member named â€˜[01m[Klandmark_landmark_constraints[m[Kâ€™; did you mean â€˜[01m[Kset__landmark_constraints[m[Kâ€™?
[2.753s]    97 |         optimized_graph.landmark_landmark_constraints = msg->[01;31m[Klandmark_landmark_constraints[m[K;  // âœ… Keep this!
[2.753s]       |                                                              [01;31m[K^~~~~~~~~~~~~~~~~~~~~~~~~~~~~[m[K
[2.753s]       |                                                              [32m[Kset__landmark_constraints[m[K
[4.932s] gmake[2]: *** [CMakeFiles/PoseGraphOptimizationNode.dir/build.make:76: CMakeFiles/PoseGraphOptimizationNode.dir/src/PoseGraphOptimizationNode.cpp.o] Error 1
[4.933s] gmake[1]: *** [CMakeFiles/Makefile2:165: CMakeFiles/PoseGraphOptimizationNode.dir/all] Error 2
[4.933s] gmake: *** [Makefile:146: all] Error 2
[4.939s] Invoked command in '/home/kvothe/ros/build/optim' returned '2': CMAKE_PREFIX_PATH=/home/kvothe/ros/install/messages:/home/kvothe/ros/install/ros_bringup:/home/kvothe/ros/install/ros_gazebo:/home/kvothe/ros/install/robot_description:/home/kvothe/ros/install/optim:/home/kvothe/ros/install/cppp:/home/kvothe/ros/install/soma:/home/kvothe/ros/install/sensor_management:/home/kvothe/ros/install/robot_control:/opt/ros/humble /usr/bin/cmake --build /home/kvothe/ros/build/optim -- -j12 -l12
