[0.038s] Invoking command in '/home/kvothe/ros/build/cppp': CMAKE_PREFIX_PATH=/home/kvothe/ros/install/messages:/home/kvothe/ros/install/ros_bringup:/home/kvothe/ros/install/ros_gazebo:/home/kvothe/ros/install/robot_description:/home/kvothe/ros/install/cppp:/home/kvothe/ros/install/soma:/home/kvothe/ros/install/sensor_management:/home/kvothe/ros/install/robot_control:/opt/ros/humble /usr/bin/cmake --build /home/kvothe/ros/build/cppp -- -j12 -l12
[0.271s] [ 10%] Built target PreprocessNode
[0.271s] [35m[1mConsolidate compiler generated dependencies of target PoseGraphOptimizer[0m
[0.271s] [ 15%] [32mBuilding CXX object CMakeFiles/PoseGraphOptimizer.dir/src/PoseGraphOptimizer.cpp.o[0m
[7.922s] /home/kvothe/ros/src/cppp/src/PoseGraphOptimizer.cpp: In instantiation of â€˜[01m[Kbool PoseLandmarkCost::operator()(const T*, const T*, T*) const [with T = ceres::Jet<double, 5>][m[Kâ€™:
[7.922s] [01m[K/usr/include/ceres/internal/variadic_evaluate.h:57:17:[m[K   required from â€˜[01m[Kbool ceres::internal::VariadicEvaluateImpl(const Functor&, const T* const*, T*, std::false_type, std::integer_sequence<int, Indices ...>) [with Functor = PoseLandmarkCost; T = ceres::Jet<double, 5>; int ...Indices = {0, 1}; std::false_type = std::integral_constant<bool, false>][m[Kâ€™
[7.922s] [01m[K/usr/include/ceres/internal/variadic_evaluate.h:79:30:[m[K   required from â€˜[01m[Kbool ceres::internal::VariadicEvaluateImpl(const Functor&, const T* const*, T*, const void*) [with ParameterDims = ceres::internal::ParameterDims<false, 3, 2>; Functor = PoseLandmarkCost; T = ceres::Jet<double, 5>][m[Kâ€™
[7.923s] [01m[K/usr/include/ceres/internal/variadic_evaluate.h:108:45:[m[K   required from â€˜[01m[Kbool ceres::internal::VariadicEvaluate(const Functor&, const T* const*, T*) [with ParameterDims = ceres::internal::ParameterDims<false, 3, 2>; Functor = PoseLandmarkCost; T = ceres::Jet<double, 5>][m[Kâ€™
[7.923s] [01m[K/usr/include/ceres/internal/autodiff.h:351:39:[m[K   required from â€˜[01m[Kbool ceres::internal::AutoDifferentiate(const Functor&, const T* const*, int, T*, T**) [with int kNumResiduals = 2; ParameterDims = ceres::internal::ParameterDims<false, 3, 2>; Functor = PoseLandmarkCost; T = double][m[Kâ€™
[7.923s] [01m[K/usr/include/ceres/autodiff_cost_function.h:210:69:[m[K   required from â€˜[01m[Kbool ceres::AutoDiffCostFunction<CostFunctor, kNumResiduals, Ns>::Evaluate(const double* const*, double*, double**) const [with CostFunctor = PoseLandmarkCost; int kNumResiduals = 2; int ...Ns = {3, 2}][m[Kâ€™
[7.923s] [01m[K/usr/include/ceres/autodiff_cost_function.h:200:8:[m[K   required from here
[7.923s] [01m[K/home/kvothe/ros/src/cppp/src/PoseGraphOptimizer.cpp:81:24:[m[K [01;31m[Kerror: [m[Kconversion from â€˜[01m[Kint[m[Kâ€™ to non-scalar type â€˜[01m[Kceres::Jet<double, 5>[m[Kâ€™ requested
[7.923s]    81 |             T theta  = [01;31m[K0[m[K;
[7.923s]       |                        [01;31m[K^[m[K
[9.305s] gmake[2]: *** [CMakeFiles/PoseGraphOptimizer.dir/build.make:76: CMakeFiles/PoseGraphOptimizer.dir/src/PoseGraphOptimizer.cpp.o] Error 1
[9.305s] gmake[1]: *** [CMakeFiles/Makefile2:389: CMakeFiles/PoseGraphOptimizer.dir/all] Error 2
[9.306s] gmake: *** [Makefile:146: all] Error 2
[9.312s] Invoked command in '/home/kvothe/ros/build/cppp' returned '2': CMAKE_PREFIX_PATH=/home/kvothe/ros/install/messages:/home/kvothe/ros/install/ros_bringup:/home/kvothe/ros/install/ros_gazebo:/home/kvothe/ros/install/robot_description:/home/kvothe/ros/install/cppp:/home/kvothe/ros/install/soma:/home/kvothe/ros/install/sensor_management:/home/kvothe/ros/install/robot_control:/opt/ros/humble /usr/bin/cmake --build /home/kvothe/ros/build/cppp -- -j12 -l12
