[0.022s] Invoking command in '/home/kvothe/ros/build/cppp': CMAKE_PREFIX_PATH=/home/kvothe/ros/install/messages:/home/kvothe/ros/install/ros_bringup:/home/kvothe/ros/install/ros_gazebo:/home/kvothe/ros/install/robot_description:/home/kvothe/ros/install/cppp:/home/kvothe/ros/install/soma:/home/kvothe/ros/install/sensor_management:/home/kvothe/ros/install/robot_control:/opt/ros/humble /usr/bin/cmake --build /home/kvothe/ros/build/cppp -- -j12 -l12
[0.303s] [35m[1mConsolidate compiler generated dependencies of target LandmarkTransformermapNode[0m
[0.303s] [35m[1mConsolidate compiler generated dependencies of target LandmarkTransformerNode[0m
[0.303s] [35m[1mConsolidate compiler generated dependencies of target RansacLineExtractionNode[0m
[0.303s] [35m[1mConsolidate compiler generated dependencies of target IncrementalLineFittingNode[0m
[0.303s] [35m[1mConsolidate compiler generated dependencies of target LandmarkGraphNode[0m
[0.304s] [35m[1mConsolidate compiler generated dependencies of target PoseGraphOptimizer[0m
[0.304s] [35m[1mConsolidate compiler generated dependencies of target HoughLineFittingNode[0m
[0.304s] [ 10%] Built target PreprocessNode
[0.304s] [ 20%] Built target LandmarkTransformermapNode
[0.304s] [ 45%] Built target LandmarkTransformerNode
[0.304s] [ 45%] [32mBuilding CXX object CMakeFiles/PoseGraphOptimizer.dir/src/PoseGraphOptimizer.cpp.o[0m
[0.304s] [ 45%] Built target ScanTransformer
[0.305s] [ 55%] Built target RansacLineExtractionNode
[0.305s] [ 65%] Built target LandmarkGraphNode
[0.305s] [ 75%] Built target ScanAccumulator
[0.305s] [ 85%] Built target IncrementalLineFittingNode
[0.305s] [ 95%] Built target HoughLineFittingNode
[3.394s] [01m[K/home/kvothe/ros/src/cppp/src/PoseGraphOptimizer.cpp:[m[K In member function â€˜[01m[Kvoid PoseGraphOptimizer::optimizeGraph()[m[Kâ€™:
[3.394s] [01m[K/home/kvothe/ros/src/cppp/src/PoseGraphOptimizer.cpp:267:52:[m[K [01;31m[Kerror: [m[Kâ€˜[01m[Kconst struct messages::msg::LandmarkConstraint_<std::allocator<void> >[m[Kâ€™ has no member named â€˜[01m[Kstart[m[Kâ€™
[3.394s]   267 |                 double x_start_global = constraint.[01;31m[Kstart[m[K.x;
[3.394s]       |                                                    [01;31m[K^~~~~[m[K
[3.394s] [01m[K/home/kvothe/ros/src/cppp/src/PoseGraphOptimizer.cpp:268:52:[m[K [01;31m[Kerror: [m[Kâ€˜[01m[Kconst struct messages::msg::LandmarkConstraint_<std::allocator<void> >[m[Kâ€™ has no member named â€˜[01m[Kstart[m[Kâ€™
[3.394s]   268 |                 double y_start_global = constraint.[01;31m[Kstart[m[K.y;
[3.394s]       |                                                    [01;31m[K^~~~~[m[K
[3.395s] [01m[K/home/kvothe/ros/src/cppp/src/PoseGraphOptimizer.cpp:270:50:[m[K [01;31m[Kerror: [m[Kâ€˜[01m[Kconst struct messages::msg::LandmarkConstraint_<std::allocator<void> >[m[Kâ€™ has no member named â€˜[01m[Kend[m[Kâ€™
[3.395s]   270 |                 double x_end_global = constraint.[01;31m[Kend[m[K.x;
[3.395s]       |                                                  [01;31m[K^~~[m[K
[3.395s] [01m[K/home/kvothe/ros/src/cppp/src/PoseGraphOptimizer.cpp:271:50:[m[K [01;31m[Kerror: [m[Kâ€˜[01m[Kconst struct messages::msg::LandmarkConstraint_<std::allocator<void> >[m[Kâ€™ has no member named â€˜[01m[Kend[m[Kâ€™
[3.395s]   271 |                 double y_end_global = constraint.[01;31m[Kend[m[K.y;
[3.395s]       |                                                  [01;31m[K^~~[m[K
[10.431s] gmake[2]: *** [CMakeFiles/PoseGraphOptimizer.dir/build.make:76: CMakeFiles/PoseGraphOptimizer.dir/src/PoseGraphOptimizer.cpp.o] Error 1
[10.431s] gmake[1]: *** [CMakeFiles/Makefile2:389: CMakeFiles/PoseGraphOptimizer.dir/all] Error 2
[10.432s] gmake: *** [Makefile:146: all] Error 2
[10.440s] Invoked command in '/home/kvothe/ros/build/cppp' returned '2': CMAKE_PREFIX_PATH=/home/kvothe/ros/install/messages:/home/kvothe/ros/install/ros_bringup:/home/kvothe/ros/install/ros_gazebo:/home/kvothe/ros/install/robot_description:/home/kvothe/ros/install/cppp:/home/kvothe/ros/install/soma:/home/kvothe/ros/install/sensor_management:/home/kvothe/ros/install/robot_control:/opt/ros/humble /usr/bin/cmake --build /home/kvothe/ros/build/cppp -- -j12 -l12
