[35m[1mConsolidate compiler generated dependencies of target PoseGraphOptimizer[0m
[ 10%] Built target PreprocessNode
[ 20%] Built target LandmarkTransformermapNode
[ 30%] Built target LandmarkGraphNode
[ 60%] Built target IncrementalLineFittingNode
[ 60%] Built target ScanTransformer
[ 60%] Built target LandmarkTransformerNode
[ 70%] Built target HoughLineFittingNode
[ 80%] Built target RansacLineExtractionNode
[ 90%] Built target ScanAccumulator
[ 95%] [32mBuilding CXX object CMakeFiles/PoseGraphOptimizer.dir/src/PoseGraphOptimizer.cpp.o[0m
[01m[K/home/kvothe/ros/src/cppp/src/PoseGraphOptimizer.cpp:[m[K In function â€˜[01m[Kint main(int, char**)[m[Kâ€™:
[01m[K/home/kvothe/ros/src/cppp/src/PoseGraphOptimizer.cpp:141:5:[m[K [01;31m[Kerror: [m[Kâ€˜[01m[Krclpy[m[Kâ€™ has not been declared
  141 |     [01;31m[Krclpy[m[K::init(argc, argv);
      |     [01;31m[K^~~~~[m[K
[01m[K/home/kvothe/ros/src/cppp/src/PoseGraphOptimizer.cpp:143:5:[m[K [01;31m[Kerror: [m[Kâ€˜[01m[Krclpy[m[Kâ€™ has not been declared
  143 |     [01;31m[Krclpy[m[K::spin(node);
      |     [01;31m[K^~~~~[m[K
[01m[K/home/kvothe/ros/src/cppp/src/PoseGraphOptimizer.cpp:144:5:[m[K [01;31m[Kerror: [m[Kâ€˜[01m[Krclpy[m[Kâ€™ has not been declared
  144 |     [01;31m[Krclpy[m[K::shutdown();
      |     [01;31m[K^~~~~[m[K
gmake[2]: *** [CMakeFiles/PoseGraphOptimizer.dir/build.make:76: CMakeFiles/PoseGraphOptimizer.dir/src/PoseGraphOptimizer.cpp.o] Error 1
gmake[1]: *** [CMakeFiles/Makefile2:389: CMakeFiles/PoseGraphOptimizer.dir/all] Error 2
gmake: *** [Makefile:146: all] Error 2
