[0.025s] Invoking command in '/home/kvothe/ros/build/cppp': CMAKE_PREFIX_PATH=/home/kvothe/ros/install/messages:/home/kvothe/ros/install/ros_bringup:/home/kvothe/ros/install/ros_gazebo:/home/kvothe/ros/install/robot_description:/home/kvothe/ros/install/cppp:/home/kvothe/ros/install/soma:/home/kvothe/ros/install/sensor_management:/home/kvothe/ros/install/robot_control:/opt/ros/humble /usr/bin/cmake --build /home/kvothe/ros/build/cppp -- -j12 -l12
[0.319s] [35m[1mConsolidate compiler generated dependencies of target PoseGraphOptimizer[0m
[0.319s] [ 10%] Built target PreprocessNode
[0.319s] [ 20%] Built target LandmarkTransformermapNode
[0.319s] [ 30%] Built target LandmarkGraphNode
[0.320s] [ 60%] Built target IncrementalLineFittingNode
[0.321s] [ 60%] Built target ScanTransformer
[0.321s] [ 60%] Built target LandmarkTransformerNode
[0.321s] [ 70%] Built target HoughLineFittingNode
[0.321s] [ 80%] Built target RansacLineExtractionNode
[0.321s] [ 90%] Built target ScanAccumulator
[0.322s] [ 95%] [32mBuilding CXX object CMakeFiles/PoseGraphOptimizer.dir/src/PoseGraphOptimizer.cpp.o[0m
[3.181s] [01m[K/home/kvothe/ros/src/cppp/src/PoseGraphOptimizer.cpp:[m[K In function â€˜[01m[Kint main(int, char**)[m[Kâ€™:
[3.181s] [01m[K/home/kvothe/ros/src/cppp/src/PoseGraphOptimizer.cpp:141:5:[m[K [01;31m[Kerror: [m[Kâ€˜[01m[Krclpy[m[Kâ€™ has not been declared
[3.182s]   141 |     [01;31m[Krclpy[m[K::init(argc, argv);
[3.182s]       |     [01;31m[K^~~~~[m[K
[3.183s] [01m[K/home/kvothe/ros/src/cppp/src/PoseGraphOptimizer.cpp:143:5:[m[K [01;31m[Kerror: [m[Kâ€˜[01m[Krclpy[m[Kâ€™ has not been declared
[3.184s]   143 |     [01;31m[Krclpy[m[K::spin(node);
[3.184s]       |     [01;31m[K^~~~~[m[K
[3.184s] [01m[K/home/kvothe/ros/src/cppp/src/PoseGraphOptimizer.cpp:144:5:[m[K [01;31m[Kerror: [m[Kâ€˜[01m[Krclpy[m[Kâ€™ has not been declared
[3.184s]   144 |     [01;31m[Krclpy[m[K::shutdown();
[3.184s]       |     [01;31m[K^~~~~[m[K
[6.444s] gmake[2]: *** [CMakeFiles/PoseGraphOptimizer.dir/build.make:76: CMakeFiles/PoseGraphOptimizer.dir/src/PoseGraphOptimizer.cpp.o] Error 1
[6.445s] gmake[1]: *** [CMakeFiles/Makefile2:389: CMakeFiles/PoseGraphOptimizer.dir/all] Error 2
[6.446s] gmake: *** [Makefile:146: all] Error 2
[6.452s] Invoked command in '/home/kvothe/ros/build/cppp' returned '2': CMAKE_PREFIX_PATH=/home/kvothe/ros/install/messages:/home/kvothe/ros/install/ros_bringup:/home/kvothe/ros/install/ros_gazebo:/home/kvothe/ros/install/robot_description:/home/kvothe/ros/install/cppp:/home/kvothe/ros/install/soma:/home/kvothe/ros/install/sensor_management:/home/kvothe/ros/install/robot_control:/opt/ros/humble /usr/bin/cmake --build /home/kvothe/ros/build/cppp -- -j12 -l12
