[0.019s] Invoking command in '/home/kvothe/ros/build/cppp': CMAKE_PREFIX_PATH=/home/kvothe/ros/install/messages:/home/kvothe/ros/install/ros_bringup:/home/kvothe/ros/install/ros_gazebo:/home/kvothe/ros/install/robot_description:/home/kvothe/ros/install/cppp:/home/kvothe/ros/install/soma:/home/kvothe/ros/install/sensor_management:/home/kvothe/ros/install/robot_control:/opt/ros/humble /usr/bin/cmake --build /home/kvothe/ros/build/cppp -- -j12 -l12
[0.281s] [35m[1mConsolidate compiler generated dependencies of target PoseGraphOptimizer[0m
[0.281s] [ 10%] Built target PreprocessNode
[0.281s] [ 20%] Built target LandmarkGraphNode
[0.282s] [ 30%] Built target LandmarkTransformermapNode
[0.282s] [ 50%] Built target ScanTransformer
[0.282s] [ 50%] Built target LandmarkTransformerNode
[0.282s] [ 70%] Built target IncrementalLineFittingNode
[0.282s] [ 65%] Built target RansacLineExtractionNode
[0.282s] [ 75%] [32mBuilding CXX object CMakeFiles/PoseGraphOptimizer.dir/src/PoseGraphOptimizer.cpp.o[0m
[0.282s] [ 85%] Built target ScanAccumulator
[0.283s] [ 95%] Built target HoughLineFittingNode
[3.081s] [01m[K/home/kvothe/ros/src/cppp/src/PoseGraphOptimizer.cpp:[m[K In member function â€˜[01m[Kvoid PoseGraphOptimizer::optimizeGraph()[m[Kâ€™:
[3.081s] [01m[K/home/kvothe/ros/src/cppp/src/PoseGraphOptimizer.cpp:162:32:[m[K [01;31m[Kerror: [m[Kâ€˜[01m[Kpose_nodes[m[Kâ€™ was not declared in this scope
[3.081s]   162 |         for (size_t i = 0; i < [01;31m[Kpose_nodes[m[K.size(); ++i) {
[3.081s]       |                                [01;31m[K^~~~~~~~~~[m[K
[3.089s] [01m[K/home/kvothe/ros/src/cppp/src/PoseGraphOptimizer.cpp:163:31:[m[K [01;31m[Kerror: [m[Kâ€˜[01m[Koptimized_poses[m[Kâ€™ was not declared in this scope
[3.089s]   163 |             pose_nodes[i].x = [01;31m[Koptimized_poses[m[K[i][0];
[3.089s]       |                               [01;31m[K^~~~~~~~~~~~~~~[m[K
[3.096s] [01m[K/home/kvothe/ros/src/cppp/src/PoseGraphOptimizer.cpp:168:32:[m[K [01;31m[Kerror: [m[Kâ€˜[01m[Klandmarks[m[Kâ€™ was not declared in this scope; did you mean â€˜[01m[Klandmarks_sub_[m[Kâ€™?
[3.096s]   168 |         for (size_t i = 0; i < [01;31m[Klandmarks[m[K.size(); ++i) {
[3.096s]       |                                [01;31m[K^~~~~~~~~[m[K
[3.096s]       |                                [32m[Klandmarks_sub_[m[K
[3.104s] [01m[K/home/kvothe/ros/src/cppp/src/PoseGraphOptimizer.cpp:169:32:[m[K [01;31m[Kerror: [m[Kâ€˜[01m[Koptimized_landmarks[m[Kâ€™ was not declared in this scope; did you mean â€˜[01m[Koptimized_landmarks_pub_[m[Kâ€™?
[3.104s]   169 |             landmarks[i].rho = [01;31m[Koptimized_landmarks[m[K[i][0];
[3.104s]       |                                [01;31m[K^~~~~~~~~~~~~~~~~~~[m[K
[3.104s]       |                                [32m[Koptimized_landmarks_pub_[m[K
[8.237s] gmake[2]: *** [CMakeFiles/PoseGraphOptimizer.dir/build.make:76: CMakeFiles/PoseGraphOptimizer.dir/src/PoseGraphOptimizer.cpp.o] Error 1
[8.237s] gmake[1]: *** [CMakeFiles/Makefile2:389: CMakeFiles/PoseGraphOptimizer.dir/all] Error 2
[8.237s] gmake: *** [Makefile:146: all] Error 2
[8.241s] Invoked command in '/home/kvothe/ros/build/cppp' returned '2': CMAKE_PREFIX_PATH=/home/kvothe/ros/install/messages:/home/kvothe/ros/install/ros_bringup:/home/kvothe/ros/install/ros_gazebo:/home/kvothe/ros/install/robot_description:/home/kvothe/ros/install/cppp:/home/kvothe/ros/install/soma:/home/kvothe/ros/install/sensor_management:/home/kvothe/ros/install/robot_control:/opt/ros/humble /usr/bin/cmake --build /home/kvothe/ros/build/cppp -- -j12 -l12
