[0.012s] Invoking command in '/home/kvothe/ros/build/solver': CMAKE_PREFIX_PATH=${CMAKE_PREFIX_PATH}:/home/kvothe/ros/install/soma:/home/kvothe/ros/install/sensor_management:/home/kvothe/ros/install/robot_control:/opt/ros/humble /usr/bin/cmake --build /home/kvothe/ros/build/solver -- -j12 -l12
[0.076s] [ 50%] [32mBuilding CXX object CMakeFiles/test_g2o.dir/src/test_g2o.cpp.o[0m
[3.440s] [01m[K/home/kvothe/ros/src/solver/src/test_g2o.cpp:[m[K In constructor â€˜[01m[KG2OTestNode::G2OTestNode()[m[Kâ€™:
[3.440s] [01m[K/home/kvothe/ros/src/solver/src/test_g2o.cpp:20:114:[m[K [01;31m[Kerror: [m[Kâ€˜[01m[KPose3D[m[Kâ€™ is not a member of â€˜[01m[Kg2o[m[Kâ€™
[3.440s]    20 |     auto linearSolver = std::make_unique<g2o::LinearSolverDense<g2o::BlockSolver<g2o::BlockSolverTraits<g2o::[01;31m[KPose3D[m[K>>::PoseMatrixType>>();
[3.441s]       |                                                                                                              [01;31m[K^~~~~~[m[K
[3.441s] 
[3.441s] [01m[K/home/kvothe/ros/src/solver/src/test_g2o.cpp:20:114:[m[K [01;31m[Kerror: [m[Kwrong number of template arguments (1, should be 2)
[3.441s] In file included from [01m[K/home/kvothe/ros/src/solver/src/test_g2o.cpp:7[m[K:
[3.441s] [01m[K/usr/local/include/g2o/core/block_solver.h:48:8:[m[K [01;36m[Knote: [m[Kprovided for â€˜[01m[Ktemplate<int _PoseDim, int _LandmarkDim> struct g2o::BlockSolverTraits[m[Kâ€™
[3.441s]    48 | struct [01;36m[KBlockSolverTraits[m[K {
[3.442s]       |        [01;36m[K^~~~~~~~~~~~~~~~~[m[K
[3.442s] [01m[K/home/kvothe/ros/src/solver/src/test_g2o.cpp:20:120:[m[K [01;31m[Kerror: [m[Ktemplate argument 1 is invalid
[3.442s]    20 | to linearSolver = std::make_unique<g2o::LinearSolverDense<g2o::BlockSolver<g2o::BlockSolverTraits<g2o::Pose3D[01;31m[K>>[m[K::PoseMatrixType>>();
[3.442s]       |                                                                                                              [01;31m[K^~[m[K
[3.442s] 
[3.442s] [01m[K/home/kvothe/ros/src/solver/src/test_g2o.cpp:20:124:[m[K [01;31m[Kerror: [m[Ktemplate argument 1 is invalid
[3.442s]    20 | inearSolver = std::make_unique<g2o::LinearSolverDense<g2o::BlockSolver<g2o::BlockSolverTraits<g2o::Pose3D>>::[01;31m[KPoseMatrixType[m[K>>();
[3.442s]       |                                                                                                              [01;31m[K^~~~~~~~~~~~~~[m[K
[3.442s] 
[3.443s] [01m[K/home/kvothe/ros/src/solver/src/test_g2o.cpp:20:140:[m[K [01;31m[Kerror: [m[Kno matching function for call to â€˜[01m[Kmake_unique<<expression error> >()[m[Kâ€™
[3.443s]    20 | ver = [01;31m[Kstd::make_unique<g2o::LinearSolverDense<g2o::BlockSolver<g2o::BlockSolverTraits<g2o::Pose3D>>::PoseMatrixType>>()[m[K;
[3.443s]       |       [01;31m[K~~~~~~~~~~~~~~~~~~~~~~~~~~~~~~~~~~~~~~~~~~~~~~~~~~~~~~~~~~~~~~~~~~~~~~~~~~~~~~~~~~~~~~~~~~~~~~~~~~~~~~~~~~~~~~~^~[m[K
[3.443s] 
[3.443s] In file included from [01m[K/usr/include/c++/11/memory:76[m[K,
[3.443s]                  from [01m[K/opt/ros/humble/include/rclcpp/rclcpp/rclcpp.hpp:153[m[K,
[3.443s]                  from [01m[K/home/kvothe/ros/src/solver/src/test_g2o.cpp:1[m[K:
[3.443s] [01m[K/usr/include/c++/11/bits/unique_ptr.h:961:5:[m[K [01;36m[Knote: [m[Kcandidate: â€˜[01m[Ktemplate<class _Tp, class ... _Args> typename std::_MakeUniq<_Tp>::__single_object std::make_unique(_Args&& ...)[m[Kâ€™
[3.444s]   961 |     [01;36m[Kmake_unique[m[K(_Args&&... __args)
[3.444s]       |     [01;36m[K^~~~~~~~~~~[m[K
[3.444s] [01m[K/usr/include/c++/11/bits/unique_ptr.h:961:5:[m[K [01;36m[Knote: [m[K  template argument deduction/substitution failed:
[3.444s] [01m[K/home/kvothe/ros/src/solver/src/test_g2o.cpp:20:140:[m[K [01;31m[Kerror: [m[Ktemplate argument 1 is invalid
[3.444s]    20 | ver = [01;31m[Kstd::make_unique<g2o::LinearSolverDense<g2o::BlockSolver<g2o::BlockSolverTraits<g2o::Pose3D>>::PoseMatrixType>>()[m[K;
[3.444s]       |       [01;31m[K~~~~~~~~~~~~~~~~~~~~~~~~~~~~~~~~~~~~~~~~~~~~~~~~~~~~~~~~~~~~~~~~~~~~~~~~~~~~~~~~~~~~~~~~~~~~~~~~~~~~~~~~~~~~~~~^~[m[K
[3.444s] 
[3.444s] In file included from [01m[K/usr/include/c++/11/memory:76[m[K,
[3.444s]                  from [01m[K/opt/ros/humble/include/rclcpp/rclcpp/rclcpp.hpp:153[m[K,
[3.445s]                  from [01m[K/home/kvothe/ros/src/solver/src/test_g2o.cpp:1[m[K:
[3.445s] [01m[K/usr/include/c++/11/bits/unique_ptr.h:967:5:[m[K [01;36m[Knote: [m[Kcandidate: â€˜[01m[Ktemplate<class _Tp> typename std::_MakeUniq<_Tp>::__array std::make_unique(std::size_t)[m[Kâ€™
[3.445s]   967 |     [01;36m[Kmake_unique[m[K(size_t __num)
[3.445s]       |     [01;36m[K^~~~~~~~~~~[m[K
[3.445s] [01m[K/usr/include/c++/11/bits/unique_ptr.h:967:5:[m[K [01;36m[Knote: [m[K  template argument deduction/substitution failed:
[3.445s] [01m[K/home/kvothe/ros/src/solver/src/test_g2o.cpp:20:140:[m[K [01;31m[Kerror: [m[Ktemplate argument 1 is invalid
[3.445s]    20 | ver = [01;31m[Kstd::make_unique<g2o::LinearSolverDense<g2o::BlockSolver<g2o::BlockSolverTraits<g2o::Pose3D>>::PoseMatrixType>>()[m[K;
[3.445s]       |       [01;31m[K~~~~~~~~~~~~~~~~~~~~~~~~~~~~~~~~~~~~~~~~~~~~~~~~~~~~~~~~~~~~~~~~~~~~~~~~~~~~~~~~~~~~~~~~~~~~~~~~~~~~~~~~~~~~~~~^~[m[K
[3.445s] 
[3.446s] In file included from [01m[K/usr/include/c++/11/memory:76[m[K,
[3.446s]                  from [01m[K/opt/ros/humble/include/rclcpp/rclcpp/rclcpp.hpp:153[m[K,
[3.446s]                  from [01m[K/home/kvothe/ros/src/solver/src/test_g2o.cpp:1[m[K:
[3.446s] [01m[K/usr/include/c++/11/bits/unique_ptr.h:973:5:[m[K [01;36m[Knote: [m[Kcandidate: â€˜[01m[Ktemplate<class _Tp, class ... _Args> typename std::_MakeUniq<_Tp>::__invalid_type std::make_unique(_Args&& ...)[m[Kâ€™ (deleted)
[3.446s]   973 |     [01;36m[Kmake_unique[m[K(_Args&&...) = delete;
[3.446s]       |     [01;36m[K^~~~~~~~~~~[m[K
[3.446s] [01m[K/usr/include/c++/11/bits/unique_ptr.h:973:5:[m[K [01;36m[Knote: [m[K  template argument deduction/substitution failed:
[3.446s] [01m[K/home/kvothe/ros/src/solver/src/test_g2o.cpp:20:140:[m[K [01;31m[Kerror: [m[Ktemplate argument 1 is invalid
[3.446s]    20 | ver = [01;31m[Kstd::make_unique<g2o::LinearSolverDense<g2o::BlockSolver<g2o::BlockSolverTraits<g2o::Pose3D>>::PoseMatrixType>>()[m[K;
[3.447s]       |       [01;31m[K~~~~~~~~~~~~~~~~~~~~~~~~~~~~~~~~~~~~~~~~~~~~~~~~~~~~~~~~~~~~~~~~~~~~~~~~~~~~~~~~~~~~~~~~~~~~~~~~~~~~~~~~~~~~~~~^~[m[K
[3.447s] 
[3.447s] [01m[K/home/kvothe/ros/src/solver/src/test_g2o.cpp:23:90:[m[K [01;31m[Kerror: [m[Kâ€˜[01m[KPose3D[m[Kâ€™ is not a member of â€˜[01m[Kg2o[m[Kâ€™
[3.447s]    23 |         auto blockSolver = std::make_unique<g2o::BlockSolver<g2o::BlockSolverTraits<g2o::[01;31m[KPose3D[m[K>>>(std::move(linearSolver));
[3.447s]       |                                                                                          [01;31m[K^~~~~~[m[K
[3.447s] [01m[K/home/kvothe/ros/src/solver/src/test_g2o.cpp:23:90:[m[K [01;31m[Kerror: [m[Kwrong number of template arguments (1, should be 2)
[3.447s] In file included from [01m[K/home/kvothe/ros/src/solver/src/test_g2o.cpp:7[m[K:
[3.447s] [01m[K/usr/local/include/g2o/core/block_solver.h:48:8:[m[K [01;36m[Knote: [m[Kprovided for â€˜[01m[Ktemplate<int _PoseDim, int _LandmarkDim> struct g2o::BlockSolverTraits[m[Kâ€™
[3.447s]    48 | struct [01;36m[KBlockSolverTraits[m[K {
[3.448s]       |        [01;36m[K^~~~~~~~~~~~~~~~~[m[K
[3.448s] [01m[K/home/kvothe/ros/src/solver/src/test_g2o.cpp:23:96:[m[K [01;31m[Kerror: [m[Ktemplate argument 1 is invalid
[3.448s]    23 |         auto blockSolver = std::make_unique<g2o::BlockSolver<g2o::BlockSolverTraits<g2o::Pose3D[01;31m[K>>[m[K>(std::move(linearSolver));
[3.448s]       |                                                                                                [01;31m[K^~[m[K
[7.422s] gmake[2]: *** [CMakeFiles/test_g2o.dir/build.make:76: CMakeFiles/test_g2o.dir/src/test_g2o.cpp.o] Error 1
[7.423s] gmake[1]: *** [CMakeFiles/Makefile2:137: CMakeFiles/test_g2o.dir/all] Error 2
[7.423s] gmake: *** [Makefile:146: all] Error 2
[7.429s] Invoked command in '/home/kvothe/ros/build/solver' returned '2': CMAKE_PREFIX_PATH=${CMAKE_PREFIX_PATH}:/home/kvothe/ros/install/soma:/home/kvothe/ros/install/sensor_management:/home/kvothe/ros/install/robot_control:/opt/ros/humble /usr/bin/cmake --build /home/kvothe/ros/build/solver -- -j12 -l12
