[0.021s] Invoking command in '/home/kvothe/ros/build/cppp': CMAKE_PREFIX_PATH=/home/kvothe/ros/install/messages:/home/kvothe/ros/install/ros_bringup:/home/kvothe/ros/install/ros_gazebo:/home/kvothe/ros/install/robot_description:/home/kvothe/ros/install/cppp:/home/kvothe/ros/install/soma:/home/kvothe/ros/install/sensor_management:/home/kvothe/ros/install/robot_control:/opt/ros/humble /usr/bin/cmake --build /home/kvothe/ros/build/cppp -- -j12 -l12
[0.085s] [35m[1mConsolidate compiler generated dependencies of target PoseGraphOptimizer[0m
[0.105s] [ 10%] Built target LandmarkTransformermapNode
[0.105s] [ 20%] Built target PreprocessNode
[0.106s] [ 30%] Built target LandmarkGraphNode
[0.107s] [ 40%] Built target ScanTransformer
[0.111s] [ 60%] Built target LandmarkTransformerNode
[0.111s] [ 60%] Built target HoughLineFittingNode
[0.111s] [ 70%] Built target RansacLineExtractionNode
[0.113s] [ 75%] [32mBuilding CXX object CMakeFiles/PoseGraphOptimizer.dir/src/PoseGraphOptimizer.cpp.o[0m
[0.116s] [ 85%] Built target IncrementalLineFittingNode
[0.120s] [ 95%] Built target ScanAccumulator
[3.174s] [01m[K/home/kvothe/ros/src/cppp/src/PoseGraphOptimizer.cpp:[m[K In member function â€˜[01m[Kvoid PoseGraphOptimizer::optimizeGraph()[m[Kâ€™:
[3.174s] [01m[K/home/kvothe/ros/src/cppp/src/PoseGraphOptimizer.cpp:226:100:[m[K [01;31m[Kerror: [m[Kno matching function for call to â€˜[01m[KPosePoseCost::PosePoseCost(const _dx_type&, const _dy_type&, const _dtheta_type&, std::array<double, 9>&)[m[Kâ€™
[3.174s]   226 |                 new PosePoseCost(constraint.dx, constraint.dy, constraint.dtheta, scaled_covariance[01;31m[K)[m[K);
[3.174s]       |                                                                                                    [01;31m[K^[m[K
[3.174s] [01m[K/home/kvothe/ros/src/cppp/src/PoseGraphOptimizer.cpp:23:5:[m[K [01;36m[Knote: [m[Kcandidate: â€˜[01m[KPosePoseCost::PosePoseCost(double, double, double, const std::array<float, 9>&)[m[Kâ€™
[3.174s]    23 |     [01;36m[KPosePoseCost[m[K(double dx, double dy, double dtheta, const std::array<float, 9>& covariance)
[3.174s]       |     [01;36m[K^~~~~~~~~~~~[m[K
[3.174s] [01m[K/home/kvothe/ros/src/cppp/src/PoseGraphOptimizer.cpp:23:83:[m[K [01;36m[Knote: [m[K  no known conversion for argument 4 from â€˜[01m[Kstd::array<double, 9>[m[Kâ€™ to â€˜[01m[Kconst std::array<float, 9>&[m[Kâ€™
[3.175s]    23 |     PosePoseCost(double dx, double dy, double dtheta, [01;36m[Kconst std::array<float, 9>& covariance[m[K)
[3.175s]       |                                                       [01;36m[K~~~~~~~~~~~~~~~~~~~~~~~~~~~~^~~~~~~~~~[m[K
[3.175s] [01m[K/home/kvothe/ros/src/cppp/src/PoseGraphOptimizer.cpp:22:8:[m[K [01;36m[Knote: [m[Kcandidate: â€˜[01m[KPosePoseCost::PosePoseCost(const PosePoseCost&)[m[Kâ€™
[3.175s]    22 | struct [01;36m[KPosePoseCost[m[K {
[3.175s]       |        [01;36m[K^~~~~~~~~~~~[m[K
[3.175s] [01m[K/home/kvothe/ros/src/cppp/src/PoseGraphOptimizer.cpp:22:8:[m[K [01;36m[Knote: [m[K  candidate expects 1 argument, 4 provided
[3.175s] [01m[K/home/kvothe/ros/src/cppp/src/PoseGraphOptimizer.cpp:22:8:[m[K [01;36m[Knote: [m[Kcandidate: â€˜[01m[KPosePoseCost::PosePoseCost(PosePoseCost&&)[m[Kâ€™
[3.175s] [01m[K/home/kvothe/ros/src/cppp/src/PoseGraphOptimizer.cpp:22:8:[m[K [01;36m[Knote: [m[K  candidate expects 1 argument, 4 provided
[9.286s] gmake[2]: *** [CMakeFiles/PoseGraphOptimizer.dir/build.make:76: CMakeFiles/PoseGraphOptimizer.dir/src/PoseGraphOptimizer.cpp.o] Error 1
[9.286s] gmake[1]: *** [CMakeFiles/Makefile2:389: CMakeFiles/PoseGraphOptimizer.dir/all] Error 2
[9.286s] gmake: *** [Makefile:146: all] Error 2
[9.293s] Invoked command in '/home/kvothe/ros/build/cppp' returned '2': CMAKE_PREFIX_PATH=/home/kvothe/ros/install/messages:/home/kvothe/ros/install/ros_bringup:/home/kvothe/ros/install/ros_gazebo:/home/kvothe/ros/install/robot_description:/home/kvothe/ros/install/cppp:/home/kvothe/ros/install/soma:/home/kvothe/ros/install/sensor_management:/home/kvothe/ros/install/robot_control:/opt/ros/humble /usr/bin/cmake --build /home/kvothe/ros/build/cppp -- -j12 -l12
