[0.013s] Invoking command in '/home/kvothe/ros/build/solver': CMAKE_PREFIX_PATH=${CMAKE_PREFIX_PATH}:/home/kvothe/ros/install/soma:/home/kvothe/ros/install/sensor_management:/home/kvothe/ros/install/robot_control:/opt/ros/humble /usr/bin/cmake --build /home/kvothe/ros/build/solver -- -j12 -l12
[0.036s] -- Found ament_cmake: 1.3.11 (/opt/ros/humble/share/ament_cmake/cmake)
[0.181s] -- Found rclcpp: 16.0.11 (/opt/ros/humble/share/rclcpp/cmake)
[0.227s] -- Found rosidl_generator_c: 3.1.6 (/opt/ros/humble/share/rosidl_generator_c/cmake)
[0.229s] -- Found rosidl_adapter: 3.1.6 (/opt/ros/humble/share/rosidl_adapter/cmake)
[0.235s] -- Found rosidl_generator_cpp: 3.1.6 (/opt/ros/humble/share/rosidl_generator_cpp/cmake)
[0.243s] -- Using all available rosidl_typesupport_c: rosidl_typesupport_fastrtps_c;rosidl_typesupport_introspection_c
[0.254s] -- Using all available rosidl_typesupport_cpp: rosidl_typesupport_fastrtps_cpp;rosidl_typesupport_introspection_cpp
[0.283s] -- Found rmw_implementation_cmake: 6.1.2 (/opt/ros/humble/share/rmw_implementation_cmake/cmake)
[0.284s] -- Found rmw_fastrtps_cpp: 6.2.7 (/opt/ros/humble/share/rmw_fastrtps_cpp/cmake)
[0.404s] -- Using RMW implementation 'rmw_fastrtps_cpp' as default
[0.447s] [33mCMake Warning (dev) at /usr/share/cmake-3.22/Modules/FindOpenGL.cmake:315 (message):
[0.447s]   Policy CMP0072 is not set: FindOpenGL prefers GLVND by default when
[0.447s]   available.  Run "cmake --help-policy CMP0072" for policy details.  Use the
[0.447s]   cmake_policy command to set the policy and suppress this warning.
[0.448s] 
[0.448s]   FindOpenGL found both a legacy GL library:
[0.448s] 
[0.448s]     OPENGL_gl_LIBRARY: /usr/lib/x86_64-linux-gnu/libGL.so
[0.448s] 
[0.448s]   and GLVND libraries for OpenGL and GLX:
[0.448s] 
[0.448s]     OPENGL_opengl_LIBRARY: /usr/lib/x86_64-linux-gnu/libOpenGL.so
[0.448s]     OPENGL_glx_LIBRARY: /usr/lib/x86_64-linux-gnu/libGLX.so
[0.449s] 
[0.449s]   OpenGL_GL_PREFERENCE has not been set to "GLVND" or "LEGACY", so for
[0.449s]   compatibility with CMake 3.10 and below the legacy GL library will be used.
[0.449s] Call Stack (most recent call first):
[0.449s]   /usr/share/cmake-3.22/Modules/CMakeFindDependencyMacro.cmake:47 (find_package)
[0.449s]   /opt/ros/humble/lib/cmake/g2o/g2oConfig.cmake:4 (find_dependency)
[0.449s]   CMakeLists.txt:6 (find_package)
[0.449s] This warning is for project developers.  Use -Wno-dev to suppress it.
[0.449s] [0m
[0.521s] -- Configuring done
[0.529s] -- Generating done
[0.532s] -- Build files have been written to: /home/kvothe/ros/build/solver
[0.571s] [ 50%] [32mBuilding CXX object CMakeFiles/test_g2o.dir/src/test_g2o.cpp.o[0m
[3.877s] [01m[K/home/kvothe/ros/src/solver/src/test_g2o.cpp:[m[K In constructor â€˜[01m[Ktest_g2o::test_g2o()[m[Kâ€™:
[3.877s] [01m[K/home/kvothe/ros/src/solver/src/test_g2o.cpp:18:53:[m[K [01;31m[Kerror: [m[Kâ€˜[01m[KBlockSolverX[m[Kâ€™ is not a member of â€˜[01m[Kg2o[m[Kâ€™
[3.877s]    18 |         std::unique_ptr<g2o::LinearSolverDense<g2o::[01;31m[KBlockSolverX[m[K::PoseMatrixType>> linearSolver =
[3.878s]       |                                                     [01;31m[K^~~~~~~~~~~~[m[K
[3.878s] [01m[K/home/kvothe/ros/src/solver/src/test_g2o.cpp:18:81:[m[K [01;31m[Kerror: [m[Ktemplate argument 1 is invalid
[3.878s]    18 |         std::unique_ptr<g2o::LinearSolverDense<g2o::BlockSolverX::PoseMatrixType[01;31m[K>>[m[K linearSolver =
[3.878s]       |                                                                                 [01;31m[K^~[m[K
[3.878s] [01m[K/home/kvothe/ros/src/solver/src/test_g2o.cpp:19:89:[m[K [01;31m[Kerror: [m[Ktemplate argument 1 is invalid
[3.878s]    19 |             std::make_unique<g2o::LinearSolverDense<g2o::BlockSolverX::PoseMatrixType>>([01;31m[K)[m[K;
[3.878s]       |                                                                                         [01;31m[K^[m[K
[3.879s] [01m[K/home/kvothe/ros/src/solver/src/test_g2o.cpp:19:89:[m[K [01;31m[Kerror: [m[Ktemplate argument 2 is invalid
[3.879s] [01m[K/home/kvothe/ros/src/solver/src/test_g2o.cpp:20:30:[m[K [01;31m[Kerror: [m[Kâ€˜[01m[KBlockSolverX[m[Kâ€™ is not a member of â€˜[01m[Kg2o[m[Kâ€™
[3.879s]    20 |         std::unique_ptr<g2o::[01;31m[KBlockSolverX[m[K> blockSolver =
[3.879s]       |                              [01;31m[K^~~~~~~~~~~~[m[K
[3.879s] [01m[K/home/kvothe/ros/src/solver/src/test_g2o.cpp:20:42:[m[K [01;31m[Kerror: [m[Ktemplate argument 1 is invalid
[3.879s]    20 |         std::unique_ptr<g2o::BlockSolverX[01;31m[K>[m[K blockSolver =
[3.879s]       |                                          [01;31m[K^[m[K
[3.880s] [01m[K/home/kvothe/ros/src/solver/src/test_g2o.cpp:20:42:[m[K [01;31m[Kerror: [m[Ktemplate argument 2 is invalid
[3.880s] [01m[K/home/kvothe/ros/src/solver/src/test_g2o.cpp:21:35:[m[K [01;31m[Kerror: [m[Kâ€˜[01m[KBlockSolverX[m[Kâ€™ is not a member of â€˜[01m[Kg2o[m[Kâ€™
[3.880s]    21 |             std::make_unique<g2o::[01;31m[KBlockSolverX[m[K>(std::move(linearSolver));
[3.880s]       |                                   [01;31m[K^~~~~~~~~~~~[m[K
[3.886s] [01m[K/home/kvothe/ros/src/solver/src/test_g2o.cpp:21:59:[m[K [01;31m[Kerror: [m[Kâ€˜[01m[KlinearSolver[m[Kâ€™ was not declared in this scope
[3.886s]    21 |             std::make_unique<g2o::BlockSolverX>(std::move([01;31m[KlinearSolver[m[K));
[3.886s]       |                                                           [01;31m[K^~~~~~~~~~~~[m[K
[3.886s] [01m[K/home/kvothe/ros/src/solver/src/test_g2o.cpp:23:14:[m[K [01;31m[Kerror: [m[Kâ€˜[01m[KOptimizationAlgorithmLevenberg[m[Kâ€™ is not a member of â€˜[01m[Kg2o[m[Kâ€™; did you mean â€˜[01m[KOptimizationAlgorithmProperty[m[Kâ€™?
[3.886s]    23 |         g2o::[01;31m[KOptimizationAlgorithmLevenberg[m[K* solver = new g2o::OptimizationAlgorithmLevenberg(std::move(blockSolver));
[3.887s]       |              [01;31m[K^~~~~~~~~~~~~~~~~~~~~~~~~~~~~~[m[K
[3.887s]       |              [32m[KOptimizationAlgorithmProperty[m[K
[3.892s] [01m[K/home/kvothe/ros/src/solver/src/test_g2o.cpp:23:46:[m[K [01;31m[Kerror: [m[Kâ€˜[01m[Ksolver[m[Kâ€™ was not declared in this scope
[3.892s]    23 |         g2o::OptimizationAlgorithmLevenberg* [01;31m[Ksolver[m[K = new g2o::OptimizationAlgorithmLevenberg(std::move(blockSolver));
[3.892s]       |                                              [01;31m[K^~~~~~[m[K
[3.892s] [01m[K/home/kvothe/ros/src/solver/src/test_g2o.cpp:23:59:[m[K [01;31m[Kerror: [m[Kexpected type-specifier
[3.892s]    23 |         g2o::OptimizationAlgorithmLevenberg* solver = new [01;31m[Kg2o[m[K::OptimizationAlgorithmLevenberg(std::move(blockSolver));
[3.892s]       |                                                           [01;31m[K^~~[m[K
[3.892s] [01m[K/home/kvothe/ros/src/solver/src/test_g2o.cpp:29:17:[m[K [01;31m[Kerror: [m[Kâ€˜[01m[Kclass g2o::VertexSE3[m[Kâ€™ has no member named â€˜[01m[Ksetest_g2oimate[m[Kâ€™; did you mean â€˜[01m[KsetEstimate[m[Kâ€™?
[3.893s]    29 |         vertex->[01;31m[Ksetest_g2oimate[m[K(g2o::SE3Quat());
[3.893s]       |                 [01;31m[K^~~~~~~~~~~~~~~[m[K
[3.893s]       |                 [32m[KsetEstimate[m[K
[7.308s] gmake[2]: *** [CMakeFiles/test_g2o.dir/build.make:76: CMakeFiles/test_g2o.dir/src/test_g2o.cpp.o] Error 1
[7.309s] gmake[1]: *** [CMakeFiles/Makefile2:137: CMakeFiles/test_g2o.dir/all] Error 2
[7.309s] gmake: *** [Makefile:146: all] Error 2
[7.315s] Invoked command in '/home/kvothe/ros/build/solver' returned '2': CMAKE_PREFIX_PATH=${CMAKE_PREFIX_PATH}:/home/kvothe/ros/install/soma:/home/kvothe/ros/install/sensor_management:/home/kvothe/ros/install/robot_control:/opt/ros/humble /usr/bin/cmake --build /home/kvothe/ros/build/solver -- -j12 -l12
