[0.021s] Invoking command in '/home/kvothe/ros/build/cppp': CMAKE_PREFIX_PATH=/home/kvothe/ros/install/messages:/home/kvothe/ros/install/ros_bringup:/home/kvothe/ros/install/ros_gazebo:/home/kvothe/ros/install/robot_description:/home/kvothe/ros/install/cppp:/home/kvothe/ros/install/soma:/home/kvothe/ros/install/sensor_management:/home/kvothe/ros/install/robot_control:/opt/ros/humble /usr/bin/cmake --build /home/kvothe/ros/build/cppp -- -j12 -l12
[0.287s] [35m[1mConsolidate compiler generated dependencies of target RansacLineExtractionNode[0m
[0.287s] [ 12%] Built target PreprocessNode
[0.287s] [ 25%] Built target LandmarkTransformerNode
[0.287s] [ 37%] Built target LandmarkTransformermapNode
[0.287s] [ 50%] Built target LandmarkGraphNode
[0.288s] [ 62%] Built target IncrementalLineFittingNode
[0.288s] [ 75%] Built target HoughLineFittingNode
[0.288s] [ 87%] Built target ScanAccumulator
[0.288s] [ 93%] [32mBuilding CXX object CMakeFiles/RansacLineExtractionNode.dir/src/RansacLineExtractionNode.cpp.o[0m
[4.709s] In file included from [01m[K/opt/ros/humble/include/rclcpp/rclcpp/client.hpp:40[m[K,
[4.710s]                  from [01m[K/opt/ros/humble/include/rclcpp/rclcpp/callback_group.hpp:24[m[K,
[4.710s]                  from [01m[K/opt/ros/humble/include/rclcpp/rclcpp/any_executable.hpp:20[m[K,
[4.710s]                  from [01m[K/opt/ros/humble/include/rclcpp/rclcpp/memory_strategy.hpp:25[m[K,
[4.710s]                  from [01m[K/opt/ros/humble/include/rclcpp/rclcpp/memory_strategies.hpp:18[m[K,
[4.710s]                  from [01m[K/opt/ros/humble/include/rclcpp/rclcpp/executor_options.hpp:20[m[K,
[4.710s]                  from [01m[K/opt/ros/humble/include/rclcpp/rclcpp/executor.hpp:37[m[K,
[4.710s]                  from [01m[K/opt/ros/humble/include/rclcpp/rclcpp/executors/multi_threaded_executor.hpp:25[m[K,
[4.711s]                  from [01m[K/opt/ros/humble/include/rclcpp/rclcpp/executors.hpp:21[m[K,
[4.711s]                  from [01m[K/opt/ros/humble/include/rclcpp/rclcpp/rclcpp.hpp:155[m[K,
[4.711s]                  from [01m[K/home/kvothe/ros/src/cppp/src/RansacLineExtractionNode.cpp:1[m[K:
[4.711s] [01m[K/home/kvothe/ros/src/cppp/src/RansacLineExtractionNode.cpp:[m[K In member function â€˜[01m[Kstd::optional<std::pair<RANSACLineExtractionNode::Point2D, RANSACLineExtractionNode::Point2D> > RANSACLineExtractionNode::fitLineRANSAC(const std::vector<RANSACLineExtractionNode::Point2D>&)[m[Kâ€™:
[4.711s] [01m[K/home/kvothe/ros/src/cppp/src/RansacLineExtractionNode.cpp:121:9:[m[K [01;31m[Kerror: [m[Kinvalid use of non-static member function â€˜[01m[Krclcpp::Logger rclcpp::Node::get_logger() const[m[Kâ€™
[4.711s]   121 |         [01;31m[KRCLCPP_INFO[m[K(this -> get_logger, "Extracting Yayy");
[4.711s]       |         [01;31m[K^~~~~~~~~~~[m[K
[4.712s] In file included from [01m[K/opt/ros/humble/include/rclcpp/rclcpp/executors/single_threaded_executor.hpp:28[m[K,
[4.712s]                  from [01m[K/opt/ros/humble/include/rclcpp/rclcpp/executors.hpp:22[m[K,
[4.712s]                  from [01m[K/opt/ros/humble/include/rclcpp/rclcpp/rclcpp.hpp:155[m[K,
[4.712s]                  from [01m[K/home/kvothe/ros/src/cppp/src/RansacLineExtractionNode.cpp:1[m[K:
[4.713s] [01m[K/opt/ros/humble/include/rclcpp/rclcpp/node.hpp:142:3:[m[K [01;36m[Knote: [m[Kdeclared here
[4.713s]   142 |   [01;36m[Kget_logger[m[K() const;
[4.713s]       |   [01;36m[K^~~~~~~~~~[m[K
[4.713s] In file included from [01m[K/opt/ros/humble/include/rclcpp/rclcpp/client.hpp:40[m[K,
[4.713s]                  from [01m[K/opt/ros/humble/include/rclcpp/rclcpp/callback_group.hpp:24[m[K,
[4.713s]                  from [01m[K/opt/ros/humble/include/rclcpp/rclcpp/any_executable.hpp:20[m[K,
[4.713s]                  from [01m[K/opt/ros/humble/include/rclcpp/rclcpp/memory_strategy.hpp:25[m[K,
[4.714s]                  from [01m[K/opt/ros/humble/include/rclcpp/rclcpp/memory_strategies.hpp:18[m[K,
[4.714s]                  from [01m[K/opt/ros/humble/include/rclcpp/rclcpp/executor_options.hpp:20[m[K,
[4.714s]                  from [01m[K/opt/ros/humble/include/rclcpp/rclcpp/executor.hpp:37[m[K,
[4.714s]                  from [01m[K/opt/ros/humble/include/rclcpp/rclcpp/executors/multi_threaded_executor.hpp:25[m[K,
[4.714s]                  from [01m[K/opt/ros/humble/include/rclcpp/rclcpp/executors.hpp:21[m[K,
[4.714s]                  from [01m[K/opt/ros/humble/include/rclcpp/rclcpp/rclcpp.hpp:155[m[K,
[4.714s]                  from [01m[K/home/kvothe/ros/src/cppp/src/RansacLineExtractionNode.cpp:1[m[K:
[4.715s] [01m[K/home/kvothe/ros/src/cppp/src/RansacLineExtractionNode.cpp:121:9:[m[K [01;31m[Kerror: [m[Ktemplate argument 1 is invalid
[4.715s]   121 |         [01;31m[KRCLCPP_INFO[m[K(this -> get_logger, "Extracting Yayy");
[4.715s]       |         [01;31m[K^~~~~~~~~~~[m[K
[4.715s] [01m[K/home/kvothe/ros/src/cppp/src/RansacLineExtractionNode.cpp:121:9:[m[K [01;31m[Kerror: [m[Ktemplate argument 1 is invalid
[4.715s]   121 |         [01;31m[KRCLCPP_INFO[m[K(this -> get_logger, "Extracting Yayy");
[4.715s]       |         [01;31m[K^~~~~~~~~~~[m[K
[4.715s] [01m[K/home/kvothe/ros/src/cppp/src/RansacLineExtractionNode.cpp:121:9:[m[K [01;31m[Kerror: [m[Ktemplate argument 1 is invalid
[4.715s]   121 |         [01;31m[KRCLCPP_INFO[m[K(this -> get_logger, "Extracting Yayy");
[4.716s]       |         [01;31m[K^~~~~~~~~~~[m[K
[4.716s] In file included from [01m[K/opt/ros/humble/include/rclcpp/rclcpp/logging.hpp:24[m[K,
[4.716s]                  from [01m[K/opt/ros/humble/include/rclcpp/rclcpp/client.hpp:40[m[K,
[4.716s]                  from [01m[K/opt/ros/humble/include/rclcpp/rclcpp/callback_group.hpp:24[m[K,
[4.716s]                  from [01m[K/opt/ros/humble/include/rclcpp/rclcpp/any_executable.hpp:20[m[K,
[4.716s]                  from [01m[K/opt/ros/humble/include/rclcpp/rclcpp/memory_strategy.hpp:25[m[K,
[4.716s]                  from [01m[K/opt/ros/humble/include/rclcpp/rclcpp/memory_strategies.hpp:18[m[K,
[4.716s]                  from [01m[K/opt/ros/humble/include/rclcpp/rclcpp/executor_options.hpp:20[m[K,
[4.717s]                  from [01m[K/opt/ros/humble/include/rclcpp/rclcpp/executor.hpp:37[m[K,
[4.717s]                  from [01m[K/opt/ros/humble/include/rclcpp/rclcpp/executors/multi_threaded_executor.hpp:25[m[K,
[4.717s]                  from [01m[K/opt/ros/humble/include/rclcpp/rclcpp/executors.hpp:21[m[K,
[4.717s]                  from [01m[K/opt/ros/humble/include/rclcpp/rclcpp/rclcpp.hpp:155[m[K,
[4.717s]                  from [01m[K/home/kvothe/ros/src/cppp/src/RansacLineExtractionNode.cpp:1[m[K:
[4.717s] [01m[K/home/kvothe/ros/src/cppp/src/RansacLineExtractionNode.cpp:121:29:[m[K [01;31m[Kerror: [m[Kinvalid use of member function â€˜[01m[Krclcpp::Logger rclcpp::Node::get_logger() const[m[Kâ€™ (did you forget the â€˜[01m[K()[m[Kâ€™ ?)
[4.717s]   121 |         RCLCPP_INFO(this -> [01;31m[Kg[m[Ket_logger, "Extracting Yayy");
[4.718s]       |                             [01;31m[K^[m[K
[4.718s] [01m[K/home/kvothe/ros/src/cppp/src/RansacLineExtractionNode.cpp:121:29:[m[K [01;31m[Kerror: [m[Kinvalid use of member function â€˜[01m[Krclcpp::Logger rclcpp::Node::get_logger() const[m[Kâ€™ (did you forget the â€˜[01m[K()[m[Kâ€™ ?)
[4.718s]   121 |         RCLCPP_INFO(this -> [01;31m[Kg[m[Ket_logger, "Extracting Yayy");
[4.718s]       |                             [01;31m[K^[m[K
[8.234s] gmake[2]: *** [CMakeFiles/RansacLineExtractionNode.dir/build.make:76: CMakeFiles/RansacLineExtractionNode.dir/src/RansacLineExtractionNode.cpp.o] Error 1
[8.234s] gmake[1]: *** [CMakeFiles/Makefile2:229: CMakeFiles/RansacLineExtractionNode.dir/all] Error 2
[8.234s] gmake: *** [Makefile:146: all] Error 2
[8.242s] Invoked command in '/home/kvothe/ros/build/cppp' returned '2': CMAKE_PREFIX_PATH=/home/kvothe/ros/install/messages:/home/kvothe/ros/install/ros_bringup:/home/kvothe/ros/install/ros_gazebo:/home/kvothe/ros/install/robot_description:/home/kvothe/ros/install/cppp:/home/kvothe/ros/install/soma:/home/kvothe/ros/install/sensor_management:/home/kvothe/ros/install/robot_control:/opt/ros/humble /usr/bin/cmake --build /home/kvothe/ros/build/cppp -- -j12 -l12
