[0.020s] Invoking command in '/home/kvothe/ros/build/cppp': CMAKE_PREFIX_PATH=/home/kvothe/ros/install/messages:/home/kvothe/ros/install/ros_bringup:/home/kvothe/ros/install/ros_gazebo:/home/kvothe/ros/install/robot_description:/home/kvothe/ros/install/cppp:/home/kvothe/ros/install/soma:/home/kvothe/ros/install/sensor_management:/home/kvothe/ros/install/robot_control:/opt/ros/humble /usr/bin/cmake --build /home/kvothe/ros/build/cppp -- -j12 -l12
[0.091s] [35m[1mConsolidate compiler generated dependencies of target PoseGraphOptimizer[0m
[0.103s] [ 10%] Built target LandmarkTransformermapNode
[0.106s] [ 20%] Built target PreprocessNode
[0.107s] [ 30%] Built target ScanTransformer
[0.110s] [ 40%] Built target LandmarkGraphNode
[0.111s] [ 50%] Built target LandmarkTransformerNode
[0.115s] [ 70%] Built target RansacLineExtractionNode
[0.115s] [ 70%] Built target IncrementalLineFittingNode
[0.115s] [ 75%] [32mBuilding CXX object CMakeFiles/PoseGraphOptimizer.dir/src/PoseGraphOptimizer.cpp.o[0m
[0.117s] [ 85%] Built target HoughLineFittingNode
[0.121s] [ 95%] Built target ScanAccumulator
[2.732s] In file included from [01m[K/opt/ros/humble/include/rclcpp/rclcpp/client.hpp:40[m[K,
[2.732s]                  from [01m[K/opt/ros/humble/include/rclcpp/rclcpp/callback_group.hpp:24[m[K,
[2.732s]                  from [01m[K/opt/ros/humble/include/rclcpp/rclcpp/any_executable.hpp:20[m[K,
[2.732s]                  from [01m[K/opt/ros/humble/include/rclcpp/rclcpp/memory_strategy.hpp:25[m[K,
[2.732s]                  from [01m[K/opt/ros/humble/include/rclcpp/rclcpp/memory_strategies.hpp:18[m[K,
[2.732s]                  from [01m[K/opt/ros/humble/include/rclcpp/rclcpp/executor_options.hpp:20[m[K,
[2.733s]                  from [01m[K/opt/ros/humble/include/rclcpp/rclcpp/executor.hpp:37[m[K,
[2.733s]                  from [01m[K/opt/ros/humble/include/rclcpp/rclcpp/executors/multi_threaded_executor.hpp:25[m[K,
[2.733s]                  from [01m[K/opt/ros/humble/include/rclcpp/rclcpp/executors.hpp:21[m[K,
[2.733s]                  from [01m[K/opt/ros/humble/include/rclcpp/rclcpp/rclcpp.hpp:155[m[K,
[2.733s]                  from [01m[K/home/kvothe/ros/src/cppp/src/PoseGraphOptimizer.cpp:1[m[K:
[2.733s] [01m[K/home/kvothe/ros/src/cppp/src/PoseGraphOptimizer.cpp:[m[K In constructor â€˜[01m[KPosePoseCost::PosePoseCost(double, double, double, const std::array<double, 9>&)[m[Kâ€™:
[2.733s] [01m[K/home/kvothe/ros/src/cppp/src/PoseGraphOptimizer.cpp:33:31:[m[K [01;31m[Kerror: [m[Kâ€˜[01m[Kstruct PosePoseCost[m[Kâ€™ has no member named â€˜[01m[Kget_logger[m[Kâ€™
[2.733s]    33 |             RCLCPP_WARN(this->[01;31m[Kget_logger[m[K(), "Warning: Nearly singular covariance matrix! det = %.8f", det);
[2.733s]       |                               [01;31m[K^~~~~~~~~~[m[K
[2.734s] [01m[K/home/kvothe/ros/src/cppp/src/PoseGraphOptimizer.cpp:33:31:[m[K [01;31m[Kerror: [m[Kâ€˜[01m[Kstruct PosePoseCost[m[Kâ€™ has no member named â€˜[01m[Kget_logger[m[Kâ€™
[2.734s] [01m[K/home/kvothe/ros/src/cppp/src/PoseGraphOptimizer.cpp:33:13:[m[K [01;31m[Kerror: [m[Ktemplate argument 1 is invalid
[2.734s]    33 |             [01;31m[KRCLCPP_WARN[m[K(this->get_logger(), "Warning: Nearly singular covariance matrix! det = %.8f", det);
[2.734s]       |             [01;31m[K^~~~~~~~~~~[m[K
[2.734s] [01m[K/home/kvothe/ros/src/cppp/src/PoseGraphOptimizer.cpp:33:13:[m[K [01;31m[Kerror: [m[Ktemplate argument 1 is invalid
[2.734s]    33 |             [01;31m[KRCLCPP_WARN[m[K(this->get_logger(), "Warning: Nearly singular covariance matrix! det = %.8f", det);
[2.734s]       |             [01;31m[K^~~~~~~~~~~[m[K
[2.734s] [01m[K/home/kvothe/ros/src/cppp/src/PoseGraphOptimizer.cpp:33:13:[m[K [01;31m[Kerror: [m[Ktemplate argument 1 is invalid
[2.734s]    33 |             [01;31m[KRCLCPP_WARN[m[K(this->get_logger(), "Warning: Nearly singular covariance matrix! det = %.8f", det);
[2.734s]       |             [01;31m[K^~~~~~~~~~~[m[K
[2.735s] In file included from [01m[K/opt/ros/humble/include/rclcpp/rclcpp/logging.hpp:24[m[K,
[2.735s]                  from [01m[K/opt/ros/humble/include/rclcpp/rclcpp/client.hpp:40[m[K,
[2.735s]                  from [01m[K/opt/ros/humble/include/rclcpp/rclcpp/callback_group.hpp:24[m[K,
[2.735s]                  from [01m[K/opt/ros/humble/include/rclcpp/rclcpp/any_executable.hpp:20[m[K,
[2.735s]                  from [01m[K/opt/ros/humble/include/rclcpp/rclcpp/memory_strategy.hpp:25[m[K,
[2.735s]                  from [01m[K/opt/ros/humble/include/rclcpp/rclcpp/memory_strategies.hpp:18[m[K,
[2.735s]                  from [01m[K/opt/ros/humble/include/rclcpp/rclcpp/executor_options.hpp:20[m[K,
[2.735s]                  from [01m[K/opt/ros/humble/include/rclcpp/rclcpp/executor.hpp:37[m[K,
[2.735s]                  from [01m[K/opt/ros/humble/include/rclcpp/rclcpp/executors/multi_threaded_executor.hpp:25[m[K,
[2.736s]                  from [01m[K/opt/ros/humble/include/rclcpp/rclcpp/executors.hpp:21[m[K,
[2.736s]                  from [01m[K/opt/ros/humble/include/rclcpp/rclcpp/rclcpp.hpp:155[m[K,
[2.736s]                  from [01m[K/home/kvothe/ros/src/cppp/src/PoseGraphOptimizer.cpp:1[m[K:
[2.736s] [01m[K/home/kvothe/ros/src/cppp/src/PoseGraphOptimizer.cpp:33:31:[m[K [01;31m[Kerror: [m[Kâ€˜[01m[Kstruct PosePoseCost[m[Kâ€™ has no member named â€˜[01m[Kget_logger[m[Kâ€™
[2.736s]    33 |             RCLCPP_WARN(this->[01;31m[Kget_logger[m[K(), "Warning: Nearly singular covariance matrix! det = %.8f", det);
[2.736s]       |                               [01;31m[K^~~~~~~~~~[m[K
[2.736s] [01m[K/home/kvothe/ros/src/cppp/src/PoseGraphOptimizer.cpp:33:31:[m[K [01;31m[Kerror: [m[Kâ€˜[01m[Kstruct PosePoseCost[m[Kâ€™ has no member named â€˜[01m[Kget_logger[m[Kâ€™
[2.736s]    33 |             RCLCPP_WARN(this->[01;31m[Kget_logger[m[K(), "Warning: Nearly singular covariance matrix! det = %.8f", det);
[2.736s]       |                               [01;31m[K^~~~~~~~~~[m[K
[2.786s] In file included from [01m[K/opt/ros/humble/include/rclcpp/rclcpp/client.hpp:40[m[K,
[2.786s]                  from [01m[K/opt/ros/humble/include/rclcpp/rclcpp/callback_group.hpp:24[m[K,
[2.786s]                  from [01m[K/opt/ros/humble/include/rclcpp/rclcpp/any_executable.hpp:20[m[K,
[2.787s]                  from [01m[K/opt/ros/humble/include/rclcpp/rclcpp/memory_strategy.hpp:25[m[K,
[2.787s]                  from [01m[K/opt/ros/humble/include/rclcpp/rclcpp/memory_strategies.hpp:18[m[K,
[2.787s]                  from [01m[K/opt/ros/humble/include/rclcpp/rclcpp/executor_options.hpp:20[m[K,
[2.787s]                  from [01m[K/opt/ros/humble/include/rclcpp/rclcpp/executor.hpp:37[m[K,
[2.787s]                  from [01m[K/opt/ros/humble/include/rclcpp/rclcpp/executors/multi_threaded_executor.hpp:25[m[K,
[2.787s]                  from [01m[K/opt/ros/humble/include/rclcpp/rclcpp/executors.hpp:21[m[K,
[2.787s]                  from [01m[K/opt/ros/humble/include/rclcpp/rclcpp/rclcpp.hpp:155[m[K,
[2.787s]                  from [01m[K/home/kvothe/ros/src/cppp/src/PoseGraphOptimizer.cpp:1[m[K:
[2.787s] [01m[K/home/kvothe/ros/src/cppp/src/PoseGraphOptimizer.cpp:[m[K In constructor â€˜[01m[KPoseLandmarkCost::PoseLandmarkCost(double, double, const std::array<double, 4>&)[m[Kâ€™:
[2.788s] [01m[K/home/kvothe/ros/src/cppp/src/PoseGraphOptimizer.cpp:69:31:[m[K [01;31m[Kerror: [m[Kâ€˜[01m[Kstruct PoseLandmarkCost[m[Kâ€™ has no member named â€˜[01m[Kget_logger[m[Kâ€™
[2.788s]    69 |             RCLCPP_WARN(this->[01;31m[Kget_logger[m[K(), "Warning: Nearly singular covariance matrix! det = %.8f", det);
[2.788s]       |                               [01;31m[K^~~~~~~~~~[m[K
[2.788s] [01m[K/home/kvothe/ros/src/cppp/src/PoseGraphOptimizer.cpp:69:31:[m[K [01;31m[Kerror: [m[Kâ€˜[01m[Kstruct PoseLandmarkCost[m[Kâ€™ has no member named â€˜[01m[Kget_logger[m[Kâ€™
[2.788s] [01m[K/home/kvothe/ros/src/cppp/src/PoseGraphOptimizer.cpp:69:13:[m[K [01;31m[Kerror: [m[Ktemplate argument 1 is invalid
[2.788s]    69 |             [01;31m[KRCLCPP_WARN[m[K(this->get_logger(), "Warning: Nearly singular covariance matrix! det = %.8f", det);
[2.788s]       |             [01;31m[K^~~~~~~~~~~[m[K
[2.788s] [01m[K/home/kvothe/ros/src/cppp/src/PoseGraphOptimizer.cpp:69:13:[m[K [01;31m[Kerror: [m[Ktemplate argument 1 is invalid
[2.788s]    69 |             [01;31m[KRCLCPP_WARN[m[K(this->get_logger(), "Warning: Nearly singular covariance matrix! det = %.8f", det);
[2.789s]       |             [01;31m[K^~~~~~~~~~~[m[K
[2.789s] [01m[K/home/kvothe/ros/src/cppp/src/PoseGraphOptimizer.cpp:69:13:[m[K [01;31m[Kerror: [m[Ktemplate argument 1 is invalid
[2.789s]    69 |             [01;31m[KRCLCPP_WARN[m[K(this->get_logger(), "Warning: Nearly singular covariance matrix! det = %.8f", det);
[2.789s]       |             [01;31m[K^~~~~~~~~~~[m[K
[2.789s] In file included from [01m[K/opt/ros/humble/include/rclcpp/rclcpp/logging.hpp:24[m[K,
[2.789s]                  from [01m[K/opt/ros/humble/include/rclcpp/rclcpp/client.hpp:40[m[K,
[2.789s]                  from [01m[K/opt/ros/humble/include/rclcpp/rclcpp/callback_group.hpp:24[m[K,
[2.789s]                  from [01m[K/opt/ros/humble/include/rclcpp/rclcpp/any_executable.hpp:20[m[K,
[2.789s]                  from [01m[K/opt/ros/humble/include/rclcpp/rclcpp/memory_strategy.hpp:25[m[K,
[2.790s]                  from [01m[K/opt/ros/humble/include/rclcpp/rclcpp/memory_strategies.hpp:18[m[K,
[2.790s]                  from [01m[K/opt/ros/humble/include/rclcpp/rclcpp/executor_options.hpp:20[m[K,
[2.790s]                  from [01m[K/opt/ros/humble/include/rclcpp/rclcpp/executor.hpp:37[m[K,
[2.790s]                  from [01m[K/opt/ros/humble/include/rclcpp/rclcpp/executors/multi_threaded_executor.hpp:25[m[K,
[2.790s]                  from [01m[K/opt/ros/humble/include/rclcpp/rclcpp/executors.hpp:21[m[K,
[2.790s]                  from [01m[K/opt/ros/humble/include/rclcpp/rclcpp/rclcpp.hpp:155[m[K,
[2.790s]                  from [01m[K/home/kvothe/ros/src/cppp/src/PoseGraphOptimizer.cpp:1[m[K:
[2.790s] [01m[K/home/kvothe/ros/src/cppp/src/PoseGraphOptimizer.cpp:69:31:[m[K [01;31m[Kerror: [m[Kâ€˜[01m[Kstruct PoseLandmarkCost[m[Kâ€™ has no member named â€˜[01m[Kget_logger[m[Kâ€™
[2.790s]    69 |             RCLCPP_WARN(this->[01;31m[Kget_logger[m[K(), "Warning: Nearly singular covariance matrix! det = %.8f", det);
[2.790s]       |                               [01;31m[K^~~~~~~~~~[m[K
[2.791s] [01m[K/home/kvothe/ros/src/cppp/src/PoseGraphOptimizer.cpp:69:31:[m[K [01;31m[Kerror: [m[Kâ€˜[01m[Kstruct PoseLandmarkCost[m[Kâ€™ has no member named â€˜[01m[Kget_logger[m[Kâ€™
[2.791s]    69 |             RCLCPP_WARN(this->[01;31m[Kget_logger[m[K(), "Warning: Nearly singular covariance matrix! det = %.8f", det);
[2.791s]       |                               [01;31m[K^~~~~~~~~~[m[K
[2.826s] In file included from [01m[K/opt/ros/humble/include/rclcpp/rclcpp/client.hpp:40[m[K,
[2.826s]                  from [01m[K/opt/ros/humble/include/rclcpp/rclcpp/callback_group.hpp:24[m[K,
[2.826s]                  from [01m[K/opt/ros/humble/include/rclcpp/rclcpp/any_executable.hpp:20[m[K,
[2.826s]                  from [01m[K/opt/ros/humble/include/rclcpp/rclcpp/memory_strategy.hpp:25[m[K,
[2.826s]                  from [01m[K/opt/ros/humble/include/rclcpp/rclcpp/memory_strategies.hpp:18[m[K,
[2.826s]                  from [01m[K/opt/ros/humble/include/rclcpp/rclcpp/executor_options.hpp:20[m[K,
[2.826s]                  from [01m[K/opt/ros/humble/include/rclcpp/rclcpp/executor.hpp:37[m[K,
[2.827s]                  from [01m[K/opt/ros/humble/include/rclcpp/rclcpp/executors/multi_threaded_executor.hpp:25[m[K,
[2.827s]                  from [01m[K/opt/ros/humble/include/rclcpp/rclcpp/executors.hpp:21[m[K,
[2.827s]                  from [01m[K/opt/ros/humble/include/rclcpp/rclcpp/rclcpp.hpp:155[m[K,
[2.827s]                  from [01m[K/home/kvothe/ros/src/cppp/src/PoseGraphOptimizer.cpp:1[m[K:
[2.827s] [01m[K/home/kvothe/ros/src/cppp/src/PoseGraphOptimizer.cpp:[m[K In constructor â€˜[01m[KLandmarkLandmarkCost::LandmarkLandmarkCost(double, double, const std::array<double, 4>&)[m[Kâ€™:
[2.827s] [01m[K/home/kvothe/ros/src/cppp/src/PoseGraphOptimizer.cpp:114:31:[m[K [01;31m[Kerror: [m[Kâ€˜[01m[Kstruct LandmarkLandmarkCost[m[Kâ€™ has no member named â€˜[01m[Kget_logger[m[Kâ€™
[2.827s]   114 |             RCLCPP_WARN(this->[01;31m[Kget_logger[m[K(), "Warning: Nearly singular covariance matrix! det = %.8f", det);
[2.827s]       |                               [01;31m[K^~~~~~~~~~[m[K
[2.827s] [01m[K/home/kvothe/ros/src/cppp/src/PoseGraphOptimizer.cpp:114:31:[m[K [01;31m[Kerror: [m[Kâ€˜[01m[Kstruct LandmarkLandmarkCost[m[Kâ€™ has no member named â€˜[01m[Kget_logger[m[Kâ€™
[2.828s] [01m[K/home/kvothe/ros/src/cppp/src/PoseGraphOptimizer.cpp:114:13:[m[K [01;31m[Kerror: [m[Ktemplate argument 1 is invalid
[2.828s]   114 |             [01;31m[KRCLCPP_WARN[m[K(this->get_logger(), "Warning: Nearly singular covariance matrix! det = %.8f", det);
[2.828s]       |             [01;31m[K^~~~~~~~~~~[m[K
[2.828s] [01m[K/home/kvothe/ros/src/cppp/src/PoseGraphOptimizer.cpp:114:13:[m[K [01;31m[Kerror: [m[Ktemplate argument 1 is invalid
[2.828s]   114 |             [01;31m[KRCLCPP_WARN[m[K(this->get_logger(), "Warning: Nearly singular covariance matrix! det = %.8f", det);
[2.828s]       |             [01;31m[K^~~~~~~~~~~[m[K
[2.828s] [01m[K/home/kvothe/ros/src/cppp/src/PoseGraphOptimizer.cpp:114:13:[m[K [01;31m[Kerror: [m[Ktemplate argument 1 is invalid
[2.828s]   114 |             [01;31m[KRCLCPP_WARN[m[K(this->get_logger(), "Warning: Nearly singular covariance matrix! det = %.8f", det);
[2.829s]       |             [01;31m[K^~~~~~~~~~~[m[K
[2.829s] In file included from [01m[K/opt/ros/humble/include/rclcpp/rclcpp/logging.hpp:24[m[K,
[2.829s]                  from [01m[K/opt/ros/humble/include/rclcpp/rclcpp/client.hpp:40[m[K,
[2.829s]                  from [01m[K/opt/ros/humble/include/rclcpp/rclcpp/callback_group.hpp:24[m[K,
[2.829s]                  from [01m[K/opt/ros/humble/include/rclcpp/rclcpp/any_executable.hpp:20[m[K,
[2.829s]                  from [01m[K/opt/ros/humble/include/rclcpp/rclcpp/memory_strategy.hpp:25[m[K,
[2.829s]                  from [01m[K/opt/ros/humble/include/rclcpp/rclcpp/memory_strategies.hpp:18[m[K,
[2.829s]                  from [01m[K/opt/ros/humble/include/rclcpp/rclcpp/executor_options.hpp:20[m[K,
[2.829s]                  from [01m[K/opt/ros/humble/include/rclcpp/rclcpp/executor.hpp:37[m[K,
[2.829s]                  from [01m[K/opt/ros/humble/include/rclcpp/rclcpp/executors/multi_threaded_executor.hpp:25[m[K,
[2.830s]                  from [01m[K/opt/ros/humble/include/rclcpp/rclcpp/executors.hpp:21[m[K,
[2.830s]                  from [01m[K/opt/ros/humble/include/rclcpp/rclcpp/rclcpp.hpp:155[m[K,
[2.830s]                  from [01m[K/home/kvothe/ros/src/cppp/src/PoseGraphOptimizer.cpp:1[m[K:
[2.830s] [01m[K/home/kvothe/ros/src/cppp/src/PoseGraphOptimizer.cpp:114:31:[m[K [01;31m[Kerror: [m[Kâ€˜[01m[Kstruct LandmarkLandmarkCost[m[Kâ€™ has no member named â€˜[01m[Kget_logger[m[Kâ€™
[2.830s]   114 |             RCLCPP_WARN(this->[01;31m[Kget_logger[m[K(), "Warning: Nearly singular covariance matrix! det = %.8f", det);
[2.830s]       |                               [01;31m[K^~~~~~~~~~[m[K
[2.830s] [01m[K/home/kvothe/ros/src/cppp/src/PoseGraphOptimizer.cpp:114:31:[m[K [01;31m[Kerror: [m[Kâ€˜[01m[Kstruct LandmarkLandmarkCost[m[Kâ€™ has no member named â€˜[01m[Kget_logger[m[Kâ€™
[2.830s]   114 |             RCLCPP_WARN(this->[01;31m[Kget_logger[m[K(), "Warning: Nearly singular covariance matrix! det = %.8f", det);
[2.830s]       |                               [01;31m[K^~~~~~~~~~[m[K
[2.983s] [01m[K/home/kvothe/ros/src/cppp/src/PoseGraphOptimizer.cpp:[m[K In member function â€˜[01m[Kvoid PoseGraphOptimizer::optimizeGraph()[m[Kâ€™:
[2.983s] [01m[K/home/kvothe/ros/src/cppp/src/PoseGraphOptimizer.cpp:226:13:[m[K [01;31m[Kerror: [m[Kexpected â€˜[01m[K;[m[Kâ€™ before â€˜[01m[K}[m[Kâ€™ token
[2.984s]   226 |             [01;31m[K}[m[K
[2.984s]       |             [01;31m[K^[m[K
[9.448s] gmake[2]: *** [CMakeFiles/PoseGraphOptimizer.dir/build.make:76: CMakeFiles/PoseGraphOptimizer.dir/src/PoseGraphOptimizer.cpp.o] Error 1
[9.448s] gmake[1]: *** [CMakeFiles/Makefile2:389: CMakeFiles/PoseGraphOptimizer.dir/all] Error 2
[9.449s] gmake: *** [Makefile:146: all] Error 2
[9.452s] Invoked command in '/home/kvothe/ros/build/cppp' returned '2': CMAKE_PREFIX_PATH=/home/kvothe/ros/install/messages:/home/kvothe/ros/install/ros_bringup:/home/kvothe/ros/install/ros_gazebo:/home/kvothe/ros/install/robot_description:/home/kvothe/ros/install/cppp:/home/kvothe/ros/install/soma:/home/kvothe/ros/install/sensor_management:/home/kvothe/ros/install/robot_control:/opt/ros/humble /usr/bin/cmake --build /home/kvothe/ros/build/cppp -- -j12 -l12
