[35m[1mConsolidate compiler generated dependencies of target PoseGraphOptimizer[0m
[ 10%] Built target PreprocessNode
[ 40%] Built target LandmarkTransformermapNode
[ 40%] Built target LandmarkGraphNode
[ 40%] Built target LandmarkTransformerNode
[ 50%] Built target ScanTransformer
[ 60%] Built target IncrementalLineFittingNode
[ 65%] [32mBuilding CXX object CMakeFiles/PoseGraphOptimizer.dir/src/PoseGraphOptimizer.cpp.o[0m
[ 75%] Built target RansacLineExtractionNode
[ 85%] Built target HoughLineFittingNode
[ 95%] Built target ScanAccumulator
[01m[K/home/kvothe/ros/src/cppp/src/PoseGraphOptimizer.cpp:[m[K In member function â€˜[01m[Kvoid PoseGraphOptimizer::optimizeGraph()[m[Kâ€™:
[01m[K/home/kvothe/ros/src/cppp/src/PoseGraphOptimizer.cpp:144:32:[m[K [01;31m[Kerror: [m[Kâ€˜[01m[Kpose_variables[m[Kâ€™ was not declared in this scope
  144 |         for (size_t i = 0; i < [01;31m[Kpose_variables[m[K.size(); ++i) {
      |                                [01;31m[K^~~~~~~~~~~~~~[m[K
[01m[K/home/kvothe/ros/src/cppp/src/PoseGraphOptimizer.cpp:149:32:[m[K [01;31m[Kerror: [m[Kâ€˜[01m[Klandmark_variables[m[Kâ€™ was not declared in this scope
  149 |         for (size_t i = 0; i < [01;31m[Klandmark_variables[m[K.size(); ++i) {
      |                                [01;31m[K^~~~~~~~~~~~~~~~~~[m[K
gmake[2]: *** [CMakeFiles/PoseGraphOptimizer.dir/build.make:76: CMakeFiles/PoseGraphOptimizer.dir/src/PoseGraphOptimizer.cpp.o] Error 1
gmake[1]: *** [CMakeFiles/Makefile2:389: CMakeFiles/PoseGraphOptimizer.dir/all] Error 2
gmake: *** [Makefile:146: all] Error 2
