[0.018s] Invoking command in '/home/kvothe/ros/build/cppp': CMAKE_PREFIX_PATH=/home/kvothe/ros/install/messages:/home/kvothe/ros/install/ros_bringup:/home/kvothe/ros/install/ros_gazebo:/home/kvothe/ros/install/robot_description:/home/kvothe/ros/install/cppp:/home/kvothe/ros/install/soma:/home/kvothe/ros/install/sensor_management:/home/kvothe/ros/install/robot_control:/opt/ros/humble /usr/bin/cmake --build /home/kvothe/ros/build/cppp -- -j12 -l12
[0.275s] [35m[1mConsolidate compiler generated dependencies of target PoseGraphOptimizer[0m
[0.275s] [ 10%] Built target PreprocessNode
[0.276s] [ 40%] Built target LandmarkTransformermapNode
[0.276s] [ 40%] Built target LandmarkGraphNode
[0.276s] [ 40%] Built target LandmarkTransformerNode
[0.276s] [ 50%] Built target ScanTransformer
[0.276s] [ 60%] Built target IncrementalLineFittingNode
[0.277s] [ 65%] [32mBuilding CXX object CMakeFiles/PoseGraphOptimizer.dir/src/PoseGraphOptimizer.cpp.o[0m
[0.277s] [ 75%] Built target RansacLineExtractionNode
[0.277s] [ 85%] Built target HoughLineFittingNode
[0.277s] [ 95%] Built target ScanAccumulator
[3.033s] [01m[K/home/kvothe/ros/src/cppp/src/PoseGraphOptimizer.cpp:[m[K In member function â€˜[01m[Kvoid PoseGraphOptimizer::optimizeGraph()[m[Kâ€™:
[3.033s] [01m[K/home/kvothe/ros/src/cppp/src/PoseGraphOptimizer.cpp:144:32:[m[K [01;31m[Kerror: [m[Kâ€˜[01m[Kpose_variables[m[Kâ€™ was not declared in this scope
[3.034s]   144 |         for (size_t i = 0; i < [01;31m[Kpose_variables[m[K.size(); ++i) {
[3.034s]       |                                [01;31m[K^~~~~~~~~~~~~~[m[K
[3.044s] [01m[K/home/kvothe/ros/src/cppp/src/PoseGraphOptimizer.cpp:149:32:[m[K [01;31m[Kerror: [m[Kâ€˜[01m[Klandmark_variables[m[Kâ€™ was not declared in this scope
[3.044s]   149 |         for (size_t i = 0; i < [01;31m[Klandmark_variables[m[K.size(); ++i) {
[3.044s]       |                                [01;31m[K^~~~~~~~~~~~~~~~~~[m[K
[8.565s] gmake[2]: *** [CMakeFiles/PoseGraphOptimizer.dir/build.make:76: CMakeFiles/PoseGraphOptimizer.dir/src/PoseGraphOptimizer.cpp.o] Error 1
[8.565s] gmake[1]: *** [CMakeFiles/Makefile2:389: CMakeFiles/PoseGraphOptimizer.dir/all] Error 2
[8.565s] gmake: *** [Makefile:146: all] Error 2
[8.571s] Invoked command in '/home/kvothe/ros/build/cppp' returned '2': CMAKE_PREFIX_PATH=/home/kvothe/ros/install/messages:/home/kvothe/ros/install/ros_bringup:/home/kvothe/ros/install/ros_gazebo:/home/kvothe/ros/install/robot_description:/home/kvothe/ros/install/cppp:/home/kvothe/ros/install/soma:/home/kvothe/ros/install/sensor_management:/home/kvothe/ros/install/robot_control:/opt/ros/humble /usr/bin/cmake --build /home/kvothe/ros/build/cppp -- -j12 -l12
