[0.018s] Invoking command in '/home/kvothe/ros/build/cppp': CMAKE_PREFIX_PATH=/home/kvothe/ros/install/messages:/home/kvothe/ros/install/ros_bringup:/home/kvothe/ros/install/ros_gazebo:/home/kvothe/ros/install/robot_description:/home/kvothe/ros/install/cppp:/home/kvothe/ros/install/soma:/home/kvothe/ros/install/sensor_management:/home/kvothe/ros/install/robot_control:/opt/ros/humble /usr/bin/cmake --build /home/kvothe/ros/build/cppp -- -j12 -l12
[0.058s] -- Found ament_cmake: 1.3.11 (/opt/ros/humble/share/ament_cmake/cmake)
[0.191s] -- Found rclcpp: 16.0.12 (/opt/ros/humble/share/rclcpp/cmake)
[0.238s] -- Found rosidl_generator_c: 3.1.6 (/opt/ros/humble/share/rosidl_generator_c/cmake)
[0.240s] -- Found rosidl_adapter: 3.1.6 (/opt/ros/humble/share/rosidl_adapter/cmake)
[0.245s] -- Found rosidl_generator_cpp: 3.1.6 (/opt/ros/humble/share/rosidl_generator_cpp/cmake)
[0.254s] -- Using all available rosidl_typesupport_c: rosidl_typesupport_fastrtps_c;rosidl_typesupport_introspection_c
[0.265s] -- Using all available rosidl_typesupport_cpp: rosidl_typesupport_fastrtps_cpp;rosidl_typesupport_introspection_cpp
[0.293s] -- Found rmw_implementation_cmake: 6.1.2 (/opt/ros/humble/share/rmw_implementation_cmake/cmake)
[0.294s] -- Found rmw_fastrtps_cpp: 6.2.7 (/opt/ros/humble/share/rmw_fastrtps_cpp/cmake)
[0.415s] -- Using RMW implementation 'rmw_fastrtps_cpp' as default
[0.458s] -- Found sensor_msgs: 4.8.0 (/opt/ros/humble/share/sensor_msgs/cmake)
[0.483s] -- Found nav_msgs: 4.8.0 (/opt/ros/humble/share/nav_msgs/cmake)
[0.496s] -- Found visualization_msgs: 4.8.0 (/opt/ros/humble/share/visualization_msgs/cmake)
[0.513s] -- Found messages: 0.0.0 (/home/kvothe/ros/install/messages/share/messages/cmake)
[0.525s] -- Found rosidl_default_generators: 1.2.0 (/opt/ros/humble/share/rosidl_default_generators/cmake)
[0.548s] -- GTSAM include directory:  /opt/ros/humble/lib/cmake/GTSAM/../../../include
[0.548s] -- Found pcl_conversions: 2.4.5 (/opt/ros/humble/share/pcl_conversions/cmake)
[0.584s] -- Eigen found (include: /usr/include/eigen3, version: 3.4.0)
[0.616s] -- FLANN found (include: /usr/include, lib: /usr/lib/x86_64-linux-gnu/libflann_cpp.so)
[0.962s] -- OpenNI found (version: 1.5.4.0, include: /usr/include/ni, lib: /usr/lib/libOpenNI.so;libusb::libusb)
[0.970s] -- OpenNI2 found (version: 2.2.0.33, include: /usr/include/openni2, lib: /usr/lib/x86_64-linux-gnu/libOpenNI2.so;libusb::libusb)
[1.135s] -- Eigen found (include: /usr/include/eigen3, version: 3.4.0)
[1.143s] -- OpenNI found (version: 1.5.4.0, include: /usr/include/ni, lib: /usr/lib/libOpenNI.so;libusb::libusb)
[1.151s] -- OpenNI2 found (version: 2.2.0.33, include: /usr/include/openni2, lib: /usr/lib/x86_64-linux-gnu/libOpenNI2.so;libusb::libusb)
[1.298s] -- Found Qhull version 8.0.2
[1.458s] -- OpenNI found (version: 1.5.4.0, include: /usr/include/ni, lib: /usr/lib/libOpenNI.so;libusb::libusb)
[1.624s] -- Found tf2: 0.25.12 (/opt/ros/humble/share/tf2/cmake)
[1.627s] -- Found tf2_geometry_msgs: 0.25.12 (/opt/ros/humble/share/tf2_geometry_msgs/cmake)
[1.631s] -- Found eigen3_cmake_module: 0.1.1 (/opt/ros/humble/share/eigen3_cmake_module/cmake)
[1.632s] -- Ensuring Eigen3 include directory is part of orocos-kdl CMake target
[1.699s] -- Found tf2_sensor_msgs: 0.25.12 (/opt/ros/humble/share/tf2_sensor_msgs/cmake)
[1.836s] -- Configuring done
[1.975s] -- Generating done
[2.021s] -- Build files have been written to: /home/kvothe/ros/build/cppp
[2.077s] [35m[1mConsolidate compiler generated dependencies of target PreprocessNode[0m
[2.077s] [35m[1mConsolidate compiler generated dependencies of target LandmarkTransformermapNode[0m
[2.077s] [35m[1mConsolidate compiler generated dependencies of target LandmarkGraphNode[0m
[2.079s] [35m[1mConsolidate compiler generated dependencies of target ScanAccumulator[0m
[2.079s] [35m[1mConsolidate compiler generated dependencies of target PoseGraphOptimizer[0m
[2.083s] [35m[1mConsolidate compiler generated dependencies of target RansacLineExtractionNode[0m
[2.083s] [35m[1mConsolidate compiler generated dependencies of target HoughLineFittingNode[0m
[2.083s] [35m[1mConsolidate compiler generated dependencies of target ScanTransformer[0m
[2.083s] [35m[1mConsolidate compiler generated dependencies of target LandmarkTransformerNode[0m
[2.084s] [35m[1mConsolidate compiler generated dependencies of target IncrementalLineFittingNode[0m
[2.100s] [ 10%] Built target PreprocessNode
[2.101s] [ 20%] Built target LandmarkGraphNode
[2.103s] [ 30%] Built target LandmarkTransformermapNode
[2.107s] [ 55%] Built target ScanTransformer
[2.107s] [ 55%] Built target LandmarkTransformerNode
[2.107s] [ 55%] [32mBuilding CXX object CMakeFiles/PoseGraphOptimizer.dir/src/PoseGraphOptimizer.cpp.o[0m
[2.113s] [ 65%] Built target RansacLineExtractionNode
[2.114s] [ 75%] Built target HoughLineFittingNode
[2.114s] [ 95%] Built target IncrementalLineFittingNode
[2.114s] [ 95%] Built target ScanAccumulator
[2.117s] [01m[K/home/kvothe/ros/src/cppp/src/PoseGraphOptimizer.cpp:1:10:[m[K [01;31m[Kfatal error: [m[Kgtsam/nonlinear/NonlinearFactorGraph.h: No such file or directory
[2.117s]     1 | #include [01;31m[K<gtsam/nonlinear/NonlinearFactorGraph.h>[m[K
[2.117s]       |          [01;31m[K^~~~~~~~~~~~~~~~~~~~~~~~~~~~~~~~~~~~~~~~[m[K
[2.117s] compilation terminated.
[2.118s] gmake[2]: *** [CMakeFiles/PoseGraphOptimizer.dir/build.make:76: CMakeFiles/PoseGraphOptimizer.dir/src/PoseGraphOptimizer.cpp.o] Error 1
[2.119s] gmake[1]: *** [CMakeFiles/Makefile2:389: CMakeFiles/PoseGraphOptimizer.dir/all] Error 2
[2.119s] gmake: *** [Makefile:146: all] Error 2
[2.122s] Invoked command in '/home/kvothe/ros/build/cppp' returned '2': CMAKE_PREFIX_PATH=/home/kvothe/ros/install/messages:/home/kvothe/ros/install/ros_bringup:/home/kvothe/ros/install/ros_gazebo:/home/kvothe/ros/install/robot_description:/home/kvothe/ros/install/cppp:/home/kvothe/ros/install/soma:/home/kvothe/ros/install/sensor_management:/home/kvothe/ros/install/robot_control:/opt/ros/humble /usr/bin/cmake --build /home/kvothe/ros/build/cppp -- -j12 -l12
