[35m[1mConsolidate compiler generated dependencies of target PoseGraphOptimizer[0m
[ 10%] Built target PreprocessNode
[ 30%] Built target LandmarkTransformerNode
[ 30%] Built target LandmarkGraphNode
[ 40%] Built target ScanTransformer
[ 60%] Built target LandmarkTransformermapNode
[ 60%] Built target HoughLineFittingNode
[ 70%] Built target RansacLineExtractionNode
[ 90%] Built target IncrementalLineFittingNode
[ 90%] Built target ScanAccumulator
[ 95%] [32mBuilding CXX object CMakeFiles/PoseGraphOptimizer.dir/src/PoseGraphOptimizer.cpp.o[0m
[01m[K/home/kvothe/ros/src/cppp/src/PoseGraphOptimizer.cpp:[m[K In constructor â€˜[01m[KPoseLandmarkCost::PoseLandmarkCost(double, double, const std::array<double, 4>&)[m[Kâ€™:
[01m[K/home/kvothe/ros/src/cppp/src/PoseGraphOptimizer.cpp:60:11:[m[K [01;31m[Kerror: [m[Kclass â€˜[01m[KPoseLandmarkCost[m[Kâ€™ does not have any field named â€˜[01m[Krho_[m[Kâ€™
   60 |         : [01;31m[Krho_[m[K(observed_rho), alpha_(observed_alpha) {
      |           [01;31m[K^~~~[m[K
[01m[K/home/kvothe/ros/src/cppp/src/PoseGraphOptimizer.cpp:60:31:[m[K [01;31m[Kerror: [m[Kclass â€˜[01m[KPoseLandmarkCost[m[Kâ€™ does not have any field named â€˜[01m[Kalpha_[m[Kâ€™
   60 |         : rho_(observed_rho), [01;31m[Kalpha_[m[K(observed_alpha) {
      |                               [01;31m[K^~~~~~[m[K
gmake[2]: *** [CMakeFiles/PoseGraphOptimizer.dir/build.make:76: CMakeFiles/PoseGraphOptimizer.dir/src/PoseGraphOptimizer.cpp.o] Error 1
gmake[1]: *** [CMakeFiles/Makefile2:389: CMakeFiles/PoseGraphOptimizer.dir/all] Error 2
gmake: *** [Makefile:146: all] Error 2
