[0.018s] Invoking command in '/home/kvothe/ros/build/cppp': CMAKE_PREFIX_PATH=/home/kvothe/ros/install/messages:/home/kvothe/ros/install/ros_bringup:/home/kvothe/ros/install/ros_gazebo:/home/kvothe/ros/install/robot_description:/home/kvothe/ros/install/cppp:/home/kvothe/ros/install/soma:/home/kvothe/ros/install/sensor_management:/home/kvothe/ros/install/robot_control:/opt/ros/humble /usr/bin/cmake --build /home/kvothe/ros/build/cppp -- -j12 -l12
[0.093s] [35m[1mConsolidate compiler generated dependencies of target PoseGraphOptimizer[0m
[0.105s] [ 10%] Built target PreprocessNode
[0.110s] [ 25%] Built target LandmarkTransformermapNode
[0.111s] [ 30%] Built target ScanTransformer
[0.114s] [ 40%] Built target LandmarkTransformerNode
[0.115s] [ 60%] Built target LandmarkGraphNode
[0.115s] [ 60%] Built target RansacLineExtractionNode
[0.119s] [ 75%] Built target IncrementalLineFittingNode
[0.119s] [ 75%] [32mBuilding CXX object CMakeFiles/PoseGraphOptimizer.dir/src/PoseGraphOptimizer.cpp.o[0m
[0.120s] [ 95%] Built target HoughLineFittingNode
[0.121s] [ 95%] Built target ScanAccumulator
[2.981s] [01m[K/home/kvothe/ros/src/cppp/src/PoseGraphOptimizer.cpp:[m[K In member function â€˜[01m[Kvoid PoseGraphOptimizer::optimizeGraph()[m[Kâ€™:
[2.981s] [01m[K/home/kvothe/ros/src/cppp/src/PoseGraphOptimizer.cpp:271:113:[m[K [01;31m[Kerror: [m[Kno matching function for call to â€˜[01m[KPoseLandmarkCost::PoseLandmarkCost(double&, double&, std::array<double, 4>)[m[Kâ€™
[2.981s]   271 |                 new PoseLandmarkCost(landmark_x, landmark_y, convertCovariance<double, 4>(constraint.covariance)[01;31m[K)[m[K);
[2.981s]       |                                                                                                                 [01;31m[K^[m[K
[2.981s] [01m[K/home/kvothe/ros/src/cppp/src/PoseGraphOptimizer.cpp:60:5:[m[K [01;36m[Knote: [m[Kcandidate: â€˜[01m[KPoseLandmarkCost::PoseLandmarkCost(double, double, const Matrix2d&)[m[Kâ€™
[2.982s]    60 |     [01;36m[KPoseLandmarkCost[m[K(double x_obs, double y_obs, const Eigen::Matrix2d& sqrt_info)
[2.982s]       |     [01;36m[K^~~~~~~~~~~~~~~~[m[K
[2.982s] [01m[K/home/kvothe/ros/src/cppp/src/PoseGraphOptimizer.cpp:60:73:[m[K [01;36m[Knote: [m[K  no known conversion for argument 3 from â€˜[01m[Kstd::array<double, 4>[m[Kâ€™ to â€˜[01m[Kconst Matrix2d&[m[Kâ€™ {aka â€˜[01m[Kconst Eigen::Matrix<double, 2, 2>&[m[Kâ€™}
[2.982s]    60 |     PoseLandmarkCost(double x_obs, double y_obs, [01;36m[Kconst Eigen::Matrix2d& sqrt_info[m[K)
[2.982s]       |                                                  [01;36m[K~~~~~~~~~~~~~~~~~~~~~~~^~~~~~~~~[m[K
[2.982s] [01m[K/home/kvothe/ros/src/cppp/src/PoseGraphOptimizer.cpp:59:8:[m[K [01;36m[Knote: [m[Kcandidate: â€˜[01m[KPoseLandmarkCost::PoseLandmarkCost(const PoseLandmarkCost&)[m[Kâ€™
[2.982s]    59 | struct [01;36m[KPoseLandmarkCost[m[K {
[2.982s]       |        [01;36m[K^~~~~~~~~~~~~~~~[m[K
[2.983s] [01m[K/home/kvothe/ros/src/cppp/src/PoseGraphOptimizer.cpp:59:8:[m[K [01;36m[Knote: [m[K  candidate expects 1 argument, 3 provided
[2.983s] [01m[K/home/kvothe/ros/src/cppp/src/PoseGraphOptimizer.cpp:59:8:[m[K [01;36m[Knote: [m[Kcandidate: â€˜[01m[KPoseLandmarkCost::PoseLandmarkCost(PoseLandmarkCost&&)[m[Kâ€™
[2.983s] [01m[K/home/kvothe/ros/src/cppp/src/PoseGraphOptimizer.cpp:59:8:[m[K [01;36m[Knote: [m[K  candidate expects 1 argument, 3 provided
[9.126s] gmake[2]: *** [CMakeFiles/PoseGraphOptimizer.dir/build.make:76: CMakeFiles/PoseGraphOptimizer.dir/src/PoseGraphOptimizer.cpp.o] Error 1
[9.127s] gmake[1]: *** [CMakeFiles/Makefile2:389: CMakeFiles/PoseGraphOptimizer.dir/all] Error 2
[9.127s] gmake: *** [Makefile:146: all] Error 2
[9.131s] Invoked command in '/home/kvothe/ros/build/cppp' returned '2': CMAKE_PREFIX_PATH=/home/kvothe/ros/install/messages:/home/kvothe/ros/install/ros_bringup:/home/kvothe/ros/install/ros_gazebo:/home/kvothe/ros/install/robot_description:/home/kvothe/ros/install/cppp:/home/kvothe/ros/install/soma:/home/kvothe/ros/install/sensor_management:/home/kvothe/ros/install/robot_control:/opt/ros/humble /usr/bin/cmake --build /home/kvothe/ros/build/cppp -- -j12 -l12
