[0.020s] Invoking command in '/home/kvothe/ros/build/cppp': CMAKE_PREFIX_PATH=/home/kvothe/ros/install/messages:/home/kvothe/ros/install/ros_bringup:/home/kvothe/ros/install/ros_gazebo:/home/kvothe/ros/install/robot_description:/home/kvothe/ros/install/cppp:/home/kvothe/ros/install/soma:/home/kvothe/ros/install/sensor_management:/home/kvothe/ros/install/robot_control:/opt/ros/humble /usr/bin/cmake --build /home/kvothe/ros/build/cppp -- -j12 -l12
[0.266s] -- Found ament_cmake: 1.3.11 (/opt/ros/humble/share/ament_cmake/cmake)
[0.266s] -- Found rclcpp: 16.0.12 (/opt/ros/humble/share/rclcpp/cmake)
[0.267s] -- Found rosidl_generator_c: 3.1.6 (/opt/ros/humble/share/rosidl_generator_c/cmake)
[0.267s] -- Found rosidl_adapter: 3.1.6 (/opt/ros/humble/share/rosidl_adapter/cmake)
[0.268s] -- Found rosidl_generator_cpp: 3.1.6 (/opt/ros/humble/share/rosidl_generator_cpp/cmake)
[0.268s] -- Using all available rosidl_typesupport_c: rosidl_typesupport_fastrtps_c;rosidl_typesupport_introspection_c
[0.270s] -- Using all available rosidl_typesupport_cpp: rosidl_typesupport_fastrtps_cpp;rosidl_typesupport_introspection_cpp
[0.300s] -- Found rmw_implementation_cmake: 6.1.2 (/opt/ros/humble/share/rmw_implementation_cmake/cmake)
[0.301s] -- Found rmw_fastrtps_cpp: 6.2.7 (/opt/ros/humble/share/rmw_fastrtps_cpp/cmake)
[0.423s] -- Using RMW implementation 'rmw_fastrtps_cpp' as default
[0.466s] -- Found sensor_msgs: 4.8.0 (/opt/ros/humble/share/sensor_msgs/cmake)
[0.491s] -- Found nav_msgs: 4.8.0 (/opt/ros/humble/share/nav_msgs/cmake)
[0.506s] -- Found visualization_msgs: 4.8.0 (/opt/ros/humble/share/visualization_msgs/cmake)
[0.522s] -- Found messages: 0.0.0 (/home/kvothe/ros/install/messages/share/messages/cmake)
[0.535s] -- Found rosidl_default_generators: 1.2.0 (/opt/ros/humble/share/rosidl_default_generators/cmake)
[0.542s] -- Found pcl_conversions: 2.4.5 (/opt/ros/humble/share/pcl_conversions/cmake)
[0.579s] -- Eigen found (include: /usr/include/eigen3, version: 3.4.0)
[0.617s] -- FLANN found (include: /usr/include, lib: /usr/lib/x86_64-linux-gnu/libflann_cpp.so)
[0.987s] -- OpenNI found (version: 1.5.4.0, include: /usr/include/ni, lib: /usr/lib/libOpenNI.so;libusb::libusb)
[0.994s] -- OpenNI2 found (version: 2.2.0.33, include: /usr/include/openni2, lib: /usr/lib/x86_64-linux-gnu/libOpenNI2.so;libusb::libusb)
[1.176s] -- Eigen found (include: /usr/include/eigen3, version: 3.4.0)
[1.183s] -- OpenNI found (version: 1.5.4.0, include: /usr/include/ni, lib: /usr/lib/libOpenNI.so;libusb::libusb)
[1.191s] -- OpenNI2 found (version: 2.2.0.33, include: /usr/include/openni2, lib: /usr/lib/x86_64-linux-gnu/libOpenNI2.so;libusb::libusb)
[1.333s] -- Found Qhull version 8.0.2
[1.492s] -- OpenNI found (version: 1.5.4.0, include: /usr/include/ni, lib: /usr/lib/libOpenNI.so;libusb::libusb)
[1.676s] -- Found tf2: 0.25.12 (/opt/ros/humble/share/tf2/cmake)
[1.680s] -- Found tf2_geometry_msgs: 0.25.12 (/opt/ros/humble/share/tf2_geometry_msgs/cmake)
[1.683s] -- Found eigen3_cmake_module: 0.1.1 (/opt/ros/humble/share/eigen3_cmake_module/cmake)
[1.684s] -- Ensuring Eigen3 include directory is part of orocos-kdl CMake target
[1.752s] -- Found tf2_sensor_msgs: 0.25.12 (/opt/ros/humble/share/tf2_sensor_msgs/cmake)
[1.764s] -- Found required Ceres dependency: Eigen version 3.4.0 in /usr/include/eigen3
[1.766s] -- Found required Ceres dependency: glog
[1.766s] -- Found required Ceres dependency: gflags
[1.767s] -- Found Ceres version: 2.0.0 installed in: /usr with components: [EigenSparse, SparseLinearAlgebraLibrary, LAPACK, SuiteSparse, CXSparse, SchurSpecializations, Multithreading]
[1.891s] -- Configuring done
[2.029s] -- Generating done
[2.074s] -- Build files have been written to: /home/kvothe/ros/build/cppp
[2.120s] [35m[1mConsolidate compiler generated dependencies of target LandmarkTransformerNode[0m
[2.121s] [35m[1mConsolidate compiler generated dependencies of target PreprocessNode[0m
[2.121s] [35m[1mConsolidate compiler generated dependencies of target HoughLineFittingNode[0m
[2.121s] [35m[1mConsolidate compiler generated dependencies of target IncrementalLineFittingNode[0m
[2.121s] [35m[1mConsolidate compiler generated dependencies of target RansacLineExtractionNode[0m
[2.122s] [35m[1mConsolidate compiler generated dependencies of target ScanTransformer[0m
[2.122s] [35m[1mConsolidate compiler generated dependencies of target LandmarkGraphNode[0m
[2.122s] [35m[1mConsolidate compiler generated dependencies of target LandmarkTransformermapNode[0m
[2.123s] [35m[1mConsolidate compiler generated dependencies of target ScanAccumulator[0m
[2.136s] [  5%] [32mBuilding CXX object CMakeFiles/PoseGraphOptimizer.dir/src/PoseGraphOptimizer.cpp.o[0m
[2.144s] [ 20%] Built target LandmarkTransformerNode
[2.144s] [ 25%] Built target PreprocessNode
[2.147s] [ 35%] Built target LandmarkGraphNode
[2.148s] [ 55%] Built target ScanTransformer
[2.148s] [ 55%] Built target LandmarkTransformermapNode
[2.154s] [ 85%] Built target RansacLineExtractionNode
[2.154s] [ 85%] Built target HoughLineFittingNode
[2.155s] [ 85%] Built target IncrementalLineFittingNode
[2.159s] [ 95%] Built target ScanAccumulator
[12.912s] [100%] [32m[1mLinking CXX executable PoseGraphOptimizer[0m
[13.533s] /usr/bin/ld: CMakeFiles/PoseGraphOptimizer.dir/src/PoseGraphOptimizer.cpp.o: in function `PoseGraphOptimizer::optimize()':
[13.533s] PoseGraphOptimizer.cpp:(.text._ZN18PoseGraphOptimizer8optimizeEv[_ZN18PoseGraphOptimizer8optimizeEv]+0x33): undefined reference to `ceres::Problem::Problem()'
[13.534s] /usr/bin/ld: PoseGraphOptimizer.cpp:(.text._ZN18PoseGraphOptimizer8optimizeEv[_ZN18PoseGraphOptimizer8optimizeEv]+0x82): undefined reference to `ceres::Solve(ceres::Solver::Options const&, ceres::Problem*, ceres::Solver::Summary*)'
[13.535s] /usr/bin/ld: PoseGraphOptimizer.cpp:(.text._ZN18PoseGraphOptimizer8optimizeEv[_ZN18PoseGraphOptimizer8optimizeEv]+0x24a): undefined reference to `ceres::Problem::~Problem()'
[13.536s] /usr/bin/ld: PoseGraphOptimizer.cpp:(.text._ZN18PoseGraphOptimizer8optimizeEv[_ZN18PoseGraphOptimizer8optimizeEv]+0x2d8): undefined reference to `ceres::Problem::~Problem()'
[13.594s] collect2: error: ld returned 1 exit status
[13.597s] gmake[2]: *** [CMakeFiles/PoseGraphOptimizer.dir/build.make:175: PoseGraphOptimizer] Error 1
[13.598s] gmake[1]: *** [CMakeFiles/Makefile2:389: CMakeFiles/PoseGraphOptimizer.dir/all] Error 2
[13.599s] gmake: *** [Makefile:146: all] Error 2
[13.602s] Invoked command in '/home/kvothe/ros/build/cppp' returned '2': CMAKE_PREFIX_PATH=/home/kvothe/ros/install/messages:/home/kvothe/ros/install/ros_bringup:/home/kvothe/ros/install/ros_gazebo:/home/kvothe/ros/install/robot_description:/home/kvothe/ros/install/cppp:/home/kvothe/ros/install/soma:/home/kvothe/ros/install/sensor_management:/home/kvothe/ros/install/robot_control:/opt/ros/humble /usr/bin/cmake --build /home/kvothe/ros/build/cppp -- -j12 -l12
