-- Found ament_cmake: 1.3.11 (/opt/ros/humble/share/ament_cmake/cmake)
-- Found rclcpp: 16.0.12 (/opt/ros/humble/share/rclcpp/cmake)
-- Found rosidl_generator_c: 3.1.6 (/opt/ros/humble/share/rosidl_generator_c/cmake)
-- Found rosidl_adapter: 3.1.6 (/opt/ros/humble/share/rosidl_adapter/cmake)
-- Found rosidl_generator_cpp: 3.1.6 (/opt/ros/humble/share/rosidl_generator_cpp/cmake)
-- Using all available rosidl_typesupport_c: rosidl_typesupport_fastrtps_c;rosidl_typesupport_introspection_c
-- Using all available rosidl_typesupport_cpp: rosidl_typesupport_fastrtps_cpp;rosidl_typesupport_introspection_cpp
-- Found rmw_implementation_cmake: 6.1.2 (/opt/ros/humble/share/rmw_implementation_cmake/cmake)
-- Found rmw_fastrtps_cpp: 6.2.7 (/opt/ros/humble/share/rmw_fastrtps_cpp/cmake)
-- Using RMW implementation 'rmw_fastrtps_cpp' as default
-- Found sensor_msgs: 4.8.0 (/opt/ros/humble/share/sensor_msgs/cmake)
-- Found nav_msgs: 4.8.0 (/opt/ros/humble/share/nav_msgs/cmake)
-- Found visualization_msgs: 4.8.0 (/opt/ros/humble/share/visualization_msgs/cmake)
-- Found messages: 0.0.0 (/home/kvothe/ros/install/messages/share/messages/cmake)
-- Found rosidl_default_generators: 1.2.0 (/opt/ros/humble/share/rosidl_default_generators/cmake)
-- Found Boost: /usr/lib/x86_64-linux-gnu/cmake/Boost-1.74.0/BoostConfig.cmake (found suitable version "1.74.0", minimum required is "1.65") found components: serialization system filesystem thread program_options date_time timer chrono regex 
-- GTSAM include directory:  /opt/ros/humble/lib/cmake/GTSAM/../../../include
-- Found pcl_conversions: 2.4.5 (/opt/ros/humble/share/pcl_conversions/cmake)
-- Eigen found (include: /usr/include/eigen3, version: 3.4.0)
-- FLANN found (include: /usr/include, lib: /usr/lib/x86_64-linux-gnu/libflann_cpp.so)
-- OpenNI found (version: 1.5.4.0, include: /usr/include/ni, lib: /usr/lib/libOpenNI.so;libusb::libusb)
-- OpenNI2 found (version: 2.2.0.33, include: /usr/include/openni2, lib: /usr/lib/x86_64-linux-gnu/libOpenNI2.so;libusb::libusb)
-- Eigen found (include: /usr/include/eigen3, version: 3.4.0)
-- OpenNI found (version: 1.5.4.0, include: /usr/include/ni, lib: /usr/lib/libOpenNI.so;libusb::libusb)
-- OpenNI2 found (version: 2.2.0.33, include: /usr/include/openni2, lib: /usr/lib/x86_64-linux-gnu/libOpenNI2.so;libusb::libusb)
-- Found Qhull version 8.0.2
-- OpenNI found (version: 1.5.4.0, include: /usr/include/ni, lib: /usr/lib/libOpenNI.so;libusb::libusb)
-- Found tf2: 0.25.12 (/opt/ros/humble/share/tf2/cmake)
-- Found tf2_geometry_msgs: 0.25.12 (/opt/ros/humble/share/tf2_geometry_msgs/cmake)
-- Found eigen3_cmake_module: 0.1.1 (/opt/ros/humble/share/eigen3_cmake_module/cmake)
-- Ensuring Eigen3 include directory is part of orocos-kdl CMake target
-- Found tf2_sensor_msgs: 0.25.12 (/opt/ros/humble/share/tf2_sensor_msgs/cmake)
-- Found required Ceres dependency: Eigen version 3.4.0 in /usr/include/eigen3
-- Found required Ceres dependency: glog
-- Found required Ceres dependency: gflags
-- Found Ceres version: 2.0.0 installed in: /usr with components: [EigenSparse, SparseLinearAlgebraLibrary, LAPACK, SuiteSparse, CXSparse, SchurSpecializations, Multithreading]
-- Configuring done
-- Generating done
-- Build files have been written to: /home/kvothe/ros/build/cppp
[35m[1mConsolidate compiler generated dependencies of target PreprocessNode[0m
[35m[1mConsolidate compiler generated dependencies of target LandmarkTransformermapNode[0m
[35m[1mConsolidate compiler generated dependencies of target PoseGraphOptimizer[0m
[35m[1mConsolidate compiler generated dependencies of target HoughLineFittingNode[0m
[35m[1mConsolidate compiler generated dependencies of target LandmarkTransformerNode[0m
[35m[1mConsolidate compiler generated dependencies of target LandmarkGraphNode[0m
[35m[1mConsolidate compiler generated dependencies of target RansacLineExtractionNode[0m
[35m[1mConsolidate compiler generated dependencies of target ScanAccumulator[0m
[35m[1mConsolidate compiler generated dependencies of target IncrementalLineFittingNode[0m
[35m[1mConsolidate compiler generated dependencies of target ScanTransformer[0m
[ 10%] Built target PreprocessNode
[ 15%] [32mBuilding CXX object CMakeFiles/PoseGraphOptimizer.dir/src/PoseGraphOptimizer.cpp.o[0m
[ 30%] Built target LandmarkTransformermapNode
[ 35%] Built target LandmarkTransformerNode
[ 45%] Built target LandmarkGraphNode
[ 55%] Built target ScanTransformer
[ 65%] Built target RansacLineExtractionNode
[ 75%] Built target HoughLineFittingNode
[ 85%] Built target IncrementalLineFittingNode
[ 95%] Built target ScanAccumulator
[01m[K/home/kvothe/ros/src/cppp/src/PoseGraphOptimizer.cpp:[m[K In member function â€˜[01m[Kvoid PoseGraphOptimizer::optimizeGraph()[m[Kâ€™:
[01m[K/home/kvothe/ros/src/cppp/src/PoseGraphOptimizer.cpp:267:52:[m[K [01;31m[Kerror: [m[Kâ€˜[01m[Kconst struct messages::msg::LandmarkConstraint_<std::allocator<void> >[m[Kâ€™ has no member named â€˜[01m[Kstart[m[Kâ€™
  267 |                 double x_start_global = constraint.[01;31m[Kstart[m[K.x;
      |                                                    [01;31m[K^~~~~[m[K
[01m[K/home/kvothe/ros/src/cppp/src/PoseGraphOptimizer.cpp:268:52:[m[K [01;31m[Kerror: [m[Kâ€˜[01m[Kconst struct messages::msg::LandmarkConstraint_<std::allocator<void> >[m[Kâ€™ has no member named â€˜[01m[Kstart[m[Kâ€™
  268 |                 double y_start_global = constraint.[01;31m[Kstart[m[K.y;
      |                                                    [01;31m[K^~~~~[m[K
[01m[K/home/kvothe/ros/src/cppp/src/PoseGraphOptimizer.cpp:270:50:[m[K [01;31m[Kerror: [m[Kâ€˜[01m[Kconst struct messages::msg::LandmarkConstraint_<std::allocator<void> >[m[Kâ€™ has no member named â€˜[01m[Kend[m[Kâ€™
  270 |                 double x_end_global = constraint.[01;31m[Kend[m[K.x;
      |                                                  [01;31m[K^~~[m[K
[01m[K/home/kvothe/ros/src/cppp/src/PoseGraphOptimizer.cpp:271:50:[m[K [01;31m[Kerror: [m[Kâ€˜[01m[Kconst struct messages::msg::LandmarkConstraint_<std::allocator<void> >[m[Kâ€™ has no member named â€˜[01m[Kend[m[Kâ€™
  271 |                 double y_end_global = constraint.[01;31m[Kend[m[K.y;
      |                                                  [01;31m[K^~~[m[K
gmake[2]: *** [CMakeFiles/PoseGraphOptimizer.dir/build.make:76: CMakeFiles/PoseGraphOptimizer.dir/src/PoseGraphOptimizer.cpp.o] Error 1
gmake[1]: *** [CMakeFiles/Makefile2:389: CMakeFiles/PoseGraphOptimizer.dir/all] Error 2
gmake: *** [Makefile:146: all] Error 2
