[0.031s] Invoking command in '/home/kvothe/ros/build/cppp': CMAKE_PREFIX_PATH=/home/kvothe/ros/install/messages:/home/kvothe/ros/install/ros_bringup:/home/kvothe/ros/install/ros_gazebo:/home/kvothe/ros/install/robot_description:/home/kvothe/ros/install/cppp:/home/kvothe/ros/install/soma:/home/kvothe/ros/install/sensor_management:/home/kvothe/ros/install/robot_control:/opt/ros/humble /usr/bin/cmake --build /home/kvothe/ros/build/cppp -- -j12 -l12
[0.292s] [ 10%] Built target PreprocessNode
[0.292s] [ 20%] Built target LandmarkGraphNode
[0.292s] [ 30%] Built target LandmarkTransformermapNode
[0.292s] [ 40%] Built target ScanTransformer
[0.293s] [ 50%] Built target LandmarkTransformerNode
[0.293s] [ 60%] Built target IncrementalLineFittingNode
[0.293s] [ 90%] Built target ScanAccumulator
[0.293s] [ 90%] Built target RansacLineExtractionNode
[0.293s] [ 90%] Built target HoughLineFittingNode
[0.293s] [ 95%] [32mBuilding CXX object CMakeFiles/PoseGraphOptimizer.dir/src/PoseGraphOptimizer.cpp.o[0m
[1.129s] [01m[K/home/kvothe/ros/src/cppp/src/PoseGraphOptimizer.cpp:17:10:[m[K [01;31m[Kfatal error: [m[Kgtsam/noiseModel/Diagonal.h: No such file or directory
[1.129s]    17 | #include [01;31m[K<gtsam/noiseModel/Diagonal.h>[m[K
[1.129s]       |          [01;31m[K^~~~~~~~~~~~~~~~~~~~~~~~~~~~~[m[K
[1.129s] compilation terminated.
[1.144s] gmake[2]: *** [CMakeFiles/PoseGraphOptimizer.dir/build.make:76: CMakeFiles/PoseGraphOptimizer.dir/src/PoseGraphOptimizer.cpp.o] Error 1
[1.144s] gmake[1]: *** [CMakeFiles/Makefile2:389: CMakeFiles/PoseGraphOptimizer.dir/all] Error 2
[1.144s] gmake: *** [Makefile:146: all] Error 2
[1.148s] Invoked command in '/home/kvothe/ros/build/cppp' returned '2': CMAKE_PREFIX_PATH=/home/kvothe/ros/install/messages:/home/kvothe/ros/install/ros_bringup:/home/kvothe/ros/install/ros_gazebo:/home/kvothe/ros/install/robot_description:/home/kvothe/ros/install/cppp:/home/kvothe/ros/install/soma:/home/kvothe/ros/install/sensor_management:/home/kvothe/ros/install/robot_control:/opt/ros/humble /usr/bin/cmake --build /home/kvothe/ros/build/cppp -- -j12 -l12
