[0.015s] Invoking command in '/home/kvothe/ros/build/solver': CMAKE_PREFIX_PATH=${CMAKE_PREFIX_PATH}:/home/kvothe/ros/install/soma:/home/kvothe/ros/install/sensor_management:/home/kvothe/ros/install/robot_control:/opt/ros/humble /usr/bin/cmake --build /home/kvothe/ros/build/solver -- -j12 -l12
[0.051s] -- Found ament_cmake: 1.3.11 (/opt/ros/humble/share/ament_cmake/cmake)
[0.200s] -- Found rclcpp: 16.0.11 (/opt/ros/humble/share/rclcpp/cmake)
[0.248s] -- Found rosidl_generator_c: 3.1.6 (/opt/ros/humble/share/rosidl_generator_c/cmake)
[0.250s] -- Found rosidl_adapter: 3.1.6 (/opt/ros/humble/share/rosidl_adapter/cmake)
[0.256s] -- Found rosidl_generator_cpp: 3.1.6 (/opt/ros/humble/share/rosidl_generator_cpp/cmake)
[0.265s] -- Using all available rosidl_typesupport_c: rosidl_typesupport_fastrtps_c;rosidl_typesupport_introspection_c
[0.276s] -- Using all available rosidl_typesupport_cpp: rosidl_typesupport_fastrtps_cpp;rosidl_typesupport_introspection_cpp
[0.306s] -- Found rmw_implementation_cmake: 6.1.2 (/opt/ros/humble/share/rmw_implementation_cmake/cmake)
[0.308s] -- Found rmw_fastrtps_cpp: 6.2.7 (/opt/ros/humble/share/rmw_fastrtps_cpp/cmake)
[0.436s] -- Using RMW implementation 'rmw_fastrtps_cpp' as default
[0.558s] -- Configuring done
[0.567s] -- Generating done
[0.571s] -- Build files have been written to: /home/kvothe/ros/build/solver
[0.611s] [35m[1mConsolidate compiler generated dependencies of target test_g2o[0m
[0.643s] [ 50%] [32mBuilding CXX object CMakeFiles/test_g2o.dir/src/test_g2o.cpp.o[0m
[1.050s] [01m[K/home/kvothe/ros/src/solver/src/test_g2o.cpp:6:10:[m[K [01;31m[Kfatal error: [m[Kg2o/optimization_algorithm_levenberg.h: No such file or directory
[1.050s]     6 | #include [01;31m[K<g2o/optimization_algorithm_levenberg.h>[m[K
[1.050s]       |          [01;31m[K^~~~~~~~~~~~~~~~~~~~~~~~~~~~~~~~~~~~~~~~[m[K
[1.050s] compilation terminated.
[1.061s] gmake[2]: *** [CMakeFiles/test_g2o.dir/build.make:76: CMakeFiles/test_g2o.dir/src/test_g2o.cpp.o] Error 1
[1.061s] gmake[1]: *** [CMakeFiles/Makefile2:137: CMakeFiles/test_g2o.dir/all] Error 2
[1.062s] gmake: *** [Makefile:146: all] Error 2
[1.066s] Invoked command in '/home/kvothe/ros/build/solver' returned '2': CMAKE_PREFIX_PATH=${CMAKE_PREFIX_PATH}:/home/kvothe/ros/install/soma:/home/kvothe/ros/install/sensor_management:/home/kvothe/ros/install/robot_control:/opt/ros/humble /usr/bin/cmake --build /home/kvothe/ros/build/solver -- -j12 -l12
