[0.030s] Invoking command in '/home/kvothe/ros/build/cppp': CMAKE_PREFIX_PATH=/home/kvothe/ros/install/messages:/home/kvothe/ros/install/ros_bringup:/home/kvothe/ros/install/ros_gazebo:/home/kvothe/ros/install/robot_description:/home/kvothe/ros/install/cppp:/home/kvothe/ros/install/soma:/home/kvothe/ros/install/sensor_management:/home/kvothe/ros/install/robot_control:/opt/ros/humble /usr/bin/cmake --build /home/kvothe/ros/build/cppp -- -j12 -l12
[0.221s] [  5%] [32mBuilding CXX object CMakeFiles/PreprocessNode.dir/src/PreprocessNode.cpp.o[0m
[0.229s] [ 20%] [32mBuilding CXX object CMakeFiles/LandmarkTransformermapNode.dir/src/LandmarkTransformermapNode.cpp.o[0m
[0.230s] [ 20%] [32mBuilding CXX object CMakeFiles/LandmarkGraphNode.dir/src/LandmarkGraphNode.cpp.o[0m
[0.230s] [ 20%] [32mBuilding CXX object CMakeFiles/LandmarkTransformerNode.dir/src/LandmarkTransformerNode.cpp.o[0m
[0.233s] [ 30%] Built target ScanTransformer
[0.237s] [ 35%] [32mBuilding CXX object CMakeFiles/PoseGraphOptimizer.dir/src/PoseGraphOptimizer.cpp.o[0m
[0.281s] [ 45%] [32mBuilding CXX object CMakeFiles/IncrementalLineFittingNode.dir/src/IncrementalLineFittingNode.cpp.o[0m
[0.281s] [ 45%] [32mBuilding CXX object CMakeFiles/ScanAccumulator.dir/src/ScanAccumulator.cpp.o[0m
[0.281s] [ 50%] [32mBuilding CXX object CMakeFiles/RansacLineExtractionNode.dir/src/RansacLineExtractionNode.cpp.o[0m
[0.287s] [ 55%] [32mBuilding CXX object CMakeFiles/HoughLineFittingNode.dir/src/HoughLineFittingNode.cpp.o[0m
[2.684s] In file included from [01m[K/home/kvothe/ros/src/cppp/src/PoseGraphOptimizer.cpp:6[m[K:
[2.684s] [01m[K/opt/ros/humble/include/gtsam/slam/BearingRangeFactor.h:18:2:[m[K [01;35m[Kwarning: [m[K#warning is a GCC extension
[2.684s]    18 | #[01;35m[Kwarning[m[K "BearingRangeFactor is now an ExpressionFactor in SAM directory"
[2.684s]       |  [01;35m[K^~~~~~~[m[K
[2.685s] [01m[K/opt/ros/humble/include/gtsam/slam/BearingRangeFactor.h:18:2:[m[K [01;35m[Kwarning: [m[K#warning "BearingRangeFactor is now an ExpressionFactor in SAM directory" [[01;35m[K]8;;https://gcc.gnu.org/onlinedocs/gcc/Warning-Options.html#index-Wcpp-Wcpp]8;;[m[K]
[3.114s] [01m[K/home/kvothe/ros/src/cppp/src/PoseGraphOptimizer.cpp:13:10:[m[K [01;31m[Kfatal error: [m[Kmessages/msg/landmark_node.hpp: No such file or directory
[3.114s]    13 | #include [01;31m[K<messages/msg/landmark_node.hpp>[m[K
[3.114s]       |          [01;31m[K^~~~~~~~~~~~~~~~~~~~~~~~~~~~~~~~[m[K
[3.114s] compilation terminated.
[3.139s] gmake[2]: *** [CMakeFiles/PoseGraphOptimizer.dir/build.make:76: CMakeFiles/PoseGraphOptimizer.dir/src/PoseGraphOptimizer.cpp.o] Error 1
[3.139s] gmake[1]: *** [CMakeFiles/Makefile2:389: CMakeFiles/PoseGraphOptimizer.dir/all] Error 2
[3.139s] gmake[1]: *** Waiting for unfinished jobs....
[12.674s] [ 60%] [32m[1mLinking CXX executable LandmarkGraphNode[0m
[12.993s] [ 65%] [32m[1mLinking CXX executable PreprocessNode[0m
[13.770s] [ 70%] [32m[1mLinking CXX executable LandmarkTransformermapNode[0m
[14.047s] [ 70%] Built target LandmarkGraphNode
[14.212s] [ 70%] Built target PreprocessNode
[14.813s] [ 70%] Built target LandmarkTransformermapNode
[17.389s] [ 75%] [32m[1mLinking CXX executable LandmarkTransformerNode[0m
[18.598s] [ 75%] Built target LandmarkTransformerNode
[20.097s] [ 80%] [32m[1mLinking CXX executable IncrementalLineFittingNode[0m
[20.303s] [ 85%] [32m[1mLinking CXX executable HoughLineFittingNode[0m
[20.399s] [ 90%] [32m[1mLinking CXX executable RansacLineExtractionNode[0m
[22.296s] [ 90%] Built target IncrementalLineFittingNode
[22.684s] [ 90%] Built target HoughLineFittingNode
[23.048s] [ 90%] Built target RansacLineExtractionNode
[24.064s] [ 95%] [32m[1mLinking CXX executable ScanAccumulator[0m
[25.661s] [ 95%] Built target ScanAccumulator
[25.666s] gmake: *** [Makefile:146: all] Error 2
[25.736s] Invoked command in '/home/kvothe/ros/build/cppp' returned '2': CMAKE_PREFIX_PATH=/home/kvothe/ros/install/messages:/home/kvothe/ros/install/ros_bringup:/home/kvothe/ros/install/ros_gazebo:/home/kvothe/ros/install/robot_description:/home/kvothe/ros/install/cppp:/home/kvothe/ros/install/soma:/home/kvothe/ros/install/sensor_management:/home/kvothe/ros/install/robot_control:/opt/ros/humble /usr/bin/cmake --build /home/kvothe/ros/build/cppp -- -j12 -l12
