[0.040s] Invoking command in '/home/kvothe/ros/build/cppp': CMAKE_PREFIX_PATH=/home/kvothe/ros/install/messages:/home/kvothe/ros/install/ros_bringup:/home/kvothe/ros/install/ros_gazebo:/home/kvothe/ros/install/robot_description:/home/kvothe/ros/install/cppp:/home/kvothe/ros/install/soma:/home/kvothe/ros/install/sensor_management:/home/kvothe/ros/install/robot_control:/opt/ros/humble /usr/bin/cmake --build /home/kvothe/ros/build/cppp -- -j12 -l12
[0.197s] [35m[1mConsolidate compiler generated dependencies of target PoseGraphOptimizer[0m
[0.228s] [ 20%] Built target PreprocessNode
[0.228s] [ 20%] Built target ScanTransformer
[0.234s] [ 30%] Built target LandmarkGraphNode
[0.240s] [ 40%] Built target LandmarkTransformermapNode
[0.242s] [ 50%] Built target LandmarkTransformerNode
[0.252s] [ 55%] [32mBuilding CXX object CMakeFiles/PoseGraphOptimizer.dir/src/PoseGraphOptimizer.cpp.o[0m
[0.254s] [ 75%] Built target IncrementalLineFittingNode
[0.254s] [ 75%] Built target HoughLineFittingNode
[0.255s] [ 85%] Built target RansacLineExtractionNode
[0.262s] [ 95%] Built target ScanAccumulator
[4.537s] In file included from [01m[K/opt/ros/humble/include/rclcpp/rclcpp/client.hpp:40[m[K,
[4.537s]                  from [01m[K/opt/ros/humble/include/rclcpp/rclcpp/callback_group.hpp:24[m[K,
[4.538s]                  from [01m[K/opt/ros/humble/include/rclcpp/rclcpp/any_executable.hpp:20[m[K,
[4.538s]                  from [01m[K/opt/ros/humble/include/rclcpp/rclcpp/memory_strategy.hpp:25[m[K,
[4.538s]                  from [01m[K/opt/ros/humble/include/rclcpp/rclcpp/memory_strategies.hpp:18[m[K,
[4.538s]                  from [01m[K/opt/ros/humble/include/rclcpp/rclcpp/executor_options.hpp:20[m[K,
[4.538s]                  from [01m[K/opt/ros/humble/include/rclcpp/rclcpp/executor.hpp:37[m[K,
[4.538s]                  from [01m[K/opt/ros/humble/include/rclcpp/rclcpp/executors/multi_threaded_executor.hpp:25[m[K,
[4.538s]                  from [01m[K/opt/ros/humble/include/rclcpp/rclcpp/executors.hpp:21[m[K,
[4.538s]                  from [01m[K/opt/ros/humble/include/rclcpp/rclcpp/rclcpp.hpp:155[m[K,
[4.539s]                  from [01m[K/home/kvothe/ros/src/cppp/src/PoseGraphOptimizer.cpp:1[m[K:
[4.539s] [01m[K/home/kvothe/ros/src/cppp/src/PoseGraphOptimizer.cpp:302:5:[m[K [01;31m[Kerror: [m[Kexpected unqualified-id before â€˜[01m[Kdo[m[Kâ€™
[4.539s]   302 |     [01;31m[KRCLCPP_INFO[m[K(this->get_logger(), "Optimized Landmarks:");
[4.539s]       |     [01;31m[K^~~~~~~~~~~[m[K
[4.539s] [01m[K/home/kvothe/ros/src/cppp/src/PoseGraphOptimizer.cpp:302:5:[m[K [01;31m[Kerror: [m[Kexpected unqualified-id before â€˜[01m[Kwhile[m[Kâ€™
[4.539s]   302 |     [01;31m[KRCLCPP_INFO[m[K(this->get_logger(), "Optimized Landmarks:");
[4.539s]       |     [01;31m[K^~~~~~~~~~~[m[K
[4.540s] [01m[K/home/kvothe/ros/src/cppp/src/PoseGraphOptimizer.cpp:303:5:[m[K [01;31m[Kerror: [m[Kexpected unqualified-id before â€˜[01m[Kfor[m[Kâ€™
[4.540s]   303 |     [01;31m[Kfor[m[K (size_t i = 0; i < landmark_variables.size(); ++i) {
[4.540s]       |     [01;31m[K^~~[m[K
[4.542s] [01m[K/home/kvothe/ros/src/cppp/src/PoseGraphOptimizer.cpp:303:24:[m[K [01;31m[Kerror: [m[Kâ€˜[01m[Ki[m[Kâ€™ does not name a type
[4.542s]   303 |     for (size_t i = 0; [01;31m[Ki[m[K < landmark_variables.size(); ++i) {
[4.542s]       |                        [01;31m[K^[m[K
[4.542s] [01m[K/home/kvothe/ros/src/cppp/src/PoseGraphOptimizer.cpp:303:55:[m[K [01;31m[Kerror: [m[Kexpected unqualified-id before â€˜[01m[K++[m[Kâ€™ token
[4.542s]   303 |     for (size_t i = 0; i < landmark_variables.size(); [01;31m[K++[m[Ki) {
[4.542s]       |                                                       [01;31m[K^~[m[K
[12.043s] gmake[2]: *** [CMakeFiles/PoseGraphOptimizer.dir/build.make:76: CMakeFiles/PoseGraphOptimizer.dir/src/PoseGraphOptimizer.cpp.o] Error 1
[12.044s] gmake[1]: *** [CMakeFiles/Makefile2:389: CMakeFiles/PoseGraphOptimizer.dir/all] Error 2
[12.044s] gmake: *** [Makefile:146: all] Error 2
[12.048s] Invoked command in '/home/kvothe/ros/build/cppp' returned '2': CMAKE_PREFIX_PATH=/home/kvothe/ros/install/messages:/home/kvothe/ros/install/ros_bringup:/home/kvothe/ros/install/ros_gazebo:/home/kvothe/ros/install/robot_description:/home/kvothe/ros/install/cppp:/home/kvothe/ros/install/soma:/home/kvothe/ros/install/sensor_management:/home/kvothe/ros/install/robot_control:/opt/ros/humble /usr/bin/cmake --build /home/kvothe/ros/build/cppp -- -j12 -l12
