[01m[K/home/kvothe/ros/src/cppp/src/PoseGraphOptimizer.cpp:[m[K In member function â€˜[01m[Kvoid PoseGraphOptimizer::optimizeGraph()[m[Kâ€™:
[01m[K/home/kvothe/ros/src/cppp/src/PoseGraphOptimizer.cpp:72:82:[m[K [01;31m[Kerror: [m[Kâ€˜[01m[KPosePoseCost[m[Kâ€™ was not declared in this scope
   72 |             ceres::CostFunction* cost_function = new ceres::AutoDiffCostFunction<[01;31m[KPosePoseCost[m[K, 3, 3, 3>(
      |                                                                                  [01;31m[K^~~~~~~~~~~~[m[K
[01m[K/home/kvothe/ros/src/cppp/src/PoseGraphOptimizer.cpp:72:103:[m[K [01;31m[Kerror: [m[Ktemplate argument 1 is invalid
   72 |             ceres::CostFunction* cost_function = new ceres::AutoDiffCostFunction<PosePoseCost, 3, 3, 3[01;31m[K>[m[K(
      |                                                                                                       [01;31m[K^[m[K
[01m[K/home/kvothe/ros/src/cppp/src/PoseGraphOptimizer.cpp:73:21:[m[K [01;31m[Kerror: [m[Kexpected type-specifier before â€˜[01m[KPosePoseCost[m[Kâ€™
   73 |                 new [01;31m[KPosePoseCost[m[K(constraint.dx, constraint.dy, constraint.dtheta, constraint.covariance));
      |                     [01;31m[K^~~~~~~~~~~~[m[K
[01m[K/home/kvothe/ros/src/cppp/src/PoseGraphOptimizer.cpp:81:82:[m[K [01;31m[Kerror: [m[Kâ€˜[01m[KPoseLandmarkCost[m[Kâ€™ was not declared in this scope
   81 |             ceres::CostFunction* cost_function = new ceres::AutoDiffCostFunction<[01;31m[KPoseLandmarkCost[m[K, 2, 3, 2>(
      |                                                                                  [01;31m[K^~~~~~~~~~~~~~~~[m[K
[01m[K/home/kvothe/ros/src/cppp/src/PoseGraphOptimizer.cpp:81:107:[m[K [01;31m[Kerror: [m[Ktemplate argument 1 is invalid
   81 |             ceres::CostFunction* cost_function = new ceres::AutoDiffCostFunction<PoseLandmarkCost, 2, 3, 2[01;31m[K>[m[K(
      |                                                                                                           [01;31m[K^[m[K
[01m[K/home/kvothe/ros/src/cppp/src/PoseGraphOptimizer.cpp:82:21:[m[K [01;31m[Kerror: [m[Kexpected type-specifier before â€˜[01m[KPoseLandmarkCost[m[Kâ€™
   82 |                 new [01;31m[KPoseLandmarkCost[m[K(constraint.rho, constraint.alpha, constraint.covariance));
      |                     [01;31m[K^~~~~~~~~~~~~~~~[m[K
[01m[K/home/kvothe/ros/src/cppp/src/PoseGraphOptimizer.cpp:90:82:[m[K [01;31m[Kerror: [m[Kâ€˜[01m[KLandmarkLandmarkCost[m[Kâ€™ was not declared in this scope
   90 |             ceres::CostFunction* cost_function = new ceres::AutoDiffCostFunction<[01;31m[KLandmarkLandmarkCost[m[K, 2, 2, 2>(
      |                                                                                  [01;31m[K^~~~~~~~~~~~~~~~~~~~[m[K
[01m[K/home/kvothe/ros/src/cppp/src/PoseGraphOptimizer.cpp:90:111:[m[K [01;31m[Kerror: [m[Ktemplate argument 1 is invalid
   90 |             ceres::CostFunction* cost_function = new ceres::AutoDiffCostFunction<LandmarkLandmarkCost, 2, 2, 2[01;31m[K>[m[K(
      |                                                                                                               [01;31m[K^[m[K
[01m[K/home/kvothe/ros/src/cppp/src/PoseGraphOptimizer.cpp:91:21:[m[K [01;31m[Kerror: [m[Kexpected type-specifier before â€˜[01m[KLandmarkLandmarkCost[m[Kâ€™
   91 |                 new [01;31m[KLandmarkLandmarkCost[m[K(constraint.dx, constraint.dy, constraint.covariance));
      |                     [01;31m[K^~~~~~~~~~~~~~~~~~~~[m[K
gmake[2]: *** [CMakeFiles/PoseGraphOptimizer.dir/build.make:76: CMakeFiles/PoseGraphOptimizer.dir/src/PoseGraphOptimizer.cpp.o] Error 1
gmake[1]: *** [CMakeFiles/Makefile2:389: CMakeFiles/PoseGraphOptimizer.dir/all] Error 2
gmake: *** [Makefile:146: all] Error 2
