[0.022s] Invoking command in '/home/kvothe/ros/build/cppp': CMAKE_PREFIX_PATH=/home/kvothe/ros/install/messages:/home/kvothe/ros/install/ros_bringup:/home/kvothe/ros/install/ros_gazebo:/home/kvothe/ros/install/robot_description:/home/kvothe/ros/install/cppp:/home/kvothe/ros/install/soma:/home/kvothe/ros/install/sensor_management:/home/kvothe/ros/install/robot_control:/opt/ros/humble /usr/bin/cmake --build /home/kvothe/ros/build/cppp -- -j12 -l12
[0.113s] [ 20%] Built target PreprocessNode
[0.113s] [ 20%] Built target LandmarkGraphNode
[0.113s] [ 30%] Built target LandmarkTransformermapNode
[0.114s] [ 35%] [32mBuilding CXX object CMakeFiles/PoseGraphOptimizer.dir/src/PoseGraphOptimizer.cpp.o[0m
[0.115s] [ 45%] Built target IncrementalLineFittingNode
[0.115s] [ 55%] Built target LandmarkTransformerNode
[0.116s] [ 65%] Built target ScanTransformer
[0.122s] [ 75%] Built target HoughLineFittingNode
[0.127s] [ 85%] Built target RansacLineExtractionNode
[0.127s] [ 95%] Built target ScanAccumulator
[2.931s] [01m[K/home/kvothe/ros/src/cppp/src/PoseGraphOptimizer.cpp:[m[K In member function â€˜[01m[Kvoid PoseGraphOptimizer::optimizeGraph()[m[Kâ€™:
[2.931s] [01m[K/home/kvothe/ros/src/cppp/src/PoseGraphOptimizer.cpp:72:82:[m[K [01;31m[Kerror: [m[Kâ€˜[01m[KPosePoseCost[m[Kâ€™ was not declared in this scope
[2.931s]    72 |             ceres::CostFunction* cost_function = new ceres::AutoDiffCostFunction<[01;31m[KPosePoseCost[m[K, 3, 3, 3>(
[2.931s]       |                                                                                  [01;31m[K^~~~~~~~~~~~[m[K
[2.931s] [01m[K/home/kvothe/ros/src/cppp/src/PoseGraphOptimizer.cpp:72:103:[m[K [01;31m[Kerror: [m[Ktemplate argument 1 is invalid
[2.931s]    72 |             ceres::CostFunction* cost_function = new ceres::AutoDiffCostFunction<PosePoseCost, 3, 3, 3[01;31m[K>[m[K(
[2.932s]       |                                                                                                       [01;31m[K^[m[K
[2.932s] [01m[K/home/kvothe/ros/src/cppp/src/PoseGraphOptimizer.cpp:73:21:[m[K [01;31m[Kerror: [m[Kexpected type-specifier before â€˜[01m[KPosePoseCost[m[Kâ€™
[2.932s]    73 |                 new [01;31m[KPosePoseCost[m[K(constraint.dx, constraint.dy, constraint.dtheta, constraint.covariance));
[2.932s]       |                     [01;31m[K^~~~~~~~~~~~[m[K
[2.941s] [01m[K/home/kvothe/ros/src/cppp/src/PoseGraphOptimizer.cpp:81:82:[m[K [01;31m[Kerror: [m[Kâ€˜[01m[KPoseLandmarkCost[m[Kâ€™ was not declared in this scope
[2.941s]    81 |             ceres::CostFunction* cost_function = new ceres::AutoDiffCostFunction<[01;31m[KPoseLandmarkCost[m[K, 2, 3, 2>(
[2.941s]       |                                                                                  [01;31m[K^~~~~~~~~~~~~~~~[m[K
[2.941s] [01m[K/home/kvothe/ros/src/cppp/src/PoseGraphOptimizer.cpp:81:107:[m[K [01;31m[Kerror: [m[Ktemplate argument 1 is invalid
[2.941s]    81 |             ceres::CostFunction* cost_function = new ceres::AutoDiffCostFunction<PoseLandmarkCost, 2, 3, 2[01;31m[K>[m[K(
[2.941s]       |                                                                                                           [01;31m[K^[m[K
[2.941s] [01m[K/home/kvothe/ros/src/cppp/src/PoseGraphOptimizer.cpp:82:21:[m[K [01;31m[Kerror: [m[Kexpected type-specifier before â€˜[01m[KPoseLandmarkCost[m[Kâ€™
[2.942s]    82 |                 new [01;31m[KPoseLandmarkCost[m[K(constraint.rho, constraint.alpha, constraint.covariance));
[2.942s]       |                     [01;31m[K^~~~~~~~~~~~~~~~[m[K
[2.952s] [01m[K/home/kvothe/ros/src/cppp/src/PoseGraphOptimizer.cpp:90:82:[m[K [01;31m[Kerror: [m[Kâ€˜[01m[KLandmarkLandmarkCost[m[Kâ€™ was not declared in this scope
[2.952s]    90 |             ceres::CostFunction* cost_function = new ceres::AutoDiffCostFunction<[01;31m[KLandmarkLandmarkCost[m[K, 2, 2, 2>(
[2.952s]       |                                                                                  [01;31m[K^~~~~~~~~~~~~~~~~~~~[m[K
[2.952s] [01m[K/home/kvothe/ros/src/cppp/src/PoseGraphOptimizer.cpp:90:111:[m[K [01;31m[Kerror: [m[Ktemplate argument 1 is invalid
[2.952s]    90 |             ceres::CostFunction* cost_function = new ceres::AutoDiffCostFunction<LandmarkLandmarkCost, 2, 2, 2[01;31m[K>[m[K(
[2.953s]       |                                                                                                               [01;31m[K^[m[K
[2.953s] [01m[K/home/kvothe/ros/src/cppp/src/PoseGraphOptimizer.cpp:91:21:[m[K [01;31m[Kerror: [m[Kexpected type-specifier before â€˜[01m[KLandmarkLandmarkCost[m[Kâ€™
[2.953s]    91 |                 new [01;31m[KLandmarkLandmarkCost[m[K(constraint.dx, constraint.dy, constraint.covariance));
[2.953s]       |                     [01;31m[K^~~~~~~~~~~~~~~~~~~~[m[K
[7.111s] gmake[2]: *** [CMakeFiles/PoseGraphOptimizer.dir/build.make:76: CMakeFiles/PoseGraphOptimizer.dir/src/PoseGraphOptimizer.cpp.o] Error 1
[7.111s] gmake[1]: *** [CMakeFiles/Makefile2:389: CMakeFiles/PoseGraphOptimizer.dir/all] Error 2
[7.112s] gmake: *** [Makefile:146: all] Error 2
[7.116s] Invoked command in '/home/kvothe/ros/build/cppp' returned '2': CMAKE_PREFIX_PATH=/home/kvothe/ros/install/messages:/home/kvothe/ros/install/ros_bringup:/home/kvothe/ros/install/ros_gazebo:/home/kvothe/ros/install/robot_description:/home/kvothe/ros/install/cppp:/home/kvothe/ros/install/soma:/home/kvothe/ros/install/sensor_management:/home/kvothe/ros/install/robot_control:/opt/ros/humble /usr/bin/cmake --build /home/kvothe/ros/build/cppp -- -j12 -l12
