[0.019s] Invoking command in '/home/kvothe/ros/build/cppp': CMAKE_PREFIX_PATH=/home/kvothe/ros/install/messages:/home/kvothe/ros/install/ros_bringup:/home/kvothe/ros/install/ros_gazebo:/home/kvothe/ros/install/robot_description:/home/kvothe/ros/install/cppp:/home/kvothe/ros/install/soma:/home/kvothe/ros/install/sensor_management:/home/kvothe/ros/install/robot_control:/opt/ros/humble /usr/bin/cmake --build /home/kvothe/ros/build/cppp -- -j12 -l12
[0.276s] [ 10%] Built target PreprocessNode
[0.276s] [ 55%] Built target LandmarkTransformerNode
[0.276s] [ 55%] Built target ScanTransformer
[0.276s] [ 55%] [32mBuilding CXX object CMakeFiles/PoseGraphOptimizer.dir/src/PoseGraphOptimizer.cpp.o[0m
[0.277s] [ 55%] Built target LandmarkGraphNode
[0.278s] [ 55%] Built target LandmarkTransformermapNode
[0.278s] [ 75%] Built target ScanAccumulator
[0.278s] [ 75%] Built target HoughLineFittingNode
[0.278s] [ 95%] Built target RansacLineExtractionNode
[0.279s] [ 95%] Built target IncrementalLineFittingNode
[2.965s] [01m[K/home/kvothe/ros/src/cppp/src/PoseGraphOptimizer.cpp:[m[K In member function â€˜[01m[Kvoid PoseGraphOptimizer::poseGraphCallback(messages::msg::PoseGraph_<std::allocator<void> >::SharedPtr)[m[Kâ€™:
[2.965s] [01m[K/home/kvothe/ros/src/cppp/src/PoseGraphOptimizer.cpp:19:70:[m[K [01;35m[Kwarning: [m[Kunused parameter â€˜[01m[Kmsg[m[Kâ€™ [[01;35m[K]8;;https://gcc.gnu.org/onlinedocs/gcc/Warning-Options.html#index-Wunused-parameter-Wunused-parameter]8;;[m[K]
[2.965s]    19 |     void poseGraphCallback([01;35m[Kconst messages::msg::PoseGraph::SharedPtr msg[m[K) {
[2.965s]       |                            [01;35m[K~~~~~~~~~~~~~~~~~~~~~~~~~~~~~~~~~~~~~~~~~~^~~[m[K
[2.968s] [01m[K/home/kvothe/ros/src/cppp/src/PoseGraphOptimizer.cpp:[m[K In member function â€˜[01m[Kvoid PoseGraphOptimizer::landmarkConstraintCallback(messages::msg::LandmarkLandmarkConstraintList_<std::allocator<void> >::SharedPtr)[m[Kâ€™:
[2.968s] [01m[K/home/kvothe/ros/src/cppp/src/PoseGraphOptimizer.cpp:25:100:[m[K [01;35m[Kwarning: [m[Kunused parameter â€˜[01m[Kmsg[m[Kâ€™ [[01;35m[K]8;;https://gcc.gnu.org/onlinedocs/gcc/Warning-Options.html#index-Wunused-parameter-Wunused-parameter]8;;[m[K]
[2.968s]    25 |     void landmarkConstraintCallback([01;35m[Kconst messages::msg::LandmarkLandmarkConstraintList::SharedPtr msg[m[K) {
[2.968s]       |                                     [01;35m[K~~~~~~~~~~~~~~~~~~~~~~~~~~~~~~~~~~~~~~~~~~~~~~~~~~~~~~~~~~~~~~~^~~[m[K
[10.761s] [100%] [32m[1mLinking CXX executable PoseGraphOptimizer[0m
[11.384s] /usr/bin/ld: CMakeFiles/PoseGraphOptimizer.dir/src/PoseGraphOptimizer.cpp.o: in function `PoseGraphOptimizer::optimizeGraph()':
[11.384s] PoseGraphOptimizer.cpp:(.text._ZN18PoseGraphOptimizer13optimizeGraphEv[_ZN18PoseGraphOptimizer13optimizeGraphEv]+0x33): undefined reference to `ceres::Problem::Problem()'
[11.385s] /usr/bin/ld: PoseGraphOptimizer.cpp:(.text._ZN18PoseGraphOptimizer13optimizeGraphEv[_ZN18PoseGraphOptimizer13optimizeGraphEv]+0x82): undefined reference to `ceres::Solve(ceres::Solver::Options const&, ceres::Problem*, ceres::Solver::Summary*)'
[11.387s] /usr/bin/ld: PoseGraphOptimizer.cpp:(.text._ZN18PoseGraphOptimizer13optimizeGraphEv[_ZN18PoseGraphOptimizer13optimizeGraphEv]+0x1ad): undefined reference to `ceres::Solver::Summary::BriefReport[abi:cxx11]() const'
[11.388s] /usr/bin/ld: PoseGraphOptimizer.cpp:(.text._ZN18PoseGraphOptimizer13optimizeGraphEv[_ZN18PoseGraphOptimizer13optimizeGraphEv]+0x25b): undefined reference to `ceres::Problem::~Problem()'
[11.390s] /usr/bin/ld: PoseGraphOptimizer.cpp:(.text._ZN18PoseGraphOptimizer13optimizeGraphEv[_ZN18PoseGraphOptimizer13optimizeGraphEv]+0x301): undefined reference to `ceres::Problem::~Problem()'
[11.458s] collect2: error: ld returned 1 exit status
[11.461s] gmake[2]: *** [CMakeFiles/PoseGraphOptimizer.dir/build.make:175: PoseGraphOptimizer] Error 1
[11.461s] gmake[1]: *** [CMakeFiles/Makefile2:389: CMakeFiles/PoseGraphOptimizer.dir/all] Error 2
[11.462s] gmake: *** [Makefile:146: all] Error 2
[11.466s] Invoked command in '/home/kvothe/ros/build/cppp' returned '2': CMAKE_PREFIX_PATH=/home/kvothe/ros/install/messages:/home/kvothe/ros/install/ros_bringup:/home/kvothe/ros/install/ros_gazebo:/home/kvothe/ros/install/robot_description:/home/kvothe/ros/install/cppp:/home/kvothe/ros/install/soma:/home/kvothe/ros/install/sensor_management:/home/kvothe/ros/install/robot_control:/opt/ros/humble /usr/bin/cmake --build /home/kvothe/ros/build/cppp -- -j12 -l12
