[0.017s] Invoking command in '/home/kvothe/ros/build/cppp': CMAKE_PREFIX_PATH=/home/kvothe/ros/install/messages:/home/kvothe/ros/install/ros_bringup:/home/kvothe/ros/install/ros_gazebo:/home/kvothe/ros/install/robot_description:/home/kvothe/ros/install/cppp:/home/kvothe/ros/install/soma:/home/kvothe/ros/install/sensor_management:/home/kvothe/ros/install/robot_control:/opt/ros/humble /usr/bin/cmake --build /home/kvothe/ros/build/cppp -- -j12 -l12
[0.101s] [ 20%] Built target PreprocessNode
[0.101s] [ 20%] Built target LandmarkGraphNode
[0.102s] [ 40%] Built target LandmarkTransformermapNode
[0.102s] [ 40%] Built target ScanTransformer
[0.102s] [ 50%] Built target LandmarkTransformerNode
[0.108s] [ 55%] [32mBuilding CXX object CMakeFiles/PoseGraphOptimizer.dir/src/PoseGraphOptimizer.cpp.o[0m
[0.108s] [ 75%] Built target RansacLineExtractionNode
[0.109s] [ 75%] Built target HoughLineFittingNode
[0.111s] [ 85%] Built target IncrementalLineFittingNode
[0.112s] [ 95%] Built target ScanAccumulator
[0.118s] [01m[K/home/kvothe/ros/src/cppp/src/PoseGraphOptimizer.cpp:1:10:[m[K [01;31m[Kfatal error: [m[Kgtsam/nonlinear/NonlinearFactorGraph.h: No such file or directory
[0.118s]     1 | #include [01;31m[K<gtsam/nonlinear/NonlinearFactorGraph.h>[m[K
[0.118s]       |          [01;31m[K^~~~~~~~~~~~~~~~~~~~~~~~~~~~~~~~~~~~~~~~[m[K
[0.118s] compilation terminated.
[0.119s] gmake[2]: *** [CMakeFiles/PoseGraphOptimizer.dir/build.make:76: CMakeFiles/PoseGraphOptimizer.dir/src/PoseGraphOptimizer.cpp.o] Error 1
[0.119s] gmake[1]: *** [CMakeFiles/Makefile2:389: CMakeFiles/PoseGraphOptimizer.dir/all] Error 2
[0.120s] gmake: *** [Makefile:146: all] Error 2
[0.123s] Invoked command in '/home/kvothe/ros/build/cppp' returned '2': CMAKE_PREFIX_PATH=/home/kvothe/ros/install/messages:/home/kvothe/ros/install/ros_bringup:/home/kvothe/ros/install/ros_gazebo:/home/kvothe/ros/install/robot_description:/home/kvothe/ros/install/cppp:/home/kvothe/ros/install/soma:/home/kvothe/ros/install/sensor_management:/home/kvothe/ros/install/robot_control:/opt/ros/humble /usr/bin/cmake --build /home/kvothe/ros/build/cppp -- -j12 -l12
