[0.013s] Invoking command in '/home/kvothe/ros/build/optim': CMAKE_PREFIX_PATH=${CMAKE_PREFIX_PATH}:/home/kvothe/ros/install/soma:/home/kvothe/ros/install/sensor_management:/home/kvothe/ros/install/robot_control:/opt/ros/humble /usr/bin/cmake /home/kvothe/ros/src/optim -DCMAKE_INSTALL_PREFIX=/home/kvothe/ros/install/optim
[0.024s] -- Found ament_cmake: 1.3.11 (/opt/ros/humble/share/ament_cmake/cmake)
[0.177s] -- Found required Ceres dependency: Eigen version 3.4.0 in /usr/include/eigen3
[0.181s] -- Found required Ceres dependency: glog
[0.183s] -- Found required Ceres dependency: gflags
[0.184s] -- Found Ceres version: 2.0.0 installed in: /usr with components: [EigenSparse, SparseLinearAlgebraLibrary, LAPACK, SuiteSparse, CXSparse, SchurSpecializations, Multithreading]
[0.191s] -- Found rclcpp: 16.0.11 (/opt/ros/humble/share/rclcpp/cmake)
[0.245s] -- Found rosidl_generator_c: 3.1.6 (/opt/ros/humble/share/rosidl_generator_c/cmake)
[0.252s] -- Found rosidl_adapter: 3.1.6 (/opt/ros/humble/share/rosidl_adapter/cmake)
[0.261s] -- Found rosidl_generator_cpp: 3.1.6 (/opt/ros/humble/share/rosidl_generator_cpp/cmake)
[0.274s] -- Using all available rosidl_typesupport_c: rosidl_typesupport_fastrtps_c;rosidl_typesupport_introspection_c
[0.291s] -- Using all available rosidl_typesupport_cpp: rosidl_typesupport_fastrtps_cpp;rosidl_typesupport_introspection_cpp
[0.339s] -- Found rmw_implementation_cmake: 6.1.2 (/opt/ros/humble/share/rmw_implementation_cmake/cmake)
[0.342s] -- Found rmw_fastrtps_cpp: 6.2.7 (/opt/ros/humble/share/rmw_fastrtps_cpp/cmake)
[0.460s] -- Found OpenSSL: /usr/lib/x86_64-linux-gnu/libcrypto.so (found version "3.0.2")  
[0.491s] -- Found FastRTPS: /opt/ros/humble/include  
[0.542s] -- Using RMW implementation 'rmw_fastrtps_cpp' as default
[0.669s] -- Configuring done
[0.675s] -- Generating done
[0.677s] -- Build files have been written to: /home/kvothe/ros/build/optim
[0.685s] Invoked command in '/home/kvothe/ros/build/optim' returned '0': CMAKE_PREFIX_PATH=${CMAKE_PREFIX_PATH}:/home/kvothe/ros/install/soma:/home/kvothe/ros/install/sensor_management:/home/kvothe/ros/install/robot_control:/opt/ros/humble /usr/bin/cmake /home/kvothe/ros/src/optim -DCMAKE_INSTALL_PREFIX=/home/kvothe/ros/install/optim
[0.688s] Invoking command in '/home/kvothe/ros/build/optim': CMAKE_PREFIX_PATH=${CMAKE_PREFIX_PATH}:/home/kvothe/ros/install/soma:/home/kvothe/ros/install/sensor_management:/home/kvothe/ros/install/robot_control:/opt/ros/humble /usr/bin/cmake --build /home/kvothe/ros/build/optim -- -j12 -l12
[0.750s] [ 50%] [32mBuilding CXX object CMakeFiles/test_ceres.dir/src/test_ceres.cpp.o[0m
[0.895s] [01m[K/home/kvothe/ros/src/optim/src/test_ceres.cpp:2:10:[m[K [01;31m[Kfatal error: [m[Krclcpp/rclcpp.hpp: No such file or directory
[0.896s]     2 | #include [01;31m[K<rclcpp/rclcpp.hpp>[m[K
[0.896s]       |          [01;31m[K^~~~~~~~~~~~~~~~~~~[m[K
[0.896s] compilation terminated.
[0.901s] gmake[2]: *** [CMakeFiles/test_ceres.dir/build.make:76: CMakeFiles/test_ceres.dir/src/test_ceres.cpp.o] Error 1
[0.901s] gmake[1]: *** [CMakeFiles/Makefile2:137: CMakeFiles/test_ceres.dir/all] Error 2
[0.902s] gmake: *** [Makefile:146: all] Error 2
[0.905s] Invoked command in '/home/kvothe/ros/build/optim' returned '2': CMAKE_PREFIX_PATH=${CMAKE_PREFIX_PATH}:/home/kvothe/ros/install/soma:/home/kvothe/ros/install/sensor_management:/home/kvothe/ros/install/robot_control:/opt/ros/humble /usr/bin/cmake --build /home/kvothe/ros/build/optim -- -j12 -l12
