[35m[1mConsolidate compiler generated dependencies of target PoseGraphOptimizer[0m
[ 10%] Built target PreprocessNode
[ 20%] Built target LandmarkGraphNode
[ 30%] Built target LandmarkTransformermapNode
[ 60%] Built target IncrementalLineFittingNode
[ 60%] Built target LandmarkTransformerNode
[ 60%] Built target HoughLineFittingNode
[ 75%] [32mBuilding CXX object CMakeFiles/PoseGraphOptimizer.dir/src/PoseGraphOptimizer.cpp.o[0m
[ 75%] Built target ScanTransformer
[ 85%] Built target RansacLineExtractionNode
[ 95%] Built target ScanAccumulator
[01m[K/home/kvothe/ros/src/cppp/src/PoseGraphOptimizer.cpp:[m[K In member function â€˜[01m[Kvoid PoseGraphOptimizer::optimizeGraph()[m[Kâ€™:
[01m[K/home/kvothe/ros/src/cppp/src/PoseGraphOptimizer.cpp:39:9:[m[K [01;31m[Kerror: [m[Kâ€˜[01m[Kpose_parameters_[m[Kâ€™ was not declared in this scope; did you mean â€˜[01m[Knode_parameters_[m[Kâ€™?
   39 |         [01;31m[Kpose_parameters_[m[K.clear();
      |         [01;31m[K^~~~~~~~~~~~~~~~[m[K
      |         [32m[Knode_parameters_[m[K
[01m[K/home/kvothe/ros/src/cppp/src/PoseGraphOptimizer.cpp:40:9:[m[K [01;31m[Kerror: [m[Kâ€˜[01m[Klandmark_parameters_[m[Kâ€™ was not declared in this scope; did you mean â€˜[01m[Kdeclare_parameters[m[Kâ€™?
   40 |         [01;31m[Klandmark_parameters_[m[K.clear();
      |         [01;31m[K^~~~~~~~~~~~~~~~~~~~[m[K
      |         [32m[Kdeclare_parameters[m[K
gmake[2]: *** [CMakeFiles/PoseGraphOptimizer.dir/build.make:76: CMakeFiles/PoseGraphOptimizer.dir/src/PoseGraphOptimizer.cpp.o] Error 1
gmake[1]: *** [CMakeFiles/Makefile2:389: CMakeFiles/PoseGraphOptimizer.dir/all] Error 2
gmake: *** [Makefile:146: all] Error 2
