[0.019s] Invoking command in '/home/kvothe/ros/build/cppp': CMAKE_PREFIX_PATH=/home/kvothe/ros/install/messages:/home/kvothe/ros/install/ros_bringup:/home/kvothe/ros/install/ros_gazebo:/home/kvothe/ros/install/robot_description:/home/kvothe/ros/install/cppp:/home/kvothe/ros/install/soma:/home/kvothe/ros/install/sensor_management:/home/kvothe/ros/install/robot_control:/opt/ros/humble /usr/bin/cmake --build /home/kvothe/ros/build/cppp -- -j12 -l12
[0.080s] [35m[1mConsolidate compiler generated dependencies of target PoseGraphOptimizer[0m
[0.106s] [ 10%] Built target PreprocessNode
[0.106s] [ 20%] Built target LandmarkGraphNode
[0.106s] [ 30%] Built target LandmarkTransformermapNode
[0.110s] [ 60%] Built target IncrementalLineFittingNode
[0.110s] [ 60%] Built target LandmarkTransformerNode
[0.110s] [ 60%] Built target HoughLineFittingNode
[0.112s] [ 75%] [32mBuilding CXX object CMakeFiles/PoseGraphOptimizer.dir/src/PoseGraphOptimizer.cpp.o[0m
[0.112s] [ 75%] Built target ScanTransformer
[0.116s] [ 85%] Built target RansacLineExtractionNode
[0.117s] [ 95%] Built target ScanAccumulator
[2.907s] [01m[K/home/kvothe/ros/src/cppp/src/PoseGraphOptimizer.cpp:[m[K In member function â€˜[01m[Kvoid PoseGraphOptimizer::optimizeGraph()[m[Kâ€™:
[2.907s] [01m[K/home/kvothe/ros/src/cppp/src/PoseGraphOptimizer.cpp:39:9:[m[K [01;31m[Kerror: [m[Kâ€˜[01m[Kpose_parameters_[m[Kâ€™ was not declared in this scope; did you mean â€˜[01m[Knode_parameters_[m[Kâ€™?
[2.907s]    39 |         [01;31m[Kpose_parameters_[m[K.clear();
[2.907s]       |         [01;31m[K^~~~~~~~~~~~~~~~[m[K
[2.907s]       |         [32m[Knode_parameters_[m[K
[2.917s] [01m[K/home/kvothe/ros/src/cppp/src/PoseGraphOptimizer.cpp:40:9:[m[K [01;31m[Kerror: [m[Kâ€˜[01m[Klandmark_parameters_[m[Kâ€™ was not declared in this scope; did you mean â€˜[01m[Kdeclare_parameters[m[Kâ€™?
[2.917s]    40 |         [01;31m[Klandmark_parameters_[m[K.clear();
[2.917s]       |         [01;31m[K^~~~~~~~~~~~~~~~~~~~[m[K
[2.917s]       |         [32m[Kdeclare_parameters[m[K
[5.661s] gmake[2]: *** [CMakeFiles/PoseGraphOptimizer.dir/build.make:76: CMakeFiles/PoseGraphOptimizer.dir/src/PoseGraphOptimizer.cpp.o] Error 1
[5.661s] gmake[1]: *** [CMakeFiles/Makefile2:389: CMakeFiles/PoseGraphOptimizer.dir/all] Error 2
[5.662s] gmake: *** [Makefile:146: all] Error 2
[5.666s] Invoked command in '/home/kvothe/ros/build/cppp' returned '2': CMAKE_PREFIX_PATH=/home/kvothe/ros/install/messages:/home/kvothe/ros/install/ros_bringup:/home/kvothe/ros/install/ros_gazebo:/home/kvothe/ros/install/robot_description:/home/kvothe/ros/install/cppp:/home/kvothe/ros/install/soma:/home/kvothe/ros/install/sensor_management:/home/kvothe/ros/install/robot_control:/opt/ros/humble /usr/bin/cmake --build /home/kvothe/ros/build/cppp -- -j12 -l12
