[0.022s] Invoking command in '/home/kvothe/ros/build/cppp': CMAKE_PREFIX_PATH=/home/kvothe/ros/install/messages:/home/kvothe/ros/install/ros_bringup:/home/kvothe/ros/install/ros_gazebo:/home/kvothe/ros/install/robot_description:/home/kvothe/ros/install/cppp:/home/kvothe/ros/install/soma:/home/kvothe/ros/install/sensor_management:/home/kvothe/ros/install/robot_control:/opt/ros/humble /usr/bin/cmake --build /home/kvothe/ros/build/cppp -- -j12 -l12
[0.108s] -- Found ament_cmake: 1.3.11 (/opt/ros/humble/share/ament_cmake/cmake)
[0.262s] -- Found rclcpp: 16.0.12 (/opt/ros/humble/share/rclcpp/cmake)
[0.297s] -- Found rosidl_generator_c: 3.1.6 (/opt/ros/humble/share/rosidl_generator_c/cmake)
[0.300s] -- Found rosidl_adapter: 3.1.6 (/opt/ros/humble/share/rosidl_adapter/cmake)
[0.307s] -- Found rosidl_generator_cpp: 3.1.6 (/opt/ros/humble/share/rosidl_generator_cpp/cmake)
[0.319s] -- Using all available rosidl_typesupport_c: rosidl_typesupport_fastrtps_c;rosidl_typesupport_introspection_c
[0.334s] -- Using all available rosidl_typesupport_cpp: rosidl_typesupport_fastrtps_cpp;rosidl_typesupport_introspection_cpp
[0.369s] -- Found rmw_implementation_cmake: 6.1.2 (/opt/ros/humble/share/rmw_implementation_cmake/cmake)
[0.372s] -- Found rmw_fastrtps_cpp: 6.2.7 (/opt/ros/humble/share/rmw_fastrtps_cpp/cmake)
[0.500s] -- Using RMW implementation 'rmw_fastrtps_cpp' as default
[0.554s] -- Found sensor_msgs: 4.8.0 (/opt/ros/humble/share/sensor_msgs/cmake)
[0.585s] -- Found nav_msgs: 4.8.0 (/opt/ros/humble/share/nav_msgs/cmake)
[0.601s] -- Found visualization_msgs: 4.8.0 (/opt/ros/humble/share/visualization_msgs/cmake)
[0.621s] -- Found messages: 0.0.0 (/home/kvothe/ros/install/messages/share/messages/cmake)
[0.635s] -- Found rosidl_default_generators: 1.2.0 (/opt/ros/humble/share/rosidl_default_generators/cmake)
[0.643s] -- Found pcl_conversions: 2.4.5 (/opt/ros/humble/share/pcl_conversions/cmake)
[0.683s] -- Eigen found (include: /usr/include/eigen3, version: 3.4.0)
[0.720s] -- FLANN found (include: /usr/include, lib: /usr/lib/x86_64-linux-gnu/libflann_cpp.so)
[1.117s] -- OpenNI found (version: 1.5.4.0, include: /usr/include/ni, lib: /usr/lib/libOpenNI.so;libusb::libusb)
[1.125s] -- OpenNI2 found (version: 2.2.0.33, include: /usr/include/openni2, lib: /usr/lib/x86_64-linux-gnu/libOpenNI2.so;libusb::libusb)
[1.282s] -- Eigen found (include: /usr/include/eigen3, version: 3.4.0)
[1.290s] -- OpenNI found (version: 1.5.4.0, include: /usr/include/ni, lib: /usr/lib/libOpenNI.so;libusb::libusb)
[1.297s] -- OpenNI2 found (version: 2.2.0.33, include: /usr/include/openni2, lib: /usr/lib/x86_64-linux-gnu/libOpenNI2.so;libusb::libusb)
[1.445s] -- Found Qhull version 8.0.2
[1.600s] -- OpenNI found (version: 1.5.4.0, include: /usr/include/ni, lib: /usr/lib/libOpenNI.so;libusb::libusb)
[1.775s] -- Found tf2: 0.25.12 (/opt/ros/humble/share/tf2/cmake)
[1.781s] -- Found tf2_geometry_msgs: 0.25.12 (/opt/ros/humble/share/tf2_geometry_msgs/cmake)
[1.786s] -- Found eigen3_cmake_module: 0.1.1 (/opt/ros/humble/share/eigen3_cmake_module/cmake)
[1.788s] -- Ensuring Eigen3 include directory is part of orocos-kdl CMake target
[1.881s] -- Found tf2_sensor_msgs: 0.25.12 (/opt/ros/humble/share/tf2_sensor_msgs/cmake)
[2.027s] -- Configuring done
[2.182s] -- Generating done
[2.227s] -- Build files have been written to: /home/kvothe/ros/build/cppp
[2.271s] [35m[1mConsolidate compiler generated dependencies of target PreprocessNode[0m
[2.272s] [35m[1mConsolidate compiler generated dependencies of target IncrementalLineFittingNode[0m
[2.272s] [35m[1mConsolidate compiler generated dependencies of target RansacLineExtractionNode[0m
[2.272s] [35m[1mConsolidate compiler generated dependencies of target LandmarkTransformermapNode[0m
[2.273s] [35m[1mConsolidate compiler generated dependencies of target ScanAccumulator[0m
[2.273s] [35m[1mConsolidate compiler generated dependencies of target LandmarkGraphNode[0m
[2.273s] [35m[1mConsolidate compiler generated dependencies of target LandmarkTransformerNode[0m
[2.273s] [35m[1mConsolidate compiler generated dependencies of target ScanTransformer[0m
[2.273s] [35m[1mConsolidate compiler generated dependencies of target PoseGraphOptimizer[0m
[2.273s] [35m[1mConsolidate compiler generated dependencies of target HoughLineFittingNode[0m
[2.304s] [ 10%] Built target PreprocessNode
[2.306s] [ 20%] Built target LandmarkGraphNode
[2.308s] [ 40%] Built target LandmarkTransformerNode
[2.308s] [ 40%] Built target LandmarkTransformermapNode
[2.308s] [ 50%] Built target ScanTransformer
[2.311s] [ 80%] Built target ScanAccumulator
[2.312s] [ 80%] Built target RansacLineExtractionNode
[2.312s] [ 80%] Built target HoughLineFittingNode
[2.312s] [ 90%] Built target IncrementalLineFittingNode
[2.313s] [ 95%] [32mBuilding CXX object CMakeFiles/PoseGraphOptimizer.dir/src/PoseGraphOptimizer.cpp.o[0m
[3.471s] [01m[K/home/kvothe/ros/src/cppp/src/PoseGraphOptimizer.cpp:13:10:[m[K [01;31m[Kfatal error: [m[Kgtsam/noiseModel/Diagonal.h: No such file or directory
[3.472s]    13 | #include [01;31m[K<gtsam/noiseModel/Diagonal.h>[m[K
[3.472s]       |          [01;31m[K^~~~~~~~~~~~~~~~~~~~~~~~~~~~~[m[K
[3.472s] compilation terminated.
[3.484s] gmake[2]: *** [CMakeFiles/PoseGraphOptimizer.dir/build.make:76: CMakeFiles/PoseGraphOptimizer.dir/src/PoseGraphOptimizer.cpp.o] Error 1
[3.484s] gmake[1]: *** [CMakeFiles/Makefile2:389: CMakeFiles/PoseGraphOptimizer.dir/all] Error 2
[3.485s] gmake: *** [Makefile:146: all] Error 2
[3.488s] Invoked command in '/home/kvothe/ros/build/cppp' returned '2': CMAKE_PREFIX_PATH=/home/kvothe/ros/install/messages:/home/kvothe/ros/install/ros_bringup:/home/kvothe/ros/install/ros_gazebo:/home/kvothe/ros/install/robot_description:/home/kvothe/ros/install/cppp:/home/kvothe/ros/install/soma:/home/kvothe/ros/install/sensor_management:/home/kvothe/ros/install/robot_control:/opt/ros/humble /usr/bin/cmake --build /home/kvothe/ros/build/cppp -- -j12 -l12
