[0.023s] Invoking command in '/home/kvothe/ros/build/cppp': CMAKE_PREFIX_PATH=/home/kvothe/ros/install/messages:/home/kvothe/ros/install/ros_bringup:/home/kvothe/ros/install/ros_gazebo:/home/kvothe/ros/install/robot_description:/home/kvothe/ros/install/cppp:/home/kvothe/ros/install/soma:/home/kvothe/ros/install/sensor_management:/home/kvothe/ros/install/robot_control:/opt/ros/humble /usr/bin/cmake --build /home/kvothe/ros/build/cppp -- -j12 -l12
[0.225s] [ 20%] Built target PreprocessNode
[0.225s] [ 20%] Built target LandmarkGraphNode
[0.228s] [ 25%] [32mBuilding CXX object CMakeFiles/PoseGraphOptimizer.dir/src/PoseGraphOptimizer.cpp.o[0m
[0.228s] [ 35%] Built target LandmarkTransformerNode
[0.228s] [ 45%] Built target ScanTransformer
[0.231s] [ 55%] Built target LandmarkTransformermapNode
[0.239s] [ 85%] Built target HoughLineFittingNode
[0.240s] [ 85%] Built target RansacLineExtractionNode
[0.240s] [ 85%] Built target IncrementalLineFittingNode
[0.242s] [ 95%] Built target ScanAccumulator
[3.213s] [01m[K/home/kvothe/ros/src/cppp/src/PoseGraphOptimizer.cpp:[m[K In constructor â€˜[01m[KPosePoseCost::PosePoseCost(double, double, double, const std::array<double, 9>&)[m[Kâ€™:
[3.213s] [01m[K/home/kvothe/ros/src/cppp/src/PoseGraphOptimizer.cpp:33:36:[m[K [01;31m[Kerror: [m[Kâ€˜[01m[Kconstraint[m[Kâ€™ was not declared in this scope
[3.213s]    33 |             for (size_t i = 0; i < [01;31m[Kconstraint[m[K.covariance.size(); ++i) {
[3.213s]       |                                    [01;31m[K^~~~~~~~~~[m[K
[3.221s] [01m[K/home/kvothe/ros/src/cppp/src/PoseGraphOptimizer.cpp:34:17:[m[K [01;31m[Kerror: [m[Kâ€˜[01m[Kscaled_covariance[m[Kâ€™ was not declared in this scope
[3.222s]    34 |                 [01;31m[Kscaled_covariance[m[K[i] = std::max(1e-3, static_cast<double>(constraint.covariance[i]));
[3.222s]       |                 [01;31m[K^~~~~~~~~~~~~~~~~[m[K
[3.259s] [01m[K/home/kvothe/ros/src/cppp/src/PoseGraphOptimizer.cpp:[m[K In constructor â€˜[01m[KPoseLandmarkCost::PoseLandmarkCost(double, double, const std::array<double, 4>&)[m[Kâ€™:
[3.260s] [01m[K/home/kvothe/ros/src/cppp/src/PoseGraphOptimizer.cpp:69:36:[m[K [01;31m[Kerror: [m[Kâ€˜[01m[Kconstraint[m[Kâ€™ was not declared in this scope
[3.260s]    69 |             for (size_t i = 0; i < [01;31m[Kconstraint[m[K.covariance.size(); ++i) {
[3.260s]       |                                    [01;31m[K^~~~~~~~~~[m[K
[3.268s] [01m[K/home/kvothe/ros/src/cppp/src/PoseGraphOptimizer.cpp:70:17:[m[K [01;31m[Kerror: [m[Kâ€˜[01m[Kscaled_covariance[m[Kâ€™ was not declared in this scope
[3.268s]    70 |                 [01;31m[Kscaled_covariance[m[K[i] = std::max(1e-3, static_cast<double>(constraint.covariance[i]));
[3.269s]       |                 [01;31m[K^~~~~~~~~~~~~~~~~[m[K
[3.286s] [01m[K/home/kvothe/ros/src/cppp/src/PoseGraphOptimizer.cpp:68:20:[m[K [01;35m[Kwarning: [m[Kunused variable â€˜[01m[Kdet[m[Kâ€™ [[01;35m[K]8;;https://gcc.gnu.org/onlinedocs/gcc/Warning-Options.html#index-Wunused-variable-Wunused-variable]8;;[m[K]
[3.286s]    68 |             double [01;35m[Kdet[m[K = cov.determinant();
[3.286s]       |                    [01;35m[K^~~[m[K
[3.293s] [01m[K/home/kvothe/ros/src/cppp/src/PoseGraphOptimizer.cpp:[m[K In constructor â€˜[01m[KLandmarkLandmarkCost::LandmarkLandmarkCost(double, double, const std::array<double, 4>&)[m[Kâ€™:
[3.293s] [01m[K/home/kvothe/ros/src/cppp/src/PoseGraphOptimizer.cpp:118:36:[m[K [01;31m[Kerror: [m[Kâ€˜[01m[Kconstraint[m[Kâ€™ was not declared in this scope
[3.293s]   118 |             for (size_t i = 0; i < [01;31m[Kconstraint[m[K.covariance.size(); ++i) {
[3.294s]       |                                    [01;31m[K^~~~~~~~~~[m[K
[3.302s] [01m[K/home/kvothe/ros/src/cppp/src/PoseGraphOptimizer.cpp:119:17:[m[K [01;31m[Kerror: [m[Kâ€˜[01m[Kscaled_covariance[m[Kâ€™ was not declared in this scope
[3.302s]   119 |                 [01;31m[Kscaled_covariance[m[K[i] = std::max(1e-3, static_cast<double>(constraint.covariance[i]));
[3.302s]       |                 [01;31m[K^~~~~~~~~~~~~~~~~[m[K
[3.302s] [01m[K/home/kvothe/ros/src/cppp/src/PoseGraphOptimizer.cpp:117:20:[m[K [01;35m[Kwarning: [m[Kunused variable â€˜[01m[Kdet[m[Kâ€™ [[01;35m[K]8;;https://gcc.gnu.org/onlinedocs/gcc/Warning-Options.html#index-Wunused-variable-Wunused-variable]8;;[m[K]
[3.303s]   117 |             double [01;35m[Kdet[m[K = cov.determinant();
[3.303s]       |                    [01;35m[K^~~[m[K
[10.255s] gmake[2]: *** [CMakeFiles/PoseGraphOptimizer.dir/build.make:76: CMakeFiles/PoseGraphOptimizer.dir/src/PoseGraphOptimizer.cpp.o] Error 1
[10.256s] gmake[1]: *** [CMakeFiles/Makefile2:389: CMakeFiles/PoseGraphOptimizer.dir/all] Error 2
[10.257s] gmake: *** [Makefile:146: all] Error 2
[10.264s] Invoked command in '/home/kvothe/ros/build/cppp' returned '2': CMAKE_PREFIX_PATH=/home/kvothe/ros/install/messages:/home/kvothe/ros/install/ros_bringup:/home/kvothe/ros/install/ros_gazebo:/home/kvothe/ros/install/robot_description:/home/kvothe/ros/install/cppp:/home/kvothe/ros/install/soma:/home/kvothe/ros/install/sensor_management:/home/kvothe/ros/install/robot_control:/opt/ros/humble /usr/bin/cmake --build /home/kvothe/ros/build/cppp -- -j12 -l12
