[  5%] [32mBuilding CXX object CMakeFiles/PreprocessNode.dir/src/PreprocessNode.cpp.o[0m
[ 20%] [32mBuilding CXX object CMakeFiles/LandmarkTransformermapNode.dir/src/LandmarkTransformermapNode.cpp.o[0m
[ 20%] [32mBuilding CXX object CMakeFiles/LandmarkGraphNode.dir/src/LandmarkGraphNode.cpp.o[0m
[ 20%] [32mBuilding CXX object CMakeFiles/LandmarkTransformerNode.dir/src/LandmarkTransformerNode.cpp.o[0m
[ 25%] [32mBuilding CXX object CMakeFiles/ScanTransformer.dir/src/ScanTransformer.cpp.o[0m
[ 30%] [32mBuilding CXX object CMakeFiles/IncrementalLineFittingNode.dir/src/IncrementalLineFittingNode.cpp.o[0m
[ 35%] [32mBuilding CXX object CMakeFiles/RansacLineExtractionNode.dir/src/RansacLineExtractionNode.cpp.o[0m
[ 45%] [32mBuilding CXX object CMakeFiles/ScanAccumulator.dir/src/ScanAccumulator.cpp.o[0m
[ 45%] [32mBuilding CXX object CMakeFiles/HoughLineFittingNode.dir/src/HoughLineFittingNode.cpp.o[0m
[ 50%] [32mBuilding CXX object CMakeFiles/PoseGraphOptimizer.dir/src/PoseGraphOptimizer.cpp.o[0m
[01m[K/home/kvothe/ros/src/cppp/src/PoseGraphOptimizer.cpp:13:10:[m[K [01;31m[Kfatal error: [m[Kgtsam/noiseModel/Diagonal.h: No such file or directory
   13 | #include [01;31m[K<gtsam/noiseModel/Diagonal.h>[m[K
      |          [01;31m[K^~~~~~~~~~~~~~~~~~~~~~~~~~~~~[m[K
compilation terminated.
gmake[2]: *** [CMakeFiles/PoseGraphOptimizer.dir/build.make:76: CMakeFiles/PoseGraphOptimizer.dir/src/PoseGraphOptimizer.cpp.o] Error 1
gmake[1]: *** [CMakeFiles/Makefile2:389: CMakeFiles/PoseGraphOptimizer.dir/all] Error 2
gmake[1]: *** Waiting for unfinished jobs....
[ 55%] [32m[1mLinking CXX executable PreprocessNode[0m
[ 60%] [32m[1mLinking CXX executable LandmarkTransformermapNode[0m
[ 65%] [32m[1mLinking CXX executable LandmarkGraphNode[0m
[ 65%] Built target PreprocessNode
[ 65%] Built target LandmarkTransformermapNode
[ 65%] Built target LandmarkGraphNode
[ 70%] [32m[1mLinking CXX executable ScanTransformer[0m
[ 70%] Built target ScanTransformer
[ 75%] [32m[1mLinking CXX executable IncrementalLineFittingNode[0m
[ 80%] [32m[1mLinking CXX executable LandmarkTransformerNode[0m
[ 80%] Built target LandmarkTransformerNode
[ 80%] Built target IncrementalLineFittingNode
[ 85%] [32m[1mLinking CXX executable RansacLineExtractionNode[0m
[ 90%] [32m[1mLinking CXX executable HoughLineFittingNode[0m
[ 90%] Built target RansacLineExtractionNode
[ 95%] [32m[1mLinking CXX executable ScanAccumulator[0m
[ 95%] Built target HoughLineFittingNode
[ 95%] Built target ScanAccumulator
gmake: *** [Makefile:146: all] Error 2
