[0.022s] Invoking command in '/home/kvothe/ros/build/cppp': CMAKE_PREFIX_PATH=/home/kvothe/ros/install/messages:/home/kvothe/ros/install/ros_bringup:/home/kvothe/ros/install/ros_gazebo:/home/kvothe/ros/install/robot_description:/home/kvothe/ros/install/cppp:/home/kvothe/ros/install/soma:/home/kvothe/ros/install/sensor_management:/home/kvothe/ros/install/robot_control:/opt/ros/humble /usr/bin/cmake --build /home/kvothe/ros/build/cppp -- -j12 -l12
[0.286s] [ 10%] Built target PreprocessNode
[0.286s] [ 25%] Built target LandmarkTransformerNode
[0.287s] [ 30%] Built target LandmarkTransformermapNode
[0.287s] [ 35%] [32mBuilding CXX object CMakeFiles/PoseGraphOptimizer.dir/src/PoseGraphOptimizer.cpp.o[0m
[0.287s] [ 55%] Built target IncrementalLineFittingNode
[0.287s] [ 55%] Built target ScanTransformer
[0.287s] [ 65%] Built target RansacLineExtractionNode
[0.287s] [ 75%] Built target LandmarkGraphNode
[0.288s] [ 85%] Built target ScanAccumulator
[0.288s] [ 95%] Built target HoughLineFittingNode
[3.139s] [01m[K/home/kvothe/ros/src/cppp/src/PoseGraphOptimizer.cpp:[m[K In member function â€˜[01m[Kvoid PoseGraphOptimizer::optimizeGraph()[m[Kâ€™:
[3.139s] [01m[K/home/kvothe/ros/src/cppp/src/PoseGraphOptimizer.cpp:283:59:[m[K [01;31m[Kerror: [m[Kâ€˜[01m[Kconst struct messages::msg::LandmarkConstraint_<std::allocator<void> >[m[Kâ€™ has no member named â€˜[01m[Krho_end[m[Kâ€™
[3.139s]   283 |                 double x_end_global = pose.x + constraint.[01;31m[Krho_end[m[K * cos(pose.theta + constraint.alpha_end);
[3.140s]       |                                                           [01;31m[K^~~~~~~[m[K
[3.140s] [01m[K/home/kvothe/ros/src/cppp/src/PoseGraphOptimizer.cpp:283:97:[m[K [01;31m[Kerror: [m[Kâ€˜[01m[Kconst struct messages::msg::LandmarkConstraint_<std::allocator<void> >[m[Kâ€™ has no member named â€˜[01m[Kalpha_end[m[Kâ€™
[3.140s]   283 |                 double x_end_global = pose.x + constraint.rho_end * cos(pose.theta + constraint.[01;31m[Kalpha_end[m[K);
[3.140s]       |                                                                                                 [01;31m[K^~~~~~~~~[m[K
[3.140s] [01m[K/home/kvothe/ros/src/cppp/src/PoseGraphOptimizer.cpp:284:59:[m[K [01;31m[Kerror: [m[Kâ€˜[01m[Kconst struct messages::msg::LandmarkConstraint_<std::allocator<void> >[m[Kâ€™ has no member named â€˜[01m[Krho_end[m[Kâ€™
[3.140s]   284 |                 double y_end_global = pose.y + constraint.[01;31m[Krho_end[m[K * sin(pose.theta + constraint.alpha_end);
[3.140s]       |                                                           [01;31m[K^~~~~~~[m[K
[3.140s] [01m[K/home/kvothe/ros/src/cppp/src/PoseGraphOptimizer.cpp:284:97:[m[K [01;31m[Kerror: [m[Kâ€˜[01m[Kconst struct messages::msg::LandmarkConstraint_<std::allocator<void> >[m[Kâ€™ has no member named â€˜[01m[Kalpha_end[m[Kâ€™
[3.140s]   284 |                 double y_end_global = pose.y + constraint.rho_end * sin(pose.theta + constraint.[01;31m[Kalpha_end[m[K);
[3.140s]       |                                                                                                 [01;31m[K^~~~~~~~~[m[K
[10.096s] gmake[2]: *** [CMakeFiles/PoseGraphOptimizer.dir/build.make:76: CMakeFiles/PoseGraphOptimizer.dir/src/PoseGraphOptimizer.cpp.o] Error 1
[10.096s] gmake[1]: *** [CMakeFiles/Makefile2:389: CMakeFiles/PoseGraphOptimizer.dir/all] Error 2
[10.096s] gmake: *** [Makefile:146: all] Error 2
[10.100s] Invoked command in '/home/kvothe/ros/build/cppp' returned '2': CMAKE_PREFIX_PATH=/home/kvothe/ros/install/messages:/home/kvothe/ros/install/ros_bringup:/home/kvothe/ros/install/ros_gazebo:/home/kvothe/ros/install/robot_description:/home/kvothe/ros/install/cppp:/home/kvothe/ros/install/soma:/home/kvothe/ros/install/sensor_management:/home/kvothe/ros/install/robot_control:/opt/ros/humble /usr/bin/cmake --build /home/kvothe/ros/build/cppp -- -j12 -l12
