[35m[1mConsolidate compiler generated dependencies of target PoseGraphOptimizer[0m
[ 10%] Built target PreprocessNode
[ 30%] Built target LandmarkTransformermapNode
[ 30%] Built target LandmarkGraphNode
[ 40%] Built target ScanTransformer
[ 50%] Built target IncrementalLineFittingNode
[ 60%] Built target HoughLineFittingNode
[ 70%] Built target LandmarkTransformerNode
[ 75%] [32mBuilding CXX object CMakeFiles/PoseGraphOptimizer.dir/src/PoseGraphOptimizer.cpp.o[0m
[ 95%] Built target ScanAccumulator
[ 95%] Built target RansacLineExtractionNode
[01m[K/home/kvothe/ros/src/cppp/src/PoseGraphOptimizer.cpp:[m[K In member function â€˜[01m[Kvoid PoseGraphOptimizer::optimizeGraph()[m[Kâ€™:
[01m[K/home/kvothe/ros/src/cppp/src/PoseGraphOptimizer.cpp:248:78:[m[K [01;31m[Kerror: [m[Kexpected â€˜[01m[K}[m[Kâ€™ before â€˜[01m[K;[m[Kâ€™ token
  248 |                     landmarks_.segments[i].start.x = landmark_variables[i][0][01;31m[K;[m[K
      |                                                                              [01;31m[K^[m[K
[01m[K/home/kvothe/ros/src/cppp/src/PoseGraphOptimizer.cpp:247:41:[m[K [01;36m[Knote: [m[Kto match this â€˜[01m[K{[m[Kâ€™
  247 |                 landmark_variables[i] = [01;36m[K{[m[K
      |                                         [01;36m[K^[m[K
[01m[K/home/kvothe/ros/src/cppp/src/PoseGraphOptimizer.cpp:253:58:[m[K [01;31m[Kerror: [m[Kâ€˜[01m[Ki[m[Kâ€™ was not declared in this scope
  253 |                 if (added_params.find(landmark_variables[[01;31m[Ki[m[K].data()) == added_params.end()) {
      |                                                          [01;31m[K^[m[K
gmake[2]: *** [CMakeFiles/PoseGraphOptimizer.dir/build.make:76: CMakeFiles/PoseGraphOptimizer.dir/src/PoseGraphOptimizer.cpp.o] Error 1
gmake[1]: *** [CMakeFiles/Makefile2:389: CMakeFiles/PoseGraphOptimizer.dir/all] Error 2
gmake: *** [Makefile:146: all] Error 2
