[0.020s] Invoking command in '/home/kvothe/ros/build/cppp': CMAKE_PREFIX_PATH=/home/kvothe/ros/install/messages:/home/kvothe/ros/install/ros_bringup:/home/kvothe/ros/install/ros_gazebo:/home/kvothe/ros/install/robot_description:/home/kvothe/ros/install/cppp:/home/kvothe/ros/install/soma:/home/kvothe/ros/install/sensor_management:/home/kvothe/ros/install/robot_control:/opt/ros/humble /usr/bin/cmake --build /home/kvothe/ros/build/cppp -- -j12 -l12
[0.096s] [35m[1mConsolidate compiler generated dependencies of target PoseGraphOptimizer[0m
[0.110s] [ 10%] Built target PreprocessNode
[0.116s] [ 30%] Built target LandmarkTransformermapNode
[0.116s] [ 30%] Built target LandmarkGraphNode
[0.119s] [ 40%] Built target ScanTransformer
[0.120s] [ 50%] Built target IncrementalLineFittingNode
[0.120s] [ 60%] Built target HoughLineFittingNode
[0.120s] [ 70%] Built target LandmarkTransformerNode
[0.123s] [ 75%] [32mBuilding CXX object CMakeFiles/PoseGraphOptimizer.dir/src/PoseGraphOptimizer.cpp.o[0m
[0.125s] [ 95%] Built target ScanAccumulator
[0.125s] [ 95%] Built target RansacLineExtractionNode
[3.002s] [01m[K/home/kvothe/ros/src/cppp/src/PoseGraphOptimizer.cpp:[m[K In member function â€˜[01m[Kvoid PoseGraphOptimizer::optimizeGraph()[m[Kâ€™:
[3.002s] [01m[K/home/kvothe/ros/src/cppp/src/PoseGraphOptimizer.cpp:248:78:[m[K [01;31m[Kerror: [m[Kexpected â€˜[01m[K}[m[Kâ€™ before â€˜[01m[K;[m[Kâ€™ token
[3.002s]   248 |                     landmarks_.segments[i].start.x = landmark_variables[i][0][01;31m[K;[m[K
[3.002s]       |                                                                              [01;31m[K^[m[K
[3.002s] [01m[K/home/kvothe/ros/src/cppp/src/PoseGraphOptimizer.cpp:247:41:[m[K [01;36m[Knote: [m[Kto match this â€˜[01m[K{[m[Kâ€™
[3.002s]   247 |                 landmark_variables[i] = [01;36m[K{[m[K
[3.002s]       |                                         [01;36m[K^[m[K
[3.009s] [01m[K/home/kvothe/ros/src/cppp/src/PoseGraphOptimizer.cpp:253:58:[m[K [01;31m[Kerror: [m[Kâ€˜[01m[Ki[m[Kâ€™ was not declared in this scope
[3.009s]   253 |                 if (added_params.find(landmark_variables[[01;31m[Ki[m[K].data()) == added_params.end()) {
[3.009s]       |                                                          [01;31m[K^[m[K
[8.248s] gmake[2]: *** [CMakeFiles/PoseGraphOptimizer.dir/build.make:76: CMakeFiles/PoseGraphOptimizer.dir/src/PoseGraphOptimizer.cpp.o] Error 1
[8.248s] gmake[1]: *** [CMakeFiles/Makefile2:389: CMakeFiles/PoseGraphOptimizer.dir/all] Error 2
[8.249s] gmake: *** [Makefile:146: all] Error 2
[8.255s] Invoked command in '/home/kvothe/ros/build/cppp' returned '2': CMAKE_PREFIX_PATH=/home/kvothe/ros/install/messages:/home/kvothe/ros/install/ros_bringup:/home/kvothe/ros/install/ros_gazebo:/home/kvothe/ros/install/robot_description:/home/kvothe/ros/install/cppp:/home/kvothe/ros/install/soma:/home/kvothe/ros/install/sensor_management:/home/kvothe/ros/install/robot_control:/opt/ros/humble /usr/bin/cmake --build /home/kvothe/ros/build/cppp -- -j12 -l12
