[35m[1mConsolidate compiler generated dependencies of target PoseGraphOptimizer[0m
[ 10%] Built target PreprocessNode
[ 30%] Built target LandmarkGraphNode
[ 30%] Built target LandmarkTransformerNode
[ 40%] Built target ScanTransformer
[ 50%] Built target LandmarkTransformermapNode
[ 60%] Built target RansacLineExtractionNode
[ 65%] [32mBuilding CXX object CMakeFiles/PoseGraphOptimizer.dir/src/PoseGraphOptimizer.cpp.o[0m
[ 75%] Built target IncrementalLineFittingNode
[ 85%] Built target ScanAccumulator
[ 95%] Built target HoughLineFittingNode
[01m[K/home/kvothe/ros/src/cppp/src/PoseGraphOptimizer.cpp:[m[K In member function â€˜[01m[Kbool PoseLandmarkCost::operator()(const T*, const T*, T*) const[m[Kâ€™:
[01m[K/home/kvothe/ros/src/cppp/src/PoseGraphOptimizer.cpp:87:13:[m[K [01;31m[Kerror: [m[Kexpected â€˜[01m[K,[m[Kâ€™ or â€˜[01m[K;[m[Kâ€™ before â€˜[01m[KT[m[Kâ€™
   87 |             [01;31m[KT[m[K sin_theta = sin(theta)
      |             [01;31m[K^[m[K
[01m[K/home/kvothe/ros/src/cppp/src/PoseGraphOptimizer.cpp:91:30:[m[K [01;31m[Kerror: [m[Kâ€˜[01m[Ky[m[Kâ€™ was not declared in this scope
   91 |             T y_start_pred = [01;31m[Ky[m[K + sin_theta * x_start_local + cos_theta * y_start_local;
      |                              [01;31m[K^[m[K
[01m[K/home/kvothe/ros/src/cppp/src/PoseGraphOptimizer.cpp:91:34:[m[K [01;31m[Kerror: [m[Kâ€˜[01m[Ksin_theta[m[Kâ€™ was not declared in this scope; did you mean â€˜[01m[Kcos_theta[m[Kâ€™?
   91 |             T y_start_pred = y + [01;31m[Ksin_theta[m[K * x_start_local + cos_theta * y_start_local;
      |                                  [01;31m[K^~~~~~~~~[m[K
      |                                  [32m[Kcos_theta[m[K
[01m[K/home/kvothe/ros/src/cppp/src/PoseGraphOptimizer.cpp:93:28:[m[K [01;31m[Kerror: [m[Kâ€˜[01m[Kx[m[Kâ€™ was not declared in this scope
   93 |             T x_end_pred = [01;31m[Kx[m[K + cos_theta * x_end_local - sin_theta * y_end_local;
      |                            [01;31m[K^[m[K
[01m[K/home/kvothe/ros/src/cppp/src/PoseGraphOptimizer.cpp:98:41:[m[K [01;31m[Kerror: [m[Kâ€˜[01m[Kx_start_pred[m[Kâ€™ was not declared in this scope; did you mean â€˜[01m[Ky_start_pred[m[Kâ€™?
   98 |             res_start << x_start_obs_ - [01;31m[Kx_start_pred[m[K, y_start_obs_ - y_start_pred;
      |                                         [01;31m[K^~~~~~~~~~~~[m[K
      |                                         [32m[Ky_start_pred[m[K
/home/kvothe/ros/src/cppp/src/PoseGraphOptimizer.cpp: In instantiation of â€˜[01m[Kbool PoseLandmarkCost::operator()(const T*, const T*, T*) const [with T = double][m[Kâ€™:
[01m[K/usr/include/ceres/internal/variadic_evaluate.h:57:17:[m[K   required from â€˜[01m[Kbool ceres::internal::VariadicEvaluateImpl(const Functor&, const T* const*, T*, std::false_type, std::integer_sequence<int, Indices ...>) [with Functor = PoseLandmarkCost; T = double; int ...Indices = {0, 1}; std::false_type = std::integral_constant<bool, false>][m[Kâ€™
[01m[K/usr/include/ceres/internal/variadic_evaluate.h:79:30:[m[K   required from â€˜[01m[Kbool ceres::internal::VariadicEvaluateImpl(const Functor&, const T* const*, T*, const void*) [with ParameterDims = ceres::internal::ParameterDims<false, 3, 4>; Functor = PoseLandmarkCost; T = double][m[Kâ€™
[01m[K/usr/include/ceres/internal/variadic_evaluate.h:108:45:[m[K   required from â€˜[01m[Kbool ceres::internal::VariadicEvaluate(const Functor&, const T* const*, T*) [with ParameterDims = ceres::internal::ParameterDims<false, 3, 4>; Functor = PoseLandmarkCost; T = double][m[Kâ€™
[01m[K/usr/include/ceres/autodiff_cost_function.h:207:55:[m[K   required from â€˜[01m[Kbool ceres::AutoDiffCostFunction<CostFunctor, kNumResiduals, Ns>::Evaluate(const double* const*, double*, double**) const [with CostFunctor = PoseLandmarkCost; int kNumResiduals = 4; int ...Ns = {3, 4}][m[Kâ€™
[01m[K/usr/include/ceres/autodiff_cost_function.h:200:8:[m[K   required from here
[01m[K/home/kvothe/ros/src/cppp/src/PoseGraphOptimizer.cpp:77:15:[m[K [01;35m[Kwarning: [m[Kunused variable â€˜[01m[Kx_pose[m[Kâ€™ [[01;35m[K]8;;https://gcc.gnu.org/onlinedocs/gcc/Warning-Options.html#index-Wunused-variable-Wunused-variable]8;;[m[K]
   77 |             T [01;35m[Kx_pose[m[K = pose[0];
      |               [01;35m[K^~~~~~[m[K
[01m[K/home/kvothe/ros/src/cppp/src/PoseGraphOptimizer.cpp:78:15:[m[K [01;35m[Kwarning: [m[Kunused variable â€˜[01m[Ky_pose[m[Kâ€™ [[01;35m[K]8;;https://gcc.gnu.org/onlinedocs/gcc/Warning-Options.html#index-Wunused-variable-Wunused-variable]8;;[m[K]
   78 |             T [01;35m[Ky_pose[m[K = pose[1];
      |               [01;35m[K^~~~~~[m[K
gmake[2]: *** [CMakeFiles/PoseGraphOptimizer.dir/build.make:76: CMakeFiles/PoseGraphOptimizer.dir/src/PoseGraphOptimizer.cpp.o] Error 1
gmake[1]: *** [CMakeFiles/Makefile2:389: CMakeFiles/PoseGraphOptimizer.dir/all] Error 2
gmake: *** [Makefile:146: all] Error 2
