[0.021s] Invoking command in '/home/kvothe/ros/build/cppp': CMAKE_PREFIX_PATH=/home/kvothe/ros/install/messages:/home/kvothe/ros/install/ros_bringup:/home/kvothe/ros/install/ros_gazebo:/home/kvothe/ros/install/robot_description:/home/kvothe/ros/install/cppp:/home/kvothe/ros/install/soma:/home/kvothe/ros/install/sensor_management:/home/kvothe/ros/install/robot_control:/opt/ros/humble /usr/bin/cmake --build /home/kvothe/ros/build/cppp -- -j12 -l12
[0.280s] [35m[1mConsolidate compiler generated dependencies of target PoseGraphOptimizer[0m
[0.281s] [ 10%] Built target PreprocessNode
[0.281s] [ 30%] Built target LandmarkGraphNode
[0.281s] [ 30%] Built target LandmarkTransformerNode
[0.281s] [ 40%] Built target ScanTransformer
[0.281s] [ 50%] Built target LandmarkTransformermapNode
[0.282s] [ 60%] Built target RansacLineExtractionNode
[0.282s] [ 65%] [32mBuilding CXX object CMakeFiles/PoseGraphOptimizer.dir/src/PoseGraphOptimizer.cpp.o[0m
[0.282s] [ 75%] Built target IncrementalLineFittingNode
[0.282s] [ 85%] Built target ScanAccumulator
[0.282s] [ 95%] Built target HoughLineFittingNode
[2.839s] [01m[K/home/kvothe/ros/src/cppp/src/PoseGraphOptimizer.cpp:[m[K In member function â€˜[01m[Kbool PoseLandmarkCost::operator()(const T*, const T*, T*) const[m[Kâ€™:
[2.839s] [01m[K/home/kvothe/ros/src/cppp/src/PoseGraphOptimizer.cpp:87:13:[m[K [01;31m[Kerror: [m[Kexpected â€˜[01m[K,[m[Kâ€™ or â€˜[01m[K;[m[Kâ€™ before â€˜[01m[KT[m[Kâ€™
[2.840s]    87 |             [01;31m[KT[m[K sin_theta = sin(theta)
[2.840s]       |             [01;31m[K^[m[K
[2.844s] [01m[K/home/kvothe/ros/src/cppp/src/PoseGraphOptimizer.cpp:91:30:[m[K [01;31m[Kerror: [m[Kâ€˜[01m[Ky[m[Kâ€™ was not declared in this scope
[2.844s]    91 |             T y_start_pred = [01;31m[Ky[m[K + sin_theta * x_start_local + cos_theta * y_start_local;
[2.844s]       |                              [01;31m[K^[m[K
[2.850s] [01m[K/home/kvothe/ros/src/cppp/src/PoseGraphOptimizer.cpp:91:34:[m[K [01;31m[Kerror: [m[Kâ€˜[01m[Ksin_theta[m[Kâ€™ was not declared in this scope; did you mean â€˜[01m[Kcos_theta[m[Kâ€™?
[2.850s]    91 |             T y_start_pred = y + [01;31m[Ksin_theta[m[K * x_start_local + cos_theta * y_start_local;
[2.850s]       |                                  [01;31m[K^~~~~~~~~[m[K
[2.850s]       |                                  [32m[Kcos_theta[m[K
[2.854s] [01m[K/home/kvothe/ros/src/cppp/src/PoseGraphOptimizer.cpp:93:28:[m[K [01;31m[Kerror: [m[Kâ€˜[01m[Kx[m[Kâ€™ was not declared in this scope
[2.854s]    93 |             T x_end_pred = [01;31m[Kx[m[K + cos_theta * x_end_local - sin_theta * y_end_local;
[2.854s]       |                            [01;31m[K^[m[K
[2.860s] [01m[K/home/kvothe/ros/src/cppp/src/PoseGraphOptimizer.cpp:98:41:[m[K [01;31m[Kerror: [m[Kâ€˜[01m[Kx_start_pred[m[Kâ€™ was not declared in this scope; did you mean â€˜[01m[Ky_start_pred[m[Kâ€™?
[2.860s]    98 |             res_start << x_start_obs_ - [01;31m[Kx_start_pred[m[K, y_start_obs_ - y_start_pred;
[2.860s]       |                                         [01;31m[K^~~~~~~~~~~~[m[K
[2.860s]       |                                         [32m[Ky_start_pred[m[K
[8.289s] /home/kvothe/ros/src/cppp/src/PoseGraphOptimizer.cpp: In instantiation of â€˜[01m[Kbool PoseLandmarkCost::operator()(const T*, const T*, T*) const [with T = double][m[Kâ€™:
[8.289s] [01m[K/usr/include/ceres/internal/variadic_evaluate.h:57:17:[m[K   required from â€˜[01m[Kbool ceres::internal::VariadicEvaluateImpl(const Functor&, const T* const*, T*, std::false_type, std::integer_sequence<int, Indices ...>) [with Functor = PoseLandmarkCost; T = double; int ...Indices = {0, 1}; std::false_type = std::integral_constant<bool, false>][m[Kâ€™
[8.289s] [01m[K/usr/include/ceres/internal/variadic_evaluate.h:79:30:[m[K   required from â€˜[01m[Kbool ceres::internal::VariadicEvaluateImpl(const Functor&, const T* const*, T*, const void*) [with ParameterDims = ceres::internal::ParameterDims<false, 3, 4>; Functor = PoseLandmarkCost; T = double][m[Kâ€™
[8.289s] [01m[K/usr/include/ceres/internal/variadic_evaluate.h:108:45:[m[K   required from â€˜[01m[Kbool ceres::internal::VariadicEvaluate(const Functor&, const T* const*, T*) [with ParameterDims = ceres::internal::ParameterDims<false, 3, 4>; Functor = PoseLandmarkCost; T = double][m[Kâ€™
[8.290s] [01m[K/usr/include/ceres/autodiff_cost_function.h:207:55:[m[K   required from â€˜[01m[Kbool ceres::AutoDiffCostFunction<CostFunctor, kNumResiduals, Ns>::Evaluate(const double* const*, double*, double**) const [with CostFunctor = PoseLandmarkCost; int kNumResiduals = 4; int ...Ns = {3, 4}][m[Kâ€™
[8.290s] [01m[K/usr/include/ceres/autodiff_cost_function.h:200:8:[m[K   required from here
[8.290s] [01m[K/home/kvothe/ros/src/cppp/src/PoseGraphOptimizer.cpp:77:15:[m[K [01;35m[Kwarning: [m[Kunused variable â€˜[01m[Kx_pose[m[Kâ€™ [[01;35m[K]8;;https://gcc.gnu.org/onlinedocs/gcc/Warning-Options.html#index-Wunused-variable-Wunused-variable]8;;[m[K]
[8.290s]    77 |             T [01;35m[Kx_pose[m[K = pose[0];
[8.290s]       |               [01;35m[K^~~~~~[m[K
[8.290s] [01m[K/home/kvothe/ros/src/cppp/src/PoseGraphOptimizer.cpp:78:15:[m[K [01;35m[Kwarning: [m[Kunused variable â€˜[01m[Ky_pose[m[Kâ€™ [[01;35m[K]8;;https://gcc.gnu.org/onlinedocs/gcc/Warning-Options.html#index-Wunused-variable-Wunused-variable]8;;[m[K]
[8.290s]    78 |             T [01;35m[Ky_pose[m[K = pose[1];
[8.290s]       |               [01;35m[K^~~~~~[m[K
[10.031s] gmake[2]: *** [CMakeFiles/PoseGraphOptimizer.dir/build.make:76: CMakeFiles/PoseGraphOptimizer.dir/src/PoseGraphOptimizer.cpp.o] Error 1
[10.032s] gmake[1]: *** [CMakeFiles/Makefile2:389: CMakeFiles/PoseGraphOptimizer.dir/all] Error 2
[10.032s] gmake: *** [Makefile:146: all] Error 2
[10.037s] Invoked command in '/home/kvothe/ros/build/cppp' returned '2': CMAKE_PREFIX_PATH=/home/kvothe/ros/install/messages:/home/kvothe/ros/install/ros_bringup:/home/kvothe/ros/install/ros_gazebo:/home/kvothe/ros/install/robot_description:/home/kvothe/ros/install/cppp:/home/kvothe/ros/install/soma:/home/kvothe/ros/install/sensor_management:/home/kvothe/ros/install/robot_control:/opt/ros/humble /usr/bin/cmake --build /home/kvothe/ros/build/cppp -- -j12 -l12
