[35m[1mConsolidate compiler generated dependencies of target PoseGraphOptimizer[0m
[ 10%] Built target PreprocessNode
[ 30%] Built target LandmarkGraphNode
[ 30%] Built target LandmarkTransformermapNode
[ 40%] Built target ScanTransformer
[ 60%] Built target RansacLineExtractionNode
[ 60%] Built target LandmarkTransformerNode
[ 65%] [32mBuilding CXX object CMakeFiles/PoseGraphOptimizer.dir/src/PoseGraphOptimizer.cpp.o[0m
[ 75%] Built target ScanAccumulator
[ 85%] Built target HoughLineFittingNode
[ 95%] Built target IncrementalLineFittingNode
[01m[K/home/kvothe/ros/src/cppp/src/PoseGraphOptimizer.cpp:[m[K In member function â€˜[01m[Kvoid PoseGraphOptimizer::optimizeGraph()[m[Kâ€™:
[01m[K/home/kvothe/ros/src/cppp/src/PoseGraphOptimizer.cpp:328:68:[m[K [01;31m[Kerror: [m[Kâ€˜[01m[Kusing PoseGraph = struct messages::msg::PoseGraph_<std::allocator<void> >[m[Kâ€™ {aka â€˜[01m[Kstruct messages::msg::PoseGraph_<std::allocator<void> >[m[Kâ€™} has no member named â€˜[01m[Kloop_closure_constraints[m[Kâ€™; did you mean â€˜[01m[Kpose_constraints[m[Kâ€™?
  328 |             for (const auto& loop_closure_constraint : pose_graph_.[01;31m[Kloop_closure_constraints[m[K) {
      |                                                                    [01;31m[K^~~~~~~~~~~~~~~~~~~~~~~~[m[K
      |                                                                    [32m[Kpose_constraints[m[K
gmake[2]: *** [CMakeFiles/PoseGraphOptimizer.dir/build.make:76: CMakeFiles/PoseGraphOptimizer.dir/src/PoseGraphOptimizer.cpp.o] Error 1
gmake[1]: *** [CMakeFiles/Makefile2:389: CMakeFiles/PoseGraphOptimizer.dir/all] Error 2
gmake: *** [Makefile:146: all] Error 2
