[0.024s] Invoking command in '/home/kvothe/ros/build/cppp': CMAKE_PREFIX_PATH=/home/kvothe/ros/install/messages:/home/kvothe/ros/install/ros_bringup:/home/kvothe/ros/install/ros_gazebo:/home/kvothe/ros/install/robot_description:/home/kvothe/ros/install/cppp:/home/kvothe/ros/install/soma:/home/kvothe/ros/install/sensor_management:/home/kvothe/ros/install/robot_control:/opt/ros/humble /usr/bin/cmake --build /home/kvothe/ros/build/cppp -- -j12 -l12
[0.096s] [35m[1mConsolidate compiler generated dependencies of target PoseGraphOptimizer[0m
[0.112s] [ 10%] Built target PreprocessNode
[0.114s] [ 30%] Built target LandmarkGraphNode
[0.114s] [ 30%] Built target LandmarkTransformermapNode
[0.121s] [ 40%] Built target ScanTransformer
[0.121s] [ 60%] Built target RansacLineExtractionNode
[0.122s] [ 60%] Built target LandmarkTransformerNode
[0.125s] [ 65%] [32mBuilding CXX object CMakeFiles/PoseGraphOptimizer.dir/src/PoseGraphOptimizer.cpp.o[0m
[0.125s] [ 75%] Built target ScanAccumulator
[0.125s] [ 85%] Built target HoughLineFittingNode
[0.126s] [ 95%] Built target IncrementalLineFittingNode
[3.070s] [01m[K/home/kvothe/ros/src/cppp/src/PoseGraphOptimizer.cpp:[m[K In member function â€˜[01m[Kvoid PoseGraphOptimizer::optimizeGraph()[m[Kâ€™:
[3.070s] [01m[K/home/kvothe/ros/src/cppp/src/PoseGraphOptimizer.cpp:328:68:[m[K [01;31m[Kerror: [m[Kâ€˜[01m[Kusing PoseGraph = struct messages::msg::PoseGraph_<std::allocator<void> >[m[Kâ€™ {aka â€˜[01m[Kstruct messages::msg::PoseGraph_<std::allocator<void> >[m[Kâ€™} has no member named â€˜[01m[Kloop_closure_constraints[m[Kâ€™; did you mean â€˜[01m[Kpose_constraints[m[Kâ€™?
[3.070s]   328 |             for (const auto& loop_closure_constraint : pose_graph_.[01;31m[Kloop_closure_constraints[m[K) {
[3.070s]       |                                                                    [01;31m[K^~~~~~~~~~~~~~~~~~~~~~~~[m[K
[3.070s]       |                                                                    [32m[Kpose_constraints[m[K
[9.510s] gmake[2]: *** [CMakeFiles/PoseGraphOptimizer.dir/build.make:76: CMakeFiles/PoseGraphOptimizer.dir/src/PoseGraphOptimizer.cpp.o] Error 1
[9.511s] gmake[1]: *** [CMakeFiles/Makefile2:389: CMakeFiles/PoseGraphOptimizer.dir/all] Error 2
[9.512s] gmake: *** [Makefile:146: all] Error 2
[9.529s] Invoked command in '/home/kvothe/ros/build/cppp' returned '2': CMAKE_PREFIX_PATH=/home/kvothe/ros/install/messages:/home/kvothe/ros/install/ros_bringup:/home/kvothe/ros/install/ros_gazebo:/home/kvothe/ros/install/robot_description:/home/kvothe/ros/install/cppp:/home/kvothe/ros/install/soma:/home/kvothe/ros/install/sensor_management:/home/kvothe/ros/install/robot_control:/opt/ros/humble /usr/bin/cmake --build /home/kvothe/ros/build/cppp -- -j12 -l12
