[0.022s] Invoking command in '/home/kvothe/ros/build/cppp': CMAKE_PREFIX_PATH=/home/kvothe/ros/install/messages:/home/kvothe/ros/install/ros_bringup:/home/kvothe/ros/install/ros_gazebo:/home/kvothe/ros/install/robot_description:/home/kvothe/ros/install/cppp:/home/kvothe/ros/install/soma:/home/kvothe/ros/install/sensor_management:/home/kvothe/ros/install/robot_control:/opt/ros/humble /usr/bin/cmake --build /home/kvothe/ros/build/cppp -- -j12 -l12
[0.283s] [35m[1mConsolidate compiler generated dependencies of target PoseGraphOptimizer[0m
[0.284s] [ 20%] Built target PreprocessNode
[0.284s] [ 20%] Built target LandmarkGraphNode
[0.284s] [ 25%] [32mBuilding CXX object CMakeFiles/PoseGraphOptimizer.dir/src/PoseGraphOptimizer.cpp.o[0m
[0.284s] [ 35%] Built target ScanTransformer
[0.284s] [ 45%] Built target LandmarkTransformerNode
[0.285s] [ 55%] Built target LandmarkTransformermapNode
[0.285s] [ 75%] Built target RansacLineExtractionNode
[0.285s] [ 75%] Built target ScanAccumulator
[0.285s] [ 85%] Built target HoughLineFittingNode
[0.285s] [ 95%] Built target IncrementalLineFittingNode
[3.149s] [01m[K/home/kvothe/ros/src/cppp/src/PoseGraphOptimizer.cpp:[m[K In member function â€˜[01m[Kvoid PoseGraphOptimizer::optimizeGraph()[m[Kâ€™:
[3.149s] [01m[K/home/kvothe/ros/src/cppp/src/PoseGraphOptimizer.cpp:145:27:[m[K [01;31m[Kerror: [m[Kâ€˜[01m[Kposes[m[Kâ€™ was not declared in this scope; did you mean â€˜[01m[Kpose[m[Kâ€™?
[3.149s]   145 |         for (auto& pose : [01;31m[Kposes[m[K) {
[3.149s]       |                           [01;31m[K^~~~~[m[K
[3.149s]       |                           [32m[Kpose[m[K
[3.155s] [01m[K/home/kvothe/ros/src/cppp/src/PoseGraphOptimizer.cpp:148:31:[m[K [01;31m[Kerror: [m[Kâ€˜[01m[Klandmarks[m[Kâ€™ was not declared in this scope; did you mean â€˜[01m[Klandmarks_[m[Kâ€™?
[3.155s]   148 |         for (auto& landmark : [01;31m[Klandmarks[m[K) {
[3.155s]       |                               [01;31m[K^~~~~~~~~[m[K
[3.156s]       |                               [32m[Klandmarks_[m[K
[8.229s] gmake[2]: *** [CMakeFiles/PoseGraphOptimizer.dir/build.make:76: CMakeFiles/PoseGraphOptimizer.dir/src/PoseGraphOptimizer.cpp.o] Error 1
[8.229s] gmake[1]: *** [CMakeFiles/Makefile2:389: CMakeFiles/PoseGraphOptimizer.dir/all] Error 2
[8.229s] gmake: *** [Makefile:146: all] Error 2
[8.235s] Invoked command in '/home/kvothe/ros/build/cppp' returned '2': CMAKE_PREFIX_PATH=/home/kvothe/ros/install/messages:/home/kvothe/ros/install/ros_bringup:/home/kvothe/ros/install/ros_gazebo:/home/kvothe/ros/install/robot_description:/home/kvothe/ros/install/cppp:/home/kvothe/ros/install/soma:/home/kvothe/ros/install/sensor_management:/home/kvothe/ros/install/robot_control:/opt/ros/humble /usr/bin/cmake --build /home/kvothe/ros/build/cppp -- -j12 -l12
