[0.019s] Invoking command in '/home/kvothe/ros/build/cppp': CMAKE_PREFIX_PATH=/home/kvothe/ros/install/messages:/home/kvothe/ros/install/ros_bringup:/home/kvothe/ros/install/ros_gazebo:/home/kvothe/ros/install/robot_description:/home/kvothe/ros/install/cppp:/home/kvothe/ros/install/soma:/home/kvothe/ros/install/sensor_management:/home/kvothe/ros/install/robot_control:/opt/ros/humble /usr/bin/cmake --build /home/kvothe/ros/build/cppp -- -j12 -l12
[0.273s] [35m[1mConsolidate compiler generated dependencies of target PoseGraphOptimizer[0m
[0.273s] [ 10%] Built target PreprocessNode
[0.273s] [ 30%] Built target LandmarkTransformerNode
[0.273s] [ 30%] Built target LandmarkGraphNode
[0.273s] [ 40%] Built target LandmarkTransformermapNode
[0.273s] [ 50%] Built target ScanTransformer
[0.273s] [ 60%] [32mBuilding CXX object CMakeFiles/PoseGraphOptimizer.dir/src/PoseGraphOptimizer.cpp.o[0m
[0.274s] [ 65%] Built target RansacLineExtractionNode
[0.274s] [ 75%] Built target HoughLineFittingNode
[0.274s] [ 95%] Built target ScanAccumulator
[0.274s] [ 95%] Built target IncrementalLineFittingNode
[3.304s] [01m[K/home/kvothe/ros/src/cppp/src/PoseGraphOptimizer.cpp:[m[K In member function â€˜[01m[Kvoid PoseGraphOptimizer::optimizeGraph()[m[Kâ€™:
[3.304s] [01m[K/home/kvothe/ros/src/cppp/src/PoseGraphOptimizer.cpp:41:13:[m[K [01;31m[Kerror: [m[Kâ€˜[01m[Kpose_parameters_[m[Kâ€™ was not declared in this scope; did you mean â€˜[01m[Knode_parameters_[m[Kâ€™?
[3.304s]    41 |             [01;31m[Kpose_parameters_[m[K.push_back({static_cast<double>(node.x),
[3.304s]       |             [01;31m[K^~~~~~~~~~~~~~~~[m[K
[3.304s]       |             [32m[Knode_parameters_[m[K
[3.310s] [01m[K/home/kvothe/ros/src/cppp/src/PoseGraphOptimizer.cpp:49:13:[m[K [01;31m[Kerror: [m[Kâ€˜[01m[Kpose_parameters_[m[Kâ€™ was not declared in this scope; did you mean â€˜[01m[Knode_parameters_[m[Kâ€™?
[3.310s]    49 |             [01;31m[Kpose_parameters_[m[K.push_back({static_cast<double>(node.x),
[3.310s]       |             [01;31m[K^~~~~~~~~~~~~~~~[m[K
[3.310s]       |             [32m[Knode_parameters_[m[K
[6.097s] gmake[2]: *** [CMakeFiles/PoseGraphOptimizer.dir/build.make:76: CMakeFiles/PoseGraphOptimizer.dir/src/PoseGraphOptimizer.cpp.o] Error 1
[6.097s] gmake[1]: *** [CMakeFiles/Makefile2:389: CMakeFiles/PoseGraphOptimizer.dir/all] Error 2
[6.097s] gmake: *** [Makefile:146: all] Error 2
[6.103s] Invoked command in '/home/kvothe/ros/build/cppp' returned '2': CMAKE_PREFIX_PATH=/home/kvothe/ros/install/messages:/home/kvothe/ros/install/ros_bringup:/home/kvothe/ros/install/ros_gazebo:/home/kvothe/ros/install/robot_description:/home/kvothe/ros/install/cppp:/home/kvothe/ros/install/soma:/home/kvothe/ros/install/sensor_management:/home/kvothe/ros/install/robot_control:/opt/ros/humble /usr/bin/cmake --build /home/kvothe/ros/build/cppp -- -j12 -l12
