[35m[1mConsolidate compiler generated dependencies of target PoseGraphOptimizer[0m
[ 10%] Built target PreprocessNode
[ 40%] Built target LandmarkTransformermapNode
[ 40%] Built target ScanTransformer
[ 40%] Built target LandmarkGraphNode
[ 50%] Built target LandmarkTransformerNode
[ 65%] [32mBuilding CXX object CMakeFiles/PoseGraphOptimizer.dir/src/PoseGraphOptimizer.cpp.o[0m
[ 75%] Built target HoughLineFittingNode
[ 75%] Built target RansacLineExtractionNode
[ 85%] Built target IncrementalLineFittingNode
[ 95%] Built target ScanAccumulator
[01m[K/home/kvothe/ros/src/cppp/src/PoseGraphOptimizer.cpp:[m[K In constructor â€˜[01m[KPoseLandmarkCost::PoseLandmarkCost(double, double, const std::array<double, 4>&)[m[Kâ€™:
[01m[K/home/kvothe/ros/src/cppp/src/PoseGraphOptimizer.cpp:70:61:[m[K [01;31m[Kerror: [m[Kâ€˜[01m[Kconstraint[m[Kâ€™ was not declared in this scope
   70 |                 cov[i] = std::max(1e-3, static_cast<double>([01;31m[Kconstraint[m[K.covariance[i]));
      |                                                             [01;31m[K^~~~~~~~~~[m[K
[01m[K/home/kvothe/ros/src/cppp/src/PoseGraphOptimizer.cpp:[m[K In constructor â€˜[01m[KLandmarkLandmarkCost::LandmarkLandmarkCost(double, double, const std::array<double, 4>&)[m[Kâ€™:
[01m[K/home/kvothe/ros/src/cppp/src/PoseGraphOptimizer.cpp:119:61:[m[K [01;31m[Kerror: [m[Kâ€˜[01m[Kconstraint[m[Kâ€™ was not declared in this scope
  119 |                 cov[i] = std::max(1e-3, static_cast<double>([01;31m[Kconstraint[m[K.covariance[i]));
      |                                                             [01;31m[K^~~~~~~~~~[m[K
In file included from [01m[K/usr/include/eigen3/Eigen/Core:164[m[K,
                 from [01m[K/usr/include/ceres/internal/fixed_array.h:33[m[K,
                 from [01m[K/usr/include/ceres/internal/array_selector.h:38[m[K,
                 from [01m[K/usr/include/ceres/internal/autodiff.h:148[m[K,
                 from [01m[K/usr/include/ceres/autodiff_cost_function.h:130[m[K,
                 from [01m[K/usr/include/ceres/ceres.h:37[m[K,
                 from [01m[K/home/kvothe/ros/src/cppp/src/PoseGraphOptimizer.cpp:2[m[K:
/usr/include/eigen3/Eigen/src/Core/DenseCoeffsBase.h: In instantiation of â€˜[01m[KEigen::DenseCoeffsBase<Derived, 1>::Scalar& Eigen::DenseCoeffsBase<Derived, 1>::operator[](Eigen::Index) [with Derived = Eigen::Matrix<double, 3, 3>; Eigen::DenseCoeffsBase<Derived, 1>::Scalar = double; Eigen::Index = long int][m[Kâ€™:
[01m[K/home/kvothe/ros/src/cppp/src/PoseGraphOptimizer.cpp:34:22:[m[K   required from here
[01m[K/usr/include/eigen3/Eigen/src/Core/DenseCoeffsBase.h:408:7:[m[K [01;31m[Kerror: [m[Kstatic assertion failed: THE_BRACKET_OPERATOR_IS_ONLY_FOR_VECTORS__USE_THE_PARENTHESIS_OPERATOR_INSTEAD
  408 |       [01;31m[KEIGEN_STATIC_ASSERT[m[K(Derived::IsVectorAtCompileTime,
      |       [01;31m[K^~~~~~~~~~~~~~~~~~~[m[K
[01m[K/usr/include/eigen3/Eigen/src/Core/DenseCoeffsBase.h:408:7:[m[K [01;36m[Knote: [m[Kâ€˜[01m[KEigen::Matrix<double, 3, 3>::IsVectorAtCompileTime[m[Kâ€™ evaluates to false
/usr/include/eigen3/Eigen/src/Core/DenseCoeffsBase.h: In instantiation of â€˜[01m[KEigen::DenseCoeffsBase<Derived, 1>::Scalar& Eigen::DenseCoeffsBase<Derived, 1>::operator[](Eigen::Index) [with Derived = Eigen::Matrix<double, 2, 2>; Eigen::DenseCoeffsBase<Derived, 1>::Scalar = double; Eigen::Index = long int][m[Kâ€™:
[01m[K/home/kvothe/ros/src/cppp/src/PoseGraphOptimizer.cpp:70:22:[m[K   required from here
[01m[K/usr/include/eigen3/Eigen/src/Core/DenseCoeffsBase.h:408:7:[m[K [01;31m[Kerror: [m[Kstatic assertion failed: THE_BRACKET_OPERATOR_IS_ONLY_FOR_VECTORS__USE_THE_PARENTHESIS_OPERATOR_INSTEAD
[01m[K/usr/include/eigen3/Eigen/src/Core/DenseCoeffsBase.h:408:7:[m[K [01;36m[Knote: [m[Kâ€˜[01m[KEigen::Matrix<double, 2, 2>::IsVectorAtCompileTime[m[Kâ€™ evaluates to false
gmake[2]: *** [CMakeFiles/PoseGraphOptimizer.dir/build.make:76: CMakeFiles/PoseGraphOptimizer.dir/src/PoseGraphOptimizer.cpp.o] Error 1
gmake[1]: *** [CMakeFiles/Makefile2:389: CMakeFiles/PoseGraphOptimizer.dir/all] Error 2
gmake: *** [Makefile:146: all] Error 2
