[0.015s] Invoking command in '/home/kvothe/ros/build/cppp': CMAKE_PREFIX_PATH=/home/kvothe/ros/install/messages:/home/kvothe/ros/install/ros_bringup:/home/kvothe/ros/install/ros_gazebo:/home/kvothe/ros/install/robot_description:/home/kvothe/ros/install/cppp:/home/kvothe/ros/install/soma:/home/kvothe/ros/install/sensor_management:/home/kvothe/ros/install/robot_control:/opt/ros/humble /usr/bin/cmake --build /home/kvothe/ros/build/cppp -- -j12 -l12
[0.076s] [35m[1mConsolidate compiler generated dependencies of target PoseGraphOptimizer[0m
[0.090s] [ 10%] Built target PreprocessNode
[0.096s] [ 40%] Built target LandmarkTransformermapNode
[0.096s] [ 40%] Built target ScanTransformer
[0.096s] [ 40%] Built target LandmarkGraphNode
[0.099s] [ 50%] Built target LandmarkTransformerNode
[0.102s] [ 65%] [32mBuilding CXX object CMakeFiles/PoseGraphOptimizer.dir/src/PoseGraphOptimizer.cpp.o[0m
[0.102s] [ 75%] Built target HoughLineFittingNode
[0.102s] [ 75%] Built target RansacLineExtractionNode
[0.102s] [ 85%] Built target IncrementalLineFittingNode
[0.105s] [ 95%] Built target ScanAccumulator
[2.748s] [01m[K/home/kvothe/ros/src/cppp/src/PoseGraphOptimizer.cpp:[m[K In constructor â€˜[01m[KPoseLandmarkCost::PoseLandmarkCost(double, double, const std::array<double, 4>&)[m[Kâ€™:
[2.748s] [01m[K/home/kvothe/ros/src/cppp/src/PoseGraphOptimizer.cpp:70:61:[m[K [01;31m[Kerror: [m[Kâ€˜[01m[Kconstraint[m[Kâ€™ was not declared in this scope
[2.748s]    70 |                 cov[i] = std::max(1e-3, static_cast<double>([01;31m[Kconstraint[m[K.covariance[i]));
[2.749s]       |                                                             [01;31m[K^~~~~~~~~~[m[K
[2.772s] [01m[K/home/kvothe/ros/src/cppp/src/PoseGraphOptimizer.cpp:[m[K In constructor â€˜[01m[KLandmarkLandmarkCost::LandmarkLandmarkCost(double, double, const std::array<double, 4>&)[m[Kâ€™:
[2.773s] [01m[K/home/kvothe/ros/src/cppp/src/PoseGraphOptimizer.cpp:119:61:[m[K [01;31m[Kerror: [m[Kâ€˜[01m[Kconstraint[m[Kâ€™ was not declared in this scope
[2.773s]   119 |                 cov[i] = std::max(1e-3, static_cast<double>([01;31m[Kconstraint[m[K.covariance[i]));
[2.773s]       |                                                             [01;31m[K^~~~~~~~~~[m[K
[3.042s] In file included from [01m[K/usr/include/eigen3/Eigen/Core:164[m[K,
[3.042s]                  from [01m[K/usr/include/ceres/internal/fixed_array.h:33[m[K,
[3.042s]                  from [01m[K/usr/include/ceres/internal/array_selector.h:38[m[K,
[3.042s]                  from [01m[K/usr/include/ceres/internal/autodiff.h:148[m[K,
[3.042s]                  from [01m[K/usr/include/ceres/autodiff_cost_function.h:130[m[K,
[3.042s]                  from [01m[K/usr/include/ceres/ceres.h:37[m[K,
[3.042s]                  from [01m[K/home/kvothe/ros/src/cppp/src/PoseGraphOptimizer.cpp:2[m[K:
[3.043s] /usr/include/eigen3/Eigen/src/Core/DenseCoeffsBase.h: In instantiation of â€˜[01m[KEigen::DenseCoeffsBase<Derived, 1>::Scalar& Eigen::DenseCoeffsBase<Derived, 1>::operator[](Eigen::Index) [with Derived = Eigen::Matrix<double, 3, 3>; Eigen::DenseCoeffsBase<Derived, 1>::Scalar = double; Eigen::Index = long int][m[Kâ€™:
[3.043s] [01m[K/home/kvothe/ros/src/cppp/src/PoseGraphOptimizer.cpp:34:22:[m[K   required from here
[3.043s] [01m[K/usr/include/eigen3/Eigen/src/Core/DenseCoeffsBase.h:408:7:[m[K [01;31m[Kerror: [m[Kstatic assertion failed: THE_BRACKET_OPERATOR_IS_ONLY_FOR_VECTORS__USE_THE_PARENTHESIS_OPERATOR_INSTEAD
[3.043s]   408 |       [01;31m[KEIGEN_STATIC_ASSERT[m[K(Derived::IsVectorAtCompileTime,
[3.043s]       |       [01;31m[K^~~~~~~~~~~~~~~~~~~[m[K
[3.043s] [01m[K/usr/include/eigen3/Eigen/src/Core/DenseCoeffsBase.h:408:7:[m[K [01;36m[Knote: [m[Kâ€˜[01m[KEigen::Matrix<double, 3, 3>::IsVectorAtCompileTime[m[Kâ€™ evaluates to false
[3.043s] /usr/include/eigen3/Eigen/src/Core/DenseCoeffsBase.h: In instantiation of â€˜[01m[KEigen::DenseCoeffsBase<Derived, 1>::Scalar& Eigen::DenseCoeffsBase<Derived, 1>::operator[](Eigen::Index) [with Derived = Eigen::Matrix<double, 2, 2>; Eigen::DenseCoeffsBase<Derived, 1>::Scalar = double; Eigen::Index = long int][m[Kâ€™:
[3.043s] [01m[K/home/kvothe/ros/src/cppp/src/PoseGraphOptimizer.cpp:70:22:[m[K   required from here
[3.043s] [01m[K/usr/include/eigen3/Eigen/src/Core/DenseCoeffsBase.h:408:7:[m[K [01;31m[Kerror: [m[Kstatic assertion failed: THE_BRACKET_OPERATOR_IS_ONLY_FOR_VECTORS__USE_THE_PARENTHESIS_OPERATOR_INSTEAD
[3.044s] [01m[K/usr/include/eigen3/Eigen/src/Core/DenseCoeffsBase.h:408:7:[m[K [01;36m[Knote: [m[Kâ€˜[01m[KEigen::Matrix<double, 2, 2>::IsVectorAtCompileTime[m[Kâ€™ evaluates to false
[9.363s] gmake[2]: *** [CMakeFiles/PoseGraphOptimizer.dir/build.make:76: CMakeFiles/PoseGraphOptimizer.dir/src/PoseGraphOptimizer.cpp.o] Error 1
[9.364s] gmake[1]: *** [CMakeFiles/Makefile2:389: CMakeFiles/PoseGraphOptimizer.dir/all] Error 2
[9.365s] gmake: *** [Makefile:146: all] Error 2
[9.372s] Invoked command in '/home/kvothe/ros/build/cppp' returned '2': CMAKE_PREFIX_PATH=/home/kvothe/ros/install/messages:/home/kvothe/ros/install/ros_bringup:/home/kvothe/ros/install/ros_gazebo:/home/kvothe/ros/install/robot_description:/home/kvothe/ros/install/cppp:/home/kvothe/ros/install/soma:/home/kvothe/ros/install/sensor_management:/home/kvothe/ros/install/robot_control:/opt/ros/humble /usr/bin/cmake --build /home/kvothe/ros/build/cppp -- -j12 -l12
