[0.025s] Invoking command in '/home/kvothe/ros/build/cppp': CMAKE_PREFIX_PATH=/home/kvothe/ros/install/messages:/home/kvothe/ros/install/ros_bringup:/home/kvothe/ros/install/ros_gazebo:/home/kvothe/ros/install/robot_description:/home/kvothe/ros/install/cppp:/home/kvothe/ros/install/soma:/home/kvothe/ros/install/sensor_management:/home/kvothe/ros/install/robot_control:/opt/ros/humble /usr/bin/cmake --build /home/kvothe/ros/build/cppp -- -j12 -l12
[0.082s] -- Found ament_cmake: 1.3.11 (/opt/ros/humble/share/ament_cmake/cmake)
[0.315s] -- Found rclcpp: 16.0.12 (/opt/ros/humble/share/rclcpp/cmake)
[0.374s] -- Found rosidl_generator_c: 3.1.6 (/opt/ros/humble/share/rosidl_generator_c/cmake)
[0.378s] -- Found rosidl_adapter: 3.1.6 (/opt/ros/humble/share/rosidl_adapter/cmake)
[0.386s] -- Found rosidl_generator_cpp: 3.1.6 (/opt/ros/humble/share/rosidl_generator_cpp/cmake)
[0.401s] -- Using all available rosidl_typesupport_c: rosidl_typesupport_fastrtps_c;rosidl_typesupport_introspection_c
[0.419s] -- Using all available rosidl_typesupport_cpp: rosidl_typesupport_fastrtps_cpp;rosidl_typesupport_introspection_cpp
[0.466s] -- Found rmw_implementation_cmake: 6.1.2 (/opt/ros/humble/share/rmw_implementation_cmake/cmake)
[0.468s] -- Found rmw_fastrtps_cpp: 6.2.7 (/opt/ros/humble/share/rmw_fastrtps_cpp/cmake)
[0.665s] -- Using RMW implementation 'rmw_fastrtps_cpp' as default
[0.738s] -- Found sensor_msgs: 4.8.0 (/opt/ros/humble/share/sensor_msgs/cmake)
[0.780s] -- Found nav_msgs: 4.8.0 (/opt/ros/humble/share/nav_msgs/cmake)
[0.804s] -- Found visualization_msgs: 4.8.0 (/opt/ros/humble/share/visualization_msgs/cmake)
[0.832s] -- Found messages: 0.0.0 (/home/kvothe/ros/install/messages/share/messages/cmake)
[0.853s] -- Found rosidl_default_generators: 1.2.0 (/opt/ros/humble/share/rosidl_default_generators/cmake)
[0.890s] -- GTSAM include directory:  /opt/ros/humble/lib/cmake/GTSAM/../../../include
[0.890s] -- Found pcl_conversions: 2.4.5 (/opt/ros/humble/share/pcl_conversions/cmake)
[0.951s] -- Eigen found (include: /usr/include/eigen3, version: 3.4.0)
[1.002s] -- FLANN found (include: /usr/include, lib: /usr/lib/x86_64-linux-gnu/libflann_cpp.so)
[1.523s] -- OpenNI found (version: 1.5.4.0, include: /usr/include/ni, lib: /usr/lib/libOpenNI.so;libusb::libusb)
[1.535s] -- OpenNI2 found (version: 2.2.0.33, include: /usr/include/openni2, lib: /usr/lib/x86_64-linux-gnu/libOpenNI2.so;libusb::libusb)
[1.782s] -- Eigen found (include: /usr/include/eigen3, version: 3.4.0)
[1.792s] -- OpenNI found (version: 1.5.4.0, include: /usr/include/ni, lib: /usr/lib/libOpenNI.so;libusb::libusb)
[1.805s] -- OpenNI2 found (version: 2.2.0.33, include: /usr/include/openni2, lib: /usr/lib/x86_64-linux-gnu/libOpenNI2.so;libusb::libusb)
[2.029s] -- Found Qhull version 8.0.2
[2.265s] -- OpenNI found (version: 1.5.4.0, include: /usr/include/ni, lib: /usr/lib/libOpenNI.so;libusb::libusb)
[2.514s] -- Found tf2: 0.25.12 (/opt/ros/humble/share/tf2/cmake)
[2.520s] -- Found tf2_geometry_msgs: 0.25.12 (/opt/ros/humble/share/tf2_geometry_msgs/cmake)
[2.525s] -- Found eigen3_cmake_module: 0.1.1 (/opt/ros/humble/share/eigen3_cmake_module/cmake)
[2.526s] -- Ensuring Eigen3 include directory is part of orocos-kdl CMake target
[2.636s] -- Found tf2_sensor_msgs: 0.25.12 (/opt/ros/humble/share/tf2_sensor_msgs/cmake)
[2.842s] -- Configuring done
[3.061s] -- Generating done
[3.134s] -- Build files have been written to: /home/kvothe/ros/build/cppp
[3.200s] [35m[1mConsolidate compiler generated dependencies of target PreprocessNode[0m
[3.201s] [35m[1mConsolidate compiler generated dependencies of target ScanAccumulator[0m
[3.202s] [35m[1mConsolidate compiler generated dependencies of target LandmarkTransformermapNode[0m
[3.203s] [35m[1mConsolidate compiler generated dependencies of target IncrementalLineFittingNode[0m
[3.203s] [35m[1mConsolidate compiler generated dependencies of target RansacLineExtractionNode[0m
[3.203s] [35m[1mConsolidate compiler generated dependencies of target HoughLineFittingNode[0m
[3.203s] [35m[1mConsolidate compiler generated dependencies of target LandmarkGraphNode[0m
[3.204s] [35m[1mConsolidate compiler generated dependencies of target PoseGraphOptimizer[0m
[3.205s] [35m[1mConsolidate compiler generated dependencies of target ScanTransformer[0m
[3.205s] [35m[1mConsolidate compiler generated dependencies of target LandmarkTransformerNode[0m
[3.241s] [ 10%] Built target PreprocessNode
[3.244s] [ 30%] Built target LandmarkGraphNode
[3.244s] [ 30%] Built target LandmarkTransformermapNode
[3.245s] [ 35%] [32mBuilding CXX object CMakeFiles/PoseGraphOptimizer.dir/src/PoseGraphOptimizer.cpp.o[0m
[3.247s] [ 45%] Built target LandmarkTransformerNode
[3.248s] [ 55%] Built target ScanTransformer
[3.256s] [ 75%] Built target RansacLineExtractionNode
[3.256s] [ 75%] Built target IncrementalLineFittingNode
[3.260s] [ 95%] Built target ScanAccumulator
[3.260s] [ 95%] Built target HoughLineFittingNode
[3.657s] [01m[K/home/kvothe/ros/src/cppp/src/PoseGraphOptimizer.cpp:4:10:[m[K [01;31m[Kfatal error: [m[Kmessages/msg/optimized_values.hpp: No such file or directory
[3.657s]     4 | #include [01;31m[K<messages/msg/optimized_values.hpp>[m[K
[3.658s]       |          [01;31m[K^~~~~~~~~~~~~~~~~~~~~~~~~~~~~~~~~~~[m[K
[3.658s] compilation terminated.
[3.663s] gmake[2]: *** [CMakeFiles/PoseGraphOptimizer.dir/build.make:76: CMakeFiles/PoseGraphOptimizer.dir/src/PoseGraphOptimizer.cpp.o] Error 1
[3.664s] gmake[1]: *** [CMakeFiles/Makefile2:389: CMakeFiles/PoseGraphOptimizer.dir/all] Error 2
[3.664s] gmake: *** [Makefile:146: all] Error 2
[3.670s] Invoked command in '/home/kvothe/ros/build/cppp' returned '2': CMAKE_PREFIX_PATH=/home/kvothe/ros/install/messages:/home/kvothe/ros/install/ros_bringup:/home/kvothe/ros/install/ros_gazebo:/home/kvothe/ros/install/robot_description:/home/kvothe/ros/install/cppp:/home/kvothe/ros/install/soma:/home/kvothe/ros/install/sensor_management:/home/kvothe/ros/install/robot_control:/opt/ros/humble /usr/bin/cmake --build /home/kvothe/ros/build/cppp -- -j12 -l12
