[0.022s] Invoking command in '/home/kvothe/ros/build/cppp': CMAKE_PREFIX_PATH=/home/kvothe/ros/install/messages:/home/kvothe/ros/install/ros_bringup:/home/kvothe/ros/install/ros_gazebo:/home/kvothe/ros/install/robot_description:/home/kvothe/ros/install/cppp:/home/kvothe/ros/install/soma:/home/kvothe/ros/install/sensor_management:/home/kvothe/ros/install/robot_control:/opt/ros/humble /usr/bin/cmake --build /home/kvothe/ros/build/cppp -- -j12 -l12
[0.265s] -- Found ament_cmake: 1.3.11 (/opt/ros/humble/share/ament_cmake/cmake)
[0.265s] -- Found rclcpp: 16.0.12 (/opt/ros/humble/share/rclcpp/cmake)
[0.266s] -- Found rosidl_generator_c: 3.1.6 (/opt/ros/humble/share/rosidl_generator_c/cmake)
[0.270s] -- Found rosidl_adapter: 3.1.6 (/opt/ros/humble/share/rosidl_adapter/cmake)
[0.278s] -- Found rosidl_generator_cpp: 3.1.6 (/opt/ros/humble/share/rosidl_generator_cpp/cmake)
[0.292s] -- Using all available rosidl_typesupport_c: rosidl_typesupport_fastrtps_c;rosidl_typesupport_introspection_c
[0.308s] -- Using all available rosidl_typesupport_cpp: rosidl_typesupport_fastrtps_cpp;rosidl_typesupport_introspection_cpp
[0.348s] -- Found rmw_implementation_cmake: 6.1.2 (/opt/ros/humble/share/rmw_implementation_cmake/cmake)
[0.350s] -- Found rmw_fastrtps_cpp: 6.2.7 (/opt/ros/humble/share/rmw_fastrtps_cpp/cmake)
[0.483s] -- Using RMW implementation 'rmw_fastrtps_cpp' as default
[0.547s] -- Found sensor_msgs: 4.8.0 (/opt/ros/humble/share/sensor_msgs/cmake)
[0.583s] -- Found nav_msgs: 4.8.0 (/opt/ros/humble/share/nav_msgs/cmake)
[0.601s] -- Found visualization_msgs: 4.8.0 (/opt/ros/humble/share/visualization_msgs/cmake)
[0.624s] -- Found messages: 0.0.0 (/home/kvothe/ros/install/messages/share/messages/cmake)
[0.639s] -- Found rosidl_default_generators: 1.2.0 (/opt/ros/humble/share/rosidl_default_generators/cmake)
[0.648s] -- Found pcl_conversions: 2.4.5 (/opt/ros/humble/share/pcl_conversions/cmake)
[0.692s] -- Eigen found (include: /usr/include/eigen3, version: 3.4.0)
[0.736s] -- FLANN found (include: /usr/include, lib: /usr/lib/x86_64-linux-gnu/libflann_cpp.so)
[1.178s] -- OpenNI found (version: 1.5.4.0, include: /usr/include/ni, lib: /usr/lib/libOpenNI.so;libusb::libusb)
[1.186s] -- OpenNI2 found (version: 2.2.0.33, include: /usr/include/openni2, lib: /usr/lib/x86_64-linux-gnu/libOpenNI2.so;libusb::libusb)
[1.347s] -- Eigen found (include: /usr/include/eigen3, version: 3.4.0)
[1.357s] -- OpenNI found (version: 1.5.4.0, include: /usr/include/ni, lib: /usr/lib/libOpenNI.so;libusb::libusb)
[1.364s] -- OpenNI2 found (version: 2.2.0.33, include: /usr/include/openni2, lib: /usr/lib/x86_64-linux-gnu/libOpenNI2.so;libusb::libusb)
[1.515s] -- Found Qhull version 8.0.2
[1.672s] -- OpenNI found (version: 1.5.4.0, include: /usr/include/ni, lib: /usr/lib/libOpenNI.so;libusb::libusb)
[1.836s] -- Found tf2: 0.25.12 (/opt/ros/humble/share/tf2/cmake)
[1.843s] -- Found tf2_geometry_msgs: 0.25.12 (/opt/ros/humble/share/tf2_geometry_msgs/cmake)
[1.849s] -- Found eigen3_cmake_module: 0.1.1 (/opt/ros/humble/share/eigen3_cmake_module/cmake)
[1.850s] -- Ensuring Eigen3 include directory is part of orocos-kdl CMake target
[1.939s] -- Found tf2_sensor_msgs: 0.25.12 (/opt/ros/humble/share/tf2_sensor_msgs/cmake)
[1.957s] -- Found required Ceres dependency: Eigen version 3.4.0 in /usr/include/eigen3
[1.965s] -- Found required Ceres dependency: glog
[1.966s] -- Found required Ceres dependency: gflags
[1.966s] -- Found Ceres version: 2.0.0 installed in: /usr with components: [EigenSparse, SparseLinearAlgebraLibrary, LAPACK, SuiteSparse, CXSparse, SchurSpecializations, Multithreading]
[2.098s] -- Configuring done
[2.294s] -- Generating done
[2.341s] -- Build files have been written to: /home/kvothe/ros/build/cppp
[2.386s] [35m[1mConsolidate compiler generated dependencies of target PreprocessNode[0m
[2.386s] [35m[1mConsolidate compiler generated dependencies of target LandmarkTransformermapNode[0m
[2.386s] [35m[1mConsolidate compiler generated dependencies of target RansacLineExtractionNode[0m
[2.386s] [35m[1mConsolidate compiler generated dependencies of target IncrementalLineFittingNode[0m
[2.387s] [35m[1mConsolidate compiler generated dependencies of target ScanAccumulator[0m
[2.388s] [35m[1mConsolidate compiler generated dependencies of target HoughLineFittingNode[0m
[2.388s] [35m[1mConsolidate compiler generated dependencies of target LandmarkGraphNode[0m
[2.389s] [35m[1mConsolidate compiler generated dependencies of target LandmarkTransformerNode[0m
[2.389s] [35m[1mConsolidate compiler generated dependencies of target ScanTransformer[0m
[2.401s] [  5%] [32mBuilding CXX object CMakeFiles/PoseGraphOptimizer.dir/src/PoseGraphOptimizer.cpp.o[0m
[2.412s] [ 15%] Built target PreprocessNode
[2.415s] [ 45%] Built target ScanTransformer
[2.415s] [ 45%] Built target LandmarkGraphNode
[2.415s] [ 45%] Built target LandmarkTransformermapNode
[2.417s] [ 55%] Built target LandmarkTransformerNode
[2.422s] [ 85%] Built target IncrementalLineFittingNode
[2.422s] [ 85%] Built target RansacLineExtractionNode
[2.422s] [ 85%] Built target HoughLineFittingNode
[2.424s] [ 95%] Built target ScanAccumulator
[2.708s] In file included from [01m[K/usr/include/ceres/internal/array_selector.h:38[m[K,
[2.708s]                  from [01m[K/usr/include/ceres/internal/autodiff.h:148[m[K,
[2.708s]                  from [01m[K/usr/include/ceres/autodiff_cost_function.h:130[m[K,
[2.708s]                  from [01m[K/usr/include/ceres/ceres.h:37[m[K,
[2.708s]                  from [01m[K/home/kvothe/ros/src/cppp/src/PoseGraphOptimizer.cpp:2[m[K:
[2.708s] [01m[K/usr/include/ceres/internal/fixed_array.h:33:10:[m[K [01;31m[Kfatal error: [m[KEigen/Core: No such file or directory
[2.708s]    33 | #include [01;31m[K<Eigen/Core>[m[K  // For Eigen::aligned_allocator
[2.709s]       |          [01;31m[K^~~~~~~~~~~~[m[K
[2.709s] compilation terminated.
[2.712s] gmake[2]: *** [CMakeFiles/PoseGraphOptimizer.dir/build.make:76: CMakeFiles/PoseGraphOptimizer.dir/src/PoseGraphOptimizer.cpp.o] Error 1
[2.712s] gmake[1]: *** [CMakeFiles/Makefile2:389: CMakeFiles/PoseGraphOptimizer.dir/all] Error 2
[2.713s] gmake: *** [Makefile:146: all] Error 2
[2.719s] Invoked command in '/home/kvothe/ros/build/cppp' returned '2': CMAKE_PREFIX_PATH=/home/kvothe/ros/install/messages:/home/kvothe/ros/install/ros_bringup:/home/kvothe/ros/install/ros_gazebo:/home/kvothe/ros/install/robot_description:/home/kvothe/ros/install/cppp:/home/kvothe/ros/install/soma:/home/kvothe/ros/install/sensor_management:/home/kvothe/ros/install/robot_control:/opt/ros/humble /usr/bin/cmake --build /home/kvothe/ros/build/cppp -- -j12 -l12
