[0.021s] Invoking command in '/home/kvothe/ros/build/cppp': CMAKE_PREFIX_PATH=/home/kvothe/ros/install/messages:/home/kvothe/ros/install/ros_bringup:/home/kvothe/ros/install/ros_gazebo:/home/kvothe/ros/install/robot_description:/home/kvothe/ros/install/cppp:/home/kvothe/ros/install/soma:/home/kvothe/ros/install/sensor_management:/home/kvothe/ros/install/robot_control:/opt/ros/humble /usr/bin/cmake --build /home/kvothe/ros/build/cppp -- -j12 -l12
[0.292s] [ 10%] Built target PreprocessNode
[0.292s] [ 30%] Built target LandmarkTransformermapNode
[0.292s] [ 30%] [32mBuilding CXX object CMakeFiles/PoseGraphOptimizer.dir/src/PoseGraphOptimizer.cpp.o[0m
[0.292s] [ 35%] Built target ScanTransformer
[0.292s] [ 45%] Built target LandmarkGraphNode
[0.292s] [ 55%] Built target LandmarkTransformerNode
[0.293s] [ 85%] Built target RansacLineExtractionNode
[0.294s] [ 85%] Built target HoughLineFittingNode
[0.294s] [ 85%] Built target IncrementalLineFittingNode
[0.294s] [ 95%] Built target ScanAccumulator
[3.473s] [01m[K/home/kvothe/ros/src/cppp/src/PoseGraphOptimizer.cpp:[m[K In member function â€˜[01m[Kvoid PoseGraphOptimizer::optimizeGraph()[m[Kâ€™:
[3.473s] [01m[K/home/kvothe/ros/src/cppp/src/PoseGraphOptimizer.cpp:286:29:[m[K [01;31m[Kerror: [m[Kno matching function for call to â€˜[01m[Kceres::Problem::Evaluate()[m[Kâ€™
[3.473s]   286 |             [01;31m[Kproblem.Evaluate()[m[K;
[3.473s]       |             [01;31m[K~~~~~~~~~~~~~~~~^~[m[K
[3.473s] In file included from [01m[K/usr/include/ceres/ceres.h:60[m[K,
[3.473s]                  from [01m[K/home/kvothe/ros/src/cppp/src/PoseGraphOptimizer.cpp:2[m[K:
[3.473s] [01m[K/usr/include/ceres/problem.h:482:8:[m[K [01;36m[Knote: [m[Kcandidate: â€˜[01m[Kbool ceres::Problem::Evaluate(const ceres::Problem::EvaluateOptions&, double*, std::vector<double, std::allocator<double> >*, std::vector<double, std::allocator<double> >*, ceres::CRSMatrix*)[m[Kâ€™
[3.473s]   482 |   bool [01;36m[KEvaluate[m[K(const EvaluateOptions& options,
[3.473s]       |        [01;36m[K^~~~~~~~[m[K
[3.473s] [01m[K/usr/include/ceres/problem.h:482:8:[m[K [01;36m[Knote: [m[K  candidate expects 5 arguments, 0 provided
[11.145s] gmake[2]: *** [CMakeFiles/PoseGraphOptimizer.dir/build.make:76: CMakeFiles/PoseGraphOptimizer.dir/src/PoseGraphOptimizer.cpp.o] Error 1
[11.145s] gmake[1]: *** [CMakeFiles/Makefile2:389: CMakeFiles/PoseGraphOptimizer.dir/all] Error 2
[11.145s] gmake: *** [Makefile:146: all] Error 2
[11.149s] Invoked command in '/home/kvothe/ros/build/cppp' returned '2': CMAKE_PREFIX_PATH=/home/kvothe/ros/install/messages:/home/kvothe/ros/install/ros_bringup:/home/kvothe/ros/install/ros_gazebo:/home/kvothe/ros/install/robot_description:/home/kvothe/ros/install/cppp:/home/kvothe/ros/install/soma:/home/kvothe/ros/install/sensor_management:/home/kvothe/ros/install/robot_control:/opt/ros/humble /usr/bin/cmake --build /home/kvothe/ros/build/cppp -- -j12 -l12
