[0.018s] Invoking command in '/home/kvothe/ros/build/cppp': CMAKE_PREFIX_PATH=/home/kvothe/ros/install/messages:/home/kvothe/ros/install/ros_bringup:/home/kvothe/ros/install/ros_gazebo:/home/kvothe/ros/install/robot_description:/home/kvothe/ros/install/cppp:/home/kvothe/ros/install/soma:/home/kvothe/ros/install/sensor_management:/home/kvothe/ros/install/robot_control:/opt/ros/humble /usr/bin/cmake --build /home/kvothe/ros/build/cppp -- -j12 -l12
[0.254s] -- Found ament_cmake: 1.3.11 (/opt/ros/humble/share/ament_cmake/cmake)
[0.254s] -- Found rclcpp: 16.0.12 (/opt/ros/humble/share/rclcpp/cmake)
[0.255s] -- Found rosidl_generator_c: 3.1.6 (/opt/ros/humble/share/rosidl_generator_c/cmake)
[0.255s] -- Found rosidl_adapter: 3.1.6 (/opt/ros/humble/share/rosidl_adapter/cmake)
[0.259s] -- Found rosidl_generator_cpp: 3.1.6 (/opt/ros/humble/share/rosidl_generator_cpp/cmake)
[0.268s] -- Using all available rosidl_typesupport_c: rosidl_typesupport_fastrtps_c;rosidl_typesupport_introspection_c
[0.279s] -- Using all available rosidl_typesupport_cpp: rosidl_typesupport_fastrtps_cpp;rosidl_typesupport_introspection_cpp
[0.307s] -- Found rmw_implementation_cmake: 6.1.2 (/opt/ros/humble/share/rmw_implementation_cmake/cmake)
[0.308s] -- Found rmw_fastrtps_cpp: 6.2.7 (/opt/ros/humble/share/rmw_fastrtps_cpp/cmake)
[0.428s] -- Using RMW implementation 'rmw_fastrtps_cpp' as default
[0.471s] -- Found sensor_msgs: 4.8.0 (/opt/ros/humble/share/sensor_msgs/cmake)
[0.496s] -- Found nav_msgs: 4.8.0 (/opt/ros/humble/share/nav_msgs/cmake)
[0.510s] -- Found visualization_msgs: 4.8.0 (/opt/ros/humble/share/visualization_msgs/cmake)
[0.527s] -- Found messages: 0.0.0 (/home/kvothe/ros/install/messages/share/messages/cmake)
[0.540s] -- Found rosidl_default_generators: 1.2.0 (/opt/ros/humble/share/rosidl_default_generators/cmake)
[0.547s] -- Found pcl_conversions: 2.4.5 (/opt/ros/humble/share/pcl_conversions/cmake)
[0.583s] -- Eigen found (include: /usr/include/eigen3, version: 3.4.0)
[0.618s] -- FLANN found (include: /usr/include, lib: /usr/lib/x86_64-linux-gnu/libflann_cpp.so)
[0.974s] -- OpenNI found (version: 1.5.4.0, include: /usr/include/ni, lib: /usr/lib/libOpenNI.so;libusb::libusb)
[0.983s] -- OpenNI2 found (version: 2.2.0.33, include: /usr/include/openni2, lib: /usr/lib/x86_64-linux-gnu/libOpenNI2.so;libusb::libusb)
[1.167s] -- Eigen found (include: /usr/include/eigen3, version: 3.4.0)
[1.176s] -- OpenNI found (version: 1.5.4.0, include: /usr/include/ni, lib: /usr/lib/libOpenNI.so;libusb::libusb)
[1.185s] -- OpenNI2 found (version: 2.2.0.33, include: /usr/include/openni2, lib: /usr/lib/x86_64-linux-gnu/libOpenNI2.so;libusb::libusb)
[1.334s] -- Found Qhull version 8.0.2
[1.486s] -- OpenNI found (version: 1.5.4.0, include: /usr/include/ni, lib: /usr/lib/libOpenNI.so;libusb::libusb)
[1.650s] -- Found tf2: 0.25.12 (/opt/ros/humble/share/tf2/cmake)
[1.653s] -- Found tf2_geometry_msgs: 0.25.12 (/opt/ros/humble/share/tf2_geometry_msgs/cmake)
[1.656s] -- Found eigen3_cmake_module: 0.1.1 (/opt/ros/humble/share/eigen3_cmake_module/cmake)
[1.657s] -- Ensuring Eigen3 include directory is part of orocos-kdl CMake target
[1.724s] -- Found tf2_sensor_msgs: 0.25.12 (/opt/ros/humble/share/tf2_sensor_msgs/cmake)
[1.856s] -- Configuring done
[1.996s] -- Generating done
[2.044s] -- Build files have been written to: /home/kvothe/ros/build/cppp
[2.089s] [35m[1mConsolidate compiler generated dependencies of target LandmarkTransformermapNode[0m
[2.091s] [35m[1mConsolidate compiler generated dependencies of target IncrementalLineFittingNode[0m
[2.091s] [35m[1mConsolidate compiler generated dependencies of target PreprocessNode[0m
[2.091s] [35m[1mConsolidate compiler generated dependencies of target ScanTransformer[0m
[2.091s] [35m[1mConsolidate compiler generated dependencies of target RansacLineExtractionNode[0m
[2.092s] [35m[1mConsolidate compiler generated dependencies of target LandmarkTransformerNode[0m
[2.092s] [35m[1mConsolidate compiler generated dependencies of target LandmarkGraphNode[0m
[2.093s] [35m[1mConsolidate compiler generated dependencies of target HoughLineFittingNode[0m
[2.093s] [35m[1mConsolidate compiler generated dependencies of target ScanAccumulator[0m
[2.093s] [35m[1mConsolidate compiler generated dependencies of target PoseGraphOptimizer[0m
[2.115s] [  5%] [32mBuilding CXX object CMakeFiles/PreprocessNode.dir/src/PreprocessNode.cpp.o[0m
[2.116s] [ 10%] [32mBuilding CXX object CMakeFiles/LandmarkTransformermapNode.dir/src/LandmarkTransformermapNode.cpp.o[0m
[2.120s] [ 15%] [32mBuilding CXX object CMakeFiles/LandmarkGraphNode.dir/src/LandmarkGraphNode.cpp.o[0m
[2.121s] [ 20%] [32mBuilding CXX object CMakeFiles/LandmarkTransformerNode.dir/src/LandmarkTransformerNode.cpp.o[0m
[2.123s] [ 25%] [32mBuilding CXX object CMakeFiles/IncrementalLineFittingNode.dir/src/IncrementalLineFittingNode.cpp.o[0m
[2.125s] [ 30%] [32mBuilding CXX object CMakeFiles/ScanTransformer.dir/src/ScanTransformer.cpp.o[0m
[2.128s] [ 35%] [32mBuilding CXX object CMakeFiles/RansacLineExtractionNode.dir/src/RansacLineExtractionNode.cpp.o[0m
[2.132s] [ 40%] [32mBuilding CXX object CMakeFiles/HoughLineFittingNode.dir/src/HoughLineFittingNode.cpp.o[0m
[2.139s] [ 45%] [32mBuilding CXX object CMakeFiles/ScanAccumulator.dir/src/ScanAccumulator.cpp.o[0m
[2.140s] [ 50%] [32mBuilding CXX object CMakeFiles/PoseGraphOptimizer.dir/src/PoseGraphOptimizer.cpp.o[0m
[3.335s] [01m[K/home/kvothe/ros/src/cppp/src/PoseGraphOptimizer.cpp:13:10:[m[K [01;31m[Kfatal error: [m[Kgtsam/noiseModel/Diagonal.h: No such file or directory
[3.339s]    13 | #include [01;31m[K<gtsam/noiseModel/Diagonal.h>[m[K
[3.339s]       |          [01;31m[K^~~~~~~~~~~~~~~~~~~~~~~~~~~~~[m[K
[3.339s] compilation terminated.
[3.356s] gmake[2]: *** [CMakeFiles/PoseGraphOptimizer.dir/build.make:76: CMakeFiles/PoseGraphOptimizer.dir/src/PoseGraphOptimizer.cpp.o] Error 1
[3.357s] gmake[1]: *** [CMakeFiles/Makefile2:389: CMakeFiles/PoseGraphOptimizer.dir/all] Error 2
[3.357s] gmake[1]: *** Waiting for unfinished jobs....
