[01m[K/home/kvothe/ros/src/optim/src/test_ceres.cpp:3:10:[m[K [01;31m[Kfatal error: [m[Kstd_msgs/msg/float64.hpp: No such file or directory
    3 | #include [01;31m[K<std_msgs/msg/float64.hpp>[m[K
      |          [01;31m[K^~~~~~~~~~~~~~~~~~~~~~~~~~[m[K
compilation terminated.
gmake[2]: *** [CMakeFiles/test_ceres.dir/build.make:76: CMakeFiles/test_ceres.dir/src/test_ceres.cpp.o] Error 1
gmake[1]: *** [CMakeFiles/Makefile2:137: CMakeFiles/test_ceres.dir/all] Error 2
gmake: *** [Makefile:146: all] Error 2
