[0.010s] Invoking command in '/home/kvothe/ros/build/optim': CMAKE_PREFIX_PATH=${CMAKE_PREFIX_PATH}:/home/kvothe/ros/install/soma:/home/kvothe/ros/install/sensor_management:/home/kvothe/ros/install/robot_control:/opt/ros/humble /usr/bin/cmake --build /home/kvothe/ros/build/optim -- -j12 -l12
[0.037s] -- Found ament_cmake: 1.3.11 (/opt/ros/humble/share/ament_cmake/cmake)
[0.184s] -- Found required Ceres dependency: Eigen version 3.4.0 in /usr/include/eigen3
[0.189s] -- Found required Ceres dependency: glog
[0.190s] -- Found required Ceres dependency: gflags
[0.191s] -- Found Ceres version: 2.0.0 installed in: /usr with components: [EigenSparse, SparseLinearAlgebraLibrary, LAPACK, SuiteSparse, CXSparse, SchurSpecializations, Multithreading]
[0.193s] -- Found rclcpp: 16.0.11 (/opt/ros/humble/share/rclcpp/cmake)
[0.229s] -- Found rosidl_generator_c: 3.1.6 (/opt/ros/humble/share/rosidl_generator_c/cmake)
[0.231s] -- Found rosidl_adapter: 3.1.6 (/opt/ros/humble/share/rosidl_adapter/cmake)
[0.237s] -- Found rosidl_generator_cpp: 3.1.6 (/opt/ros/humble/share/rosidl_generator_cpp/cmake)
[0.245s] -- Using all available rosidl_typesupport_c: rosidl_typesupport_fastrtps_c;rosidl_typesupport_introspection_c
[0.256s] -- Using all available rosidl_typesupport_cpp: rosidl_typesupport_fastrtps_cpp;rosidl_typesupport_introspection_cpp
[0.284s] -- Found rmw_implementation_cmake: 6.1.2 (/opt/ros/humble/share/rmw_implementation_cmake/cmake)
[0.285s] -- Found rmw_fastrtps_cpp: 6.2.7 (/opt/ros/humble/share/rmw_fastrtps_cpp/cmake)
[0.407s] -- Using RMW implementation 'rmw_fastrtps_cpp' as default
[0.523s] -- Configuring done
[0.533s] -- Generating done
[0.537s] -- Build files have been written to: /home/kvothe/ros/build/optim
[0.574s] [ 50%] [32mBuilding CXX object CMakeFiles/test_ceres.dir/src/test_ceres.cpp.o[0m
[0.998s] [01m[K/home/kvothe/ros/src/optim/src/test_ceres.cpp:3:10:[m[K [01;31m[Kfatal error: [m[Kstd_msgs/msg/float64.hpp: No such file or directory
[0.998s]     3 | #include [01;31m[K<std_msgs/msg/float64.hpp>[m[K
[0.998s]       |          [01;31m[K^~~~~~~~~~~~~~~~~~~~~~~~~~[m[K
[0.998s] compilation terminated.
[1.005s] gmake[2]: *** [CMakeFiles/test_ceres.dir/build.make:76: CMakeFiles/test_ceres.dir/src/test_ceres.cpp.o] Error 1
[1.006s] gmake[1]: *** [CMakeFiles/Makefile2:137: CMakeFiles/test_ceres.dir/all] Error 2
[1.006s] gmake: *** [Makefile:146: all] Error 2
[1.012s] Invoked command in '/home/kvothe/ros/build/optim' returned '2': CMAKE_PREFIX_PATH=${CMAKE_PREFIX_PATH}:/home/kvothe/ros/install/soma:/home/kvothe/ros/install/sensor_management:/home/kvothe/ros/install/robot_control:/opt/ros/humble /usr/bin/cmake --build /home/kvothe/ros/build/optim -- -j12 -l12
